2023-11-24 00:27:15.158 [info] Log level: Info
2023-11-24 00:27:15.158 [info] Validating found git in: "git"
2023-11-24 00:27:15.158 [info] Using git "2.25.1" from "git"
2023-11-24 00:27:15.158 [info] > git rev-parse --show-toplevel [9ms]
2023-11-24 00:27:15.158 [info] > git rev-parse --git-dir --git-common-dir [1ms]
2023-11-24 00:27:15.158 [info] Open repository: /home/codeally/project
2023-11-24 00:27:15.158 [info] > git rev-parse --show-toplevel [3ms]
2023-11-24 00:27:15.158 [info] > git config --get commit.template [8ms]
2023-11-24 00:27:15.158 [info] > git rev-parse --show-toplevel [6ms]
2023-11-24 00:27:15.158 [info] > git for-each-ref --format=%(refname)%00%(upstream:short)%00%(objectname)%00%(upstream:track)%00%(upstream:remotename)%00%(upstream:remoteref) refs/heads/master refs/remotes/master [9ms]
2023-11-24 00:27:15.180 [info] > git status -z -uall [24ms]
2023-11-24 00:27:15.194 [info] > git config --get commit.template [4ms]
2023-11-24 00:27:15.195 [info] > git for-each-ref --format=%(refname)%00%(upstream:short)%00%(objectname)%00%(upstream:track)%00%(upstream:remotename)%00%(upstream:remoteref) refs/heads/master refs/remotes/master [1ms]
2023-11-24 00:27:15.199 [info] > git status -z -uall [2ms]
2023-11-24 00:27:33.477 [info] > git config --get commit.template [11ms]
2023-11-24 00:27:33.478 [info] > git for-each-ref --format=%(refname)%00%(upstream:short)%00%(objectname)%00%(upstream:track)%00%(upstream:remotename)%00%(upstream:remoteref) refs/heads/master refs/remotes/master [2ms]
2023-11-24 00:27:33.491 [info] > git status -z -uall [7ms]
2023-11-24 00:28:08.798 [info] > git config --get commit.template [7ms]
2023-11-24 00:28:08.799 [info] > git for-each-ref --format=%(refname)%00%(upstream:short)%00%(objectname)%00%(upstream:track)%00%(upstream:remotename)%00%(upstream:remoteref) refs/heads/master refs/remotes/master [3ms]
2023-11-24 00:28:08.805 [info] > git status -z -uall [2ms]
2023-11-24 00:30:27.152 [info] > git config --get commit.template [5ms]
2023-11-24 00:30:27.153 [info] > git for-each-ref --format=%(refname)%00%(upstream:short)%00%(objectname)%00%(upstream:track)%00%(upstream:remotename)%00%(upstream:remoteref) refs/heads/master refs/remotes/master [1ms]
2023-11-24 00:30:27.159 [info] > git status -z -uall [2ms]
2023-11-24 00:30:32.184 [info] > git config --get commit.template [6ms]
2023-11-24 00:30:32.185 [info] > git for-each-ref --format=%(refname)%00%(upstream:short)%00%(objectname)%00%(upstream:track)%00%(upstream:remotename)%00%(upstream:remoteref) refs/heads/master refs/remotes/master [1ms]
2023-11-24 00:30:32.190 [info] > git status -z -uall [2ms]
2023-11-24 00:30:37.206 [info] > git config --get commit.template [5ms]
2023-11-24 00:30:37.207 [info] > git for-each-ref --format=%(refname)%00%(upstream:short)%00%(objectname)%00%(upstream:track)%00%(upstream:remotename)%00%(upstream:remoteref) refs/heads/master refs/remotes/master [1ms]
2023-11-24 00:30:37.212 [info] > git status -z -uall [2ms]
2023-11-24 00:30:42.230 [info] > git config --get commit.template [5ms]
2023-11-24 00:30:42.230 [info] > git for-each-ref --format=%(refname)%00%(upstream:short)%00%(objectname)%00%(upstream:track)%00%(upstream:remotename)%00%(upstream:remoteref) refs/heads/master refs/remotes/master [1ms]
2023-11-24 00:30:42.236 [info] > git status -z -uall [2ms]
2023-11-24 02:57:19.295 [info] > git config --get commit.template [7ms]
2023-11-24 02:57:19.296 [info] > git for-each-ref --format=%(refname)%00%(upstream:short)%00%(objectname)%00%(upstream:track)%00%(upstream:remotename)%00%(upstream:remoteref) refs/heads/master refs/remotes/master [3ms]
2023-11-24 02:57:19.311 [info] > git status -z -uall [9ms]
2023-11-24 02:58:20.047 [info] > git config --get commit.template [2ms]
2023-11-24 02:58:20.052 [info] > git for-each-ref --format=%(refname)%00%(upstream:short)%00%(objectname)%00%(upstream:track)%00%(upstream:remotename)%00%(upstream:remoteref) refs/heads/master refs/remotes/master [2ms]
2023-11-24 02:58:20.057 [info] > git status -z -uall [2ms]
2023-11-24 03:20:53.950 [info] > git config --get commit.template [7ms]
2023-11-24 03:20:53.951 [info] > git for-each-ref --format=%(refname)%00%(upstream:short)%00%(objectname)%00%(upstream:track)%00%(upstream:remotename)%00%(upstream:remoteref) refs/heads/master refs/remotes/master [2ms]
2023-11-24 03:20:53.959 [info] > git status -z -uall [3ms]
2023-11-24 03:22:57.483 [info] > git config --get commit.template [12ms]
2023-11-24 03:22:57.484 [info] > git for-each-ref --format=%(refname)%00%(upstream:short)%00%(objectname)%00%(upstream:track)%00%(upstream:remotename)%00%(upstream:remoteref) refs/heads/master refs/remotes/master [2ms]
2023-11-24 03:22:57.493 [info] > git status -z -uall [2ms]
2023-11-24 05:05:02.893 [info] > git config --get commit.template [7ms]
2023-11-24 05:05:02.894 [info] > git for-each-ref --format=%(refname)%00%(upstream:short)%00%(objectname)%00%(upstream:track)%00%(upstream:remotename)%00%(upstream:remoteref) refs/heads/master refs/remotes/master [3ms]
2023-11-24 05:05:02.908 [info] > git status -z -uall [10ms]
2023-11-24 05:09:16.952 [info] > git config --get commit.template [6ms]
2023-11-24 05:09:16.953 [info] > git for-each-ref --format=%(refname)%00%(upstream:short)%00%(objectname)%00%(upstream:track)%00%(upstream:remotename)%00%(upstream:remoteref) refs/heads/master refs/remotes/master [2ms]
2023-11-24 05:09:16.960 [info] > git status -z -uall [2ms]
2023-11-24 05:10:31.864 [info] > git config --get commit.template [1ms]
2023-11-24 05:10:31.869 [info] > git for-each-ref --format=%(refname)%00%(upstream:short)%00%(objectname)%00%(upstream:track)%00%(upstream:remotename)%00%(upstream:remoteref) refs/heads/master refs/remotes/master [1ms]
2023-11-24 05:10:31.875 [info] > git status -z -uall [1ms]
2023-11-24 05:10:37.954 [info] > git config --get commit.template [5ms]
2023-11-24 05:10:37.954 [info] > git for-each-ref --format=%(refname)%00%(upstream:short)%00%(objectname)%00%(upstream:track)%00%(upstream:remotename)%00%(upstream:remoteref) refs/heads/master refs/remotes/master [1ms]
2023-11-24 05:10:37.959 [info] > git status -z -uall [1ms]
2023-11-24 05:10:43.324 [info] > git config --get commit.template [7ms]
2023-11-24 05:10:43.325 [info] > git for-each-ref --format=%(refname)%00%(upstream:short)%00%(objectname)%00%(upstream:track)%00%(upstream:remotename)%00%(upstream:remoteref) refs/heads/master refs/remotes/master [2ms]
2023-11-24 05:10:43.333 [info] > git status -z -uall [2ms]
2023-11-24 05:10:48.345 [info] > git config --get commit.template [1ms]
2023-11-24 05:10:48.350 [info] > git for-each-ref --format=%(refname)%00%(upstream:short)%00%(objectname)%00%(upstream:track)%00%(upstream:remotename)%00%(upstream:remoteref) refs/heads/master refs/remotes/master [1ms]
2023-11-24 05:10:48.356 [info] > git status -z -uall [2ms]
2023-11-24 05:10:56.578 [info] > git config --get commit.template [6ms]
2023-11-24 05:10:56.579 [info] > git for-each-ref --format=%(refname)%00%(upstream:short)%00%(objectname)%00%(upstream:track)%00%(upstream:remotename)%00%(upstream:remoteref) refs/heads/master refs/remotes/master [2ms]
2023-11-24 05:10:56.584 [info] > git status -z -uall [2ms]
2023-11-24 05:11:43.613 [info] > git config --get commit.template [7ms]
2023-11-24 05:11:43.613 [info] > git for-each-ref --format=%(refname)%00%(upstream:short)%00%(objectname)%00%(upstream:track)%00%(upstream:remotename)%00%(upstream:remoteref) refs/heads/master refs/remotes/master [1ms]
2023-11-24 05:11:43.622 [info] > git status -z -uall [2ms]
2023-11-24 05:12:05.671 [info] > git config --get commit.template [5ms]
2023-11-24 05:12:05.671 [info] > git for-each-ref --format=%(refname)%00%(upstream:short)%00%(objectname)%00%(upstream:track)%00%(upstream:remotename)%00%(upstream:remoteref) refs/heads/master refs/remotes/master [0ms]
2023-11-24 05:12:05.677 [info] > git status -z -uall [2ms]
2023-11-24 05:13:41.618 [info] > git check-ignore -v -z --stdin [1ms]
2023-11-24 05:14:53.688 [info] > git config --get commit.template [4ms]
2023-11-24 05:14:53.688 [info] > git for-each-ref --format=%(refname)%00%(upstream:short)%00%(objectname)%00%(upstream:track)%00%(upstream:remotename)%00%(upstream:remoteref) refs/heads/master refs/remotes/master [1ms]
2023-11-24 05:14:53.694 [info] > git status -z -uall [1ms]
2023-11-24 05:15:09.426 [info] > git config --get commit.template [5ms]
2023-11-24 05:15:09.426 [info] > git for-each-ref --format=%(refname)%00%(upstream:short)%00%(objectname)%00%(upstream:track)%00%(upstream:remotename)%00%(upstream:remoteref) refs/heads/master refs/remotes/master [1ms]
2023-11-24 05:15:09.432 [info] > git status -z -uall [2ms]
2023-11-24 05:15:22.776 [info] > git config --get commit.template [5ms]
2023-11-24 05:15:22.776 [info] > git for-each-ref --format=%(refname)%00%(upstream:short)%00%(objectname)%00%(upstream:track)%00%(upstream:remotename)%00%(upstream:remoteref) refs/heads/master refs/remotes/master [1ms]
2023-11-24 05:15:22.782 [info] > git status -z -uall [2ms]
2023-11-24 05:15:30.481 [info] > git config --get commit.template [4ms]
2023-11-24 05:15:30.482 [info] > git for-each-ref --format=%(refname)%00%(upstream:short)%00%(objectname)%00%(upstream:track)%00%(upstream:remotename)%00%(upstream:remoteref) refs/heads/master refs/remotes/master [1ms]
2023-11-24 05:15:30.488 [info] > git status -z -uall [1ms]
2023-11-24 05:15:50.448 [info] > git config --get commit.template [5ms]
2023-11-24 05:15:50.449 [info] > git for-each-ref --format=%(refname)%00%(upstream:short)%00%(objectname)%00%(upstream:track)%00%(upstream:remotename)%00%(upstream:remoteref) refs/heads/master refs/remotes/master [1ms]
2023-11-24 05:15:50.456 [info] > git status -z -uall [2ms]
2023-11-24 05:16:00.186 [info] > git config --get commit.template [5ms]
2023-11-24 05:16:00.187 [info] > git for-each-ref --format=%(refname)%00%(upstream:short)%00%(objectname)%00%(upstream:track)%00%(upstream:remotename)%00%(upstream:remoteref) refs/heads/master refs/remotes/master [1ms]
2023-11-24 05:16:00.193 [info] > git status -z -uall [2ms]
2023-11-24 05:16:05.208 [info] > git config --get commit.template [5ms]
2023-11-24 05:16:05.209 [info] > git for-each-ref --format=%(refname)%00%(upstream:short)%00%(objectname)%00%(upstream:track)%00%(upstream:remotename)%00%(upstream:remoteref) refs/heads/master refs/remotes/master [1ms]
2023-11-24 05:16:05.223 [info] > git status -z -uall [1ms]
2023-11-24 05:16:23.132 [info] > git config --get commit.template [6ms]
2023-11-24 05:16:23.133 [info] > git for-each-ref --format=%(refname)%00%(upstream:short)%00%(objectname)%00%(upstream:track)%00%(upstream:remotename)%00%(upstream:remoteref) refs/heads/master refs/remotes/master [1ms]
2023-11-24 05:16:23.143 [info] > git status -z -uall [2ms]
2023-11-24 05:21:40.899 [info] > git config --get commit.template [8ms]
2023-11-24 05:21:40.900 [info] > git for-each-ref --format=%(refname)%00%(upstream:short)%00%(objectname)%00%(upstream:track)%00%(upstream:remotename)%00%(upstream:remoteref) refs/heads/master refs/remotes/master [2ms]
2023-11-24 05:21:40.908 [info] > git status -z -uall [3ms]
2023-11-24 05:21:45.927 [info] > git config --get commit.template [1ms]
2023-11-24 05:21:45.932 [info] > git for-each-ref --format=%(refname)%00%(upstream:short)%00%(objectname)%00%(upstream:track)%00%(upstream:remotename)%00%(upstream:remoteref) refs/heads/master refs/remotes/master [1ms]
2023-11-24 05:21:45.942 [info] > git status -z -uall [2ms]
2023-11-24 05:28:33.069 [info] > git config --get commit.template [5ms]
2023-11-24 05:28:33.070 [info] > git for-each-ref --format=%(refname)%00%(upstream:short)%00%(objectname)%00%(upstream:track)%00%(upstream:remotename)%00%(upstream:remoteref) refs/heads/master refs/remotes/master [1ms]
2023-11-24 05:28:33.087 [info] > git status -z -uall [2ms]
2023-11-24 05:28:38.103 [info] > git config --get commit.template [5ms]
2023-11-24 05:28:38.104 [info] > git for-each-ref --format=%(refname)%00%(upstream:short)%00%(objectname)%00%(upstream:track)%00%(upstream:remotename)%00%(upstream:remoteref) refs/heads/master refs/remotes/master [1ms]
2023-11-24 05:28:38.123 [info] > git status -z -uall [2ms]
2023-11-24 05:29:12.385 [info] > git config --get commit.template [6ms]
2023-11-24 05:29:12.385 [info] > git for-each-ref --format=%(refname)%00%(upstream:short)%00%(objectname)%00%(upstream:track)%00%(upstream:remotename)%00%(upstream:remoteref) refs/heads/master refs/remotes/master [1ms]
2023-11-24 05:29:12.391 [info] > git status -z -uall [2ms]
2023-11-24 05:29:30.403 [info] > git config --get commit.template [6ms]
2023-11-24 05:29:30.403 [info] > git for-each-ref --format=%(refname)%00%(upstream:short)%00%(objectname)%00%(upstream:track)%00%(upstream:remotename)%00%(upstream:remoteref) refs/heads/master refs/remotes/master [1ms]
2023-11-24 05:29:30.409 [info] > git status -z -uall [2ms]
2023-11-24 05:31:21.871 [info] > git config --get commit.template [4ms]
2023-11-24 05:31:21.871 [info] > git for-each-ref --format=%(refname)%00%(upstream:short)%00%(objectname)%00%(upstream:track)%00%(upstream:remotename)%00%(upstream:remoteref) refs/heads/master refs/remotes/master [1ms]
2023-11-24 05:31:21.878 [info] > git status -z -uall [2ms]
2023-11-24 05:31:34.452 [info] > git config --get commit.template [5ms]
2023-11-24 05:31:34.452 [info] > git for-each-ref --format=%(refname)%00%(upstream:short)%00%(objectname)%00%(upstream:track)%00%(upstream:remotename)%00%(upstream:remoteref) refs/heads/master refs/remotes/master [1ms]
2023-11-24 05:31:34.458 [info] > git status -z -uall [2ms]
2023-11-24 05:32:04.823 [info] > git config --get commit.template [5ms]
2023-11-24 05:32:04.824 [info] > git for-each-ref --format=%(refname)%00%(upstream:short)%00%(objectname)%00%(upstream:track)%00%(upstream:remotename)%00%(upstream:remoteref) refs/heads/master refs/remotes/master [1ms]
2023-11-24 05:32:04.829 [info] > git status -z -uall [2ms]
2023-11-24 05:32:12.038 [info] > git config --get commit.template [5ms]
2023-11-24 05:32:12.039 [info] > git for-each-ref --format=%(refname)%00%(upstream:short)%00%(objectname)%00%(upstream:track)%00%(upstream:remotename)%00%(upstream:remoteref) refs/heads/master refs/remotes/master [1ms]
2023-11-24 05:32:12.045 [info] > git status -z -uall [2ms]
2023-11-24 05:35:43.662 [info] > git config --get commit.template [1ms]
2023-11-24 05:35:43.669 [info] > git for-each-ref --format=%(refname)%00%(upstream:short)%00%(objectname)%00%(upstream:track)%00%(upstream:remotename)%00%(upstream:remoteref) refs/heads/master refs/remotes/master [2ms]
2023-11-24 05:35:43.677 [info] > git status -z -uall [2ms]
2023-11-24 05:35:48.696 [info] > git config --get commit.template [6ms]
2023-11-24 05:35:48.697 [info] > git for-each-ref --format=%(refname)%00%(upstream:short)%00%(objectname)%00%(upstream:track)%00%(upstream:remotename)%00%(upstream:remoteref) refs/heads/master refs/remotes/master [1ms]
2023-11-24 05:35:48.702 [info] > git status -z -uall [1ms]
2023-11-24 05:36:06.947 [info] > git config --get commit.template [8ms]
2023-11-24 05:36:06.947 [info] > git for-each-ref --format=%(refname)%00%(upstream:short)%00%(objectname)%00%(upstream:track)%00%(upstream:remotename)%00%(upstream:remoteref) refs/heads/master refs/remotes/master [2ms]
2023-11-24 05:36:06.954 [info] > git status -z -uall [2ms]
2023-11-24 05:36:14.115 [info] > git config --get commit.template [5ms]
2023-11-24 05:36:14.116 [info] > git for-each-ref --format=%(refname)%00%(upstream:short)%00%(objectname)%00%(upstream:track)%00%(upstream:remotename)%00%(upstream:remoteref) refs/heads/master refs/remotes/master [1ms]
2023-11-24 05:36:14.122 [info] > git status -z -uall [1ms]
2023-11-24 05:37:33.902 [info] > git config --get commit.template [1ms]
2023-11-24 05:37:33.908 [info] > git for-each-ref --format=%(refname)%00%(upstream:short)%00%(objectname)%00%(upstream:track)%00%(upstream:remotename)%00%(upstream:remoteref) refs/heads/master refs/remotes/master [1ms]
2023-11-24 05:37:33.914 [info] > git status -z -uall [2ms]
2023-11-24 05:37:38.928 [info] > git config --get commit.template [5ms]
2023-11-24 05:37:38.929 [info] > git for-each-ref --format=%(refname)%00%(upstream:short)%00%(objectname)%00%(upstream:track)%00%(upstream:remotename)%00%(upstream:remoteref) refs/heads/master refs/remotes/master [1ms]
2023-11-24 05:37:38.935 [info] > git status -z -uall [1ms]
2023-11-24 05:41:16.362 [info] > git config --get commit.template [9ms]
2023-11-24 05:41:16.362 [info] > git for-each-ref --format=%(refname)%00%(upstream:short)%00%(objectname)%00%(upstream:track)%00%(upstream:remotename)%00%(upstream:remoteref) refs/heads/master refs/remotes/master [1ms]
2023-11-24 05:41:16.370 [info] > git status -z -uall [2ms]
2023-11-24 05:41:21.400 [info] > git config --get commit.template [9ms]
2023-11-24 05:41:21.400 [info] > git for-each-ref --format=%(refname)%00%(upstream:short)%00%(objectname)%00%(upstream:track)%00%(upstream:remotename)%00%(upstream:remoteref) refs/heads/master refs/remotes/master [1ms]
2023-11-24 05:41:21.406 [info] > git status -z -uall [2ms]
2023-11-24 05:56:41.878 [info] > git config --get commit.template [0ms]
2023-11-24 05:56:41.884 [info] > git for-each-ref --format=%(refname)%00%(upstream:short)%00%(objectname)%00%(upstream:track)%00%(upstream:remotename)%00%(upstream:remoteref) refs/heads/master refs/remotes/master [2ms]
2023-11-24 05:56:41.890 [info] > git status -z -uall [2ms]
2023-11-24 05:56:46.919 [info] > git config --get commit.template [8ms]
2023-11-24 05:56:46.920 [info] > git for-each-ref --format=%(refname)%00%(upstream:short)%00%(objectname)%00%(upstream:track)%00%(upstream:remotename)%00%(upstream:remoteref) refs/heads/master refs/remotes/master [2ms]
2023-11-24 05:56:46.928 [info] > git status -z -uall [3ms]
2023-11-24 06:00:10.330 [info] > git config --get commit.template [5ms]
2023-11-24 06:00:10.331 [info] > git for-each-ref --format=%(refname)%00%(upstream:short)%00%(objectname)%00%(upstream:track)%00%(upstream:remotename)%00%(upstream:remoteref) refs/heads/master refs/remotes/master [1ms]
2023-11-24 06:00:10.337 [info] > git status -z -uall [1ms]
2023-11-24 06:00:25.424 [info] > git config --get commit.template [9ms]
2023-11-24 06:00:25.425 [info] > git for-each-ref --format=%(refname)%00%(upstream:short)%00%(objectname)%00%(upstream:track)%00%(upstream:remotename)%00%(upstream:remoteref) refs/heads/master refs/remotes/master [2ms]
2023-11-24 06:00:25.431 [info] > git status -z -uall [2ms]
2023-11-24 06:01:51.312 [info] > git config --get commit.template [0ms]
2023-11-24 06:01:51.317 [info] > git for-each-ref --format=%(refname)%00%(upstream:short)%00%(objectname)%00%(upstream:track)%00%(upstream:remotename)%00%(upstream:remoteref) refs/heads/master refs/remotes/master [1ms]
2023-11-24 06:01:51.323 [info] > git status -z -uall [2ms]
2023-11-24 06:01:58.878 [info] > git config --get commit.template [5ms]
2023-11-24 06:01:58.878 [info] > git for-each-ref --format=%(refname)%00%(upstream:short)%00%(objectname)%00%(upstream:track)%00%(upstream:remotename)%00%(upstream:remoteref) refs/heads/master refs/remotes/master [1ms]
2023-11-24 06:01:58.890 [info] > git status -z -uall [8ms]
2023-11-24 06:04:12.264 [info] > git config --get commit.template [5ms]
2023-11-24 06:04:12.264 [info] > git for-each-ref --format=%(refname)%00%(upstream:short)%00%(objectname)%00%(upstream:track)%00%(upstream:remotename)%00%(upstream:remoteref) refs/heads/master refs/remotes/master [1ms]
2023-11-24 06:04:12.272 [info] > git status -z -uall [2ms]
2023-11-24 06:04:20.265 [info] > git config --get commit.template [7ms]
2023-11-24 06:04:20.265 [info] > git for-each-ref --format=%(refname)%00%(upstream:short)%00%(objectname)%00%(upstream:track)%00%(upstream:remotename)%00%(upstream:remoteref) refs/heads/master refs/remotes/master [2ms]
2023-11-24 06:04:20.271 [info] > git status -z -uall [1ms]
2023-11-24 06:06:38.600 [info] > git config --get commit.template [2ms]
2023-11-24 06:06:38.606 [info] > git for-each-ref --format=%(refname)%00%(upstream:short)%00%(objectname)%00%(upstream:track)%00%(upstream:remotename)%00%(upstream:remoteref) refs/heads/master refs/remotes/master [2ms]
2023-11-24 06:06:38.612 [info] > git status -z -uall [2ms]
2023-11-24 06:06:43.630 [info] > git config --get commit.template [5ms]
2023-11-24 06:06:43.630 [info] > git for-each-ref --format=%(refname)%00%(upstream:short)%00%(objectname)%00%(upstream:track)%00%(upstream:remotename)%00%(upstream:remoteref) refs/heads/master refs/remotes/master [1ms]
2023-11-24 06:06:43.636 [info] > git status -z -uall [2ms]
2023-11-24 06:07:05.120 [info] > git config --get commit.template [6ms]
2023-11-24 06:07:05.121 [info] > git for-each-ref --format=%(refname)%00%(upstream:short)%00%(objectname)%00%(upstream:track)%00%(upstream:remotename)%00%(upstream:remoteref) refs/heads/master refs/remotes/master [1ms]
2023-11-24 06:07:05.126 [info] > git status -z -uall [1ms]
2023-11-24 06:07:17.307 [info] > git config --get commit.template [5ms]
2023-11-24 06:07:17.308 [info] > git for-each-ref --format=%(refname)%00%(upstream:short)%00%(objectname)%00%(upstream:track)%00%(upstream:remotename)%00%(upstream:remoteref) refs/heads/master refs/remotes/master [1ms]
2023-11-24 06:07:17.315 [info] > git status -z -uall [2ms]
2023-11-24 06:08:55.156 [info] > git config --get commit.template [2ms]
2023-11-24 06:08:55.161 [info] > git for-each-ref --format=%(refname)%00%(upstream:short)%00%(objectname)%00%(upstream:track)%00%(upstream:remotename)%00%(upstream:remoteref) refs/heads/master refs/remotes/master [1ms]
2023-11-24 06:08:55.167 [info] > git status -z -uall [2ms]
2023-11-24 06:09:08.967 [info] > git config --get commit.template [10ms]
2023-11-24 06:09:08.968 [info] > git for-each-ref --format=%(refname)%00%(upstream:short)%00%(objectname)%00%(upstream:track)%00%(upstream:remotename)%00%(upstream:remoteref) refs/heads/master refs/remotes/master [2ms]
2023-11-24 06:09:08.978 [info] > git status -z -uall [3ms]
2023-11-24 06:10:16.897 [info] > git config --get commit.template [1ms]
2023-11-24 06:10:16.904 [info] > git for-each-ref --format=%(refname)%00%(upstream:short)%00%(objectname)%00%(upstream:track)%00%(upstream:remotename)%00%(upstream:remoteref) refs/heads/master refs/remotes/master [1ms]
2023-11-24 06:10:16.912 [info] > git status -z -uall [3ms]
2023-11-24 06:10:21.931 [info] > git config --get commit.template [5ms]
2023-11-24 06:10:21.931 [info] > git for-each-ref --format=%(refname)%00%(upstream:short)%00%(objectname)%00%(upstream:track)%00%(upstream:remotename)%00%(upstream:remoteref) refs/heads/master refs/remotes/master [1ms]
2023-11-24 06:10:21.937 [info] > git status -z -uall [2ms]
2023-11-24 06:10:50.977 [info] > git config --get commit.template [5ms]
2023-11-24 06:10:50.977 [info] > git for-each-ref --format=%(refname)%00%(upstream:short)%00%(objectname)%00%(upstream:track)%00%(upstream:remotename)%00%(upstream:remoteref) refs/heads/master refs/remotes/master [1ms]
2023-11-24 06:10:50.983 [info] > git status -z -uall [2ms]
2023-11-24 06:10:56.001 [info] > git config --get commit.template [5ms]
2023-11-24 06:10:56.001 [info] > git for-each-ref --format=%(refname)%00%(upstream:short)%00%(objectname)%00%(upstream:track)%00%(upstream:remotename)%00%(upstream:remoteref) refs/heads/master refs/remotes/master [1ms]
2023-11-24 06:10:56.019 [info] > git status -z -uall [1ms]
2023-11-24 06:12:36.763 [info] > git config --get commit.template [5ms]
2023-11-24 06:12:36.764 [info] > git for-each-ref --format=%(refname)%00%(upstream:short)%00%(objectname)%00%(upstream:track)%00%(upstream:remotename)%00%(upstream:remoteref) refs/heads/master refs/remotes/master [1ms]
2023-11-24 06:12:36.771 [info] > git status -z -uall [2ms]
2023-11-24 06:12:41.786 [info] > git config --get commit.template [5ms]
2023-11-24 06:12:41.787 [info] > git for-each-ref --format=%(refname)%00%(upstream:short)%00%(objectname)%00%(upstream:track)%00%(upstream:remotename)%00%(upstream:remoteref) refs/heads/master refs/remotes/master [1ms]
2023-11-24 06:12:41.793 [info] > git status -z -uall [2ms]
2023-11-24 06:12:49.751 [info] > git config --get commit.template [2ms]
2023-11-24 06:12:49.756 [info] > git for-each-ref --format=%(refname)%00%(upstream:short)%00%(objectname)%00%(upstream:track)%00%(upstream:remotename)%00%(upstream:remoteref) refs/heads/master refs/remotes/master [1ms]
2023-11-24 06:12:49.762 [info] > git status -z -uall [2ms]
2023-11-24 06:12:59.461 [info] > git config --get commit.template [5ms]
2023-11-24 06:12:59.461 [info] > git for-each-ref --format=%(refname)%00%(upstream:short)%00%(objectname)%00%(upstream:track)%00%(upstream:remotename)%00%(upstream:remoteref) refs/heads/master refs/remotes/master [1ms]
2023-11-24 06:12:59.467 [info] > git status -z -uall [2ms]
2023-11-24 06:14:48.956 [info] > git config --get commit.template [7ms]
2023-11-24 06:14:48.956 [info] > git for-each-ref --format=%(refname)%00%(upstream:short)%00%(objectname)%00%(upstream:track)%00%(upstream:remotename)%00%(upstream:remoteref) refs/heads/master refs/remotes/master [1ms]
2023-11-24 06:14:48.965 [info] > git status -z -uall [3ms]
2023-11-24 06:14:53.983 [info] > git config --get commit.template [5ms]
2023-11-24 06:14:53.984 [info] > git for-each-ref --format=%(refname)%00%(upstream:short)%00%(objectname)%00%(upstream:track)%00%(upstream:remotename)%00%(upstream:remoteref) refs/heads/master refs/remotes/master [1ms]
2023-11-24 06:14:53.990 [info] > git status -z -uall [2ms]
2023-11-24 06:16:51.081 [info] > git config --get commit.template [7ms]
2023-11-24 06:16:51.081 [info] > git for-each-ref --format=%(refname)%00%(upstream:short)%00%(objectname)%00%(upstream:track)%00%(upstream:remotename)%00%(upstream:remoteref) refs/heads/master refs/remotes/master [2ms]
2023-11-24 06:16:51.089 [info] > git status -z -uall [2ms]
2023-11-24 06:16:56.103 [info] > git config --get commit.template [4ms]
2023-11-24 06:16:56.103 [info] > git for-each-ref --format=%(refname)%00%(upstream:short)%00%(objectname)%00%(upstream:track)%00%(upstream:remotename)%00%(upstream:remoteref) refs/heads/master refs/remotes/master [1ms]
2023-11-24 06:16:56.109 [info] > git status -z -uall [2ms]
2023-11-24 06:17:59.689 [info] > git config --get commit.template [6ms]
2023-11-24 06:17:59.689 [info] > git for-each-ref --format=%(refname)%00%(upstream:short)%00%(objectname)%00%(upstream:track)%00%(upstream:remotename)%00%(upstream:remoteref) refs/heads/master refs/remotes/master [1ms]
2023-11-24 06:17:59.696 [info] > git status -z -uall [2ms]
2023-11-24 06:18:08.638 [info] > git config --get commit.template [5ms]
2023-11-24 06:18:08.638 [info] > git for-each-ref --format=%(refname)%00%(upstream:short)%00%(objectname)%00%(upstream:track)%00%(upstream:remotename)%00%(upstream:remoteref) refs/heads/master refs/remotes/master [1ms]
2023-11-24 06:18:08.644 [info] > git status -z -uall [1ms]
2023-11-24 06:19:11.591 [info] > git config --get commit.template [8ms]
2023-11-24 06:19:11.591 [info] > git for-each-ref --format=%(refname)%00%(upstream:short)%00%(objectname)%00%(upstream:track)%00%(upstream:remotename)%00%(upstream:remoteref) refs/heads/master refs/remotes/master [2ms]
2023-11-24 06:19:11.600 [info] > git status -z -uall [2ms]
2023-11-24 06:19:22.884 [info] > git config --get commit.template [5ms]
2023-11-24 06:19:22.885 [info] > git for-each-ref --format=%(refname)%00%(upstream:short)%00%(objectname)%00%(upstream:track)%00%(upstream:remotename)%00%(upstream:remoteref) refs/heads/master refs/remotes/master [1ms]
2023-11-24 06:19:22.891 [info] > git status -z -uall [2ms]
2023-11-24 06:19:55.134 [info] > git config --get commit.template [1ms]
2023-11-24 06:19:55.140 [info] > git for-each-ref --format=%(refname)%00%(upstream:short)%00%(objectname)%00%(upstream:track)%00%(upstream:remotename)%00%(upstream:remoteref) refs/heads/master refs/remotes/master [1ms]
2023-11-24 06:19:55.147 [info] > git status -z -uall [2ms]
2023-11-24 06:20:00.735 [info] > git config --get commit.template [1ms]
2023-11-24 06:20:00.741 [info] > git for-each-ref --format=%(refname)%00%(upstream:short)%00%(objectname)%00%(upstream:track)%00%(upstream:remotename)%00%(upstream:remoteref) refs/heads/master refs/remotes/master [2ms]
2023-11-24 06:20:00.748 [info] > git status -z -uall [2ms]
2023-11-24 06:20:12.942 [info] > git config --get commit.template [6ms]
2023-11-24 06:20:12.943 [info] > git for-each-ref --format=%(refname)%00%(upstream:short)%00%(objectname)%00%(upstream:track)%00%(upstream:remotename)%00%(upstream:remoteref) refs/heads/master refs/remotes/master [1ms]
2023-11-24 06:20:12.951 [info] > git status -z -uall [2ms]
2023-11-24 06:20:17.967 [info] > git config --get commit.template [5ms]
2023-11-24 06:20:17.968 [info] > git for-each-ref --format=%(refname)%00%(upstream:short)%00%(objectname)%00%(upstream:track)%00%(upstream:remotename)%00%(upstream:remoteref) refs/heads/master refs/remotes/master [1ms]
2023-11-24 06:20:17.974 [info] > git status -z -uall [2ms]
2023-11-24 06:21:30.508 [info] > git config --get commit.template [8ms]
2023-11-24 06:21:30.509 [info] > git for-each-ref --format=%(refname)%00%(upstream:short)%00%(objectname)%00%(upstream:track)%00%(upstream:remotename)%00%(upstream:remoteref) refs/heads/master refs/remotes/master [2ms]
2023-11-24 06:21:30.518 [info] > git status -z -uall [3ms]
2023-11-24 06:21:35.537 [info] > git config --get commit.template [5ms]
2023-11-24 06:21:35.538 [info] > git for-each-ref --format=%(refname)%00%(upstream:short)%00%(objectname)%00%(upstream:track)%00%(upstream:remotename)%00%(upstream:remoteref) refs/heads/master refs/remotes/master [1ms]
2023-11-24 06:21:35.544 [info] > git status -z -uall [2ms]
2023-11-24 06:22:09.000 [info] > git config --get commit.template [5ms]
2023-11-24 06:22:09.000 [info] > git for-each-ref --format=%(refname)%00%(upstream:short)%00%(objectname)%00%(upstream:track)%00%(upstream:remotename)%00%(upstream:remoteref) refs/heads/master refs/remotes/master [1ms]
2023-11-24 06:22:09.006 [info] > git status -z -uall [2ms]
2023-11-24 06:22:14.783 [info] > git config --get commit.template [5ms]
2023-11-24 06:22:14.783 [info] > git for-each-ref --format=%(refname)%00%(upstream:short)%00%(objectname)%00%(upstream:track)%00%(upstream:remotename)%00%(upstream:remoteref) refs/heads/master refs/remotes/master [1ms]
2023-11-24 06:22:14.790 [info] > git status -z -uall [2ms]
2023-11-24 06:24:26.025 [info] > git config --get commit.template [6ms]
2023-11-24 06:24:26.026 [info] > git for-each-ref --format=%(refname)%00%(upstream:short)%00%(objectname)%00%(upstream:track)%00%(upstream:remotename)%00%(upstream:remoteref) refs/heads/master refs/remotes/master [1ms]
2023-11-24 06:24:26.034 [info] > git status -z -uall [3ms]
2023-11-24 06:24:31.058 [info] > git config --get commit.template [5ms]
2023-11-24 06:24:31.059 [info] > git for-each-ref --format=%(refname)%00%(upstream:short)%00%(objectname)%00%(upstream:track)%00%(upstream:remotename)%00%(upstream:remoteref) refs/heads/master refs/remotes/master [1ms]
2023-11-24 06:24:31.065 [info] > git status -z -uall [2ms]
2023-11-24 06:26:44.789 [info] > git config --get commit.template [6ms]
2023-11-24 06:26:44.789 [info] > git for-each-ref --format=%(refname)%00%(upstream:short)%00%(objectname)%00%(upstream:track)%00%(upstream:remotename)%00%(upstream:remoteref) refs/heads/master refs/remotes/master [1ms]
2023-11-24 06:26:44.796 [info] > git status -z -uall [2ms]
2023-11-24 06:26:49.811 [info] > git config --get commit.template [6ms]
2023-11-24 06:26:49.812 [info] > git for-each-ref --format=%(refname)%00%(upstream:short)%00%(objectname)%00%(upstream:track)%00%(upstream:remotename)%00%(upstream:remoteref) refs/heads/master refs/remotes/master [1ms]
2023-11-24 06:26:49.819 [info] > git status -z -uall [2ms]
2023-11-24 06:27:31.903 [info] > git config --get commit.template [5ms]
2023-11-24 06:27:31.904 [info] > git for-each-ref --format=%(refname)%00%(upstream:short)%00%(objectname)%00%(upstream:track)%00%(upstream:remotename)%00%(upstream:remoteref) refs/heads/master refs/remotes/master [1ms]
2023-11-24 06:27:31.910 [info] > git status -z -uall [2ms]
2023-11-24 06:27:52.647 [info] > git config --get commit.template [5ms]
2023-11-24 06:27:52.648 [info] > git for-each-ref --format=%(refname)%00%(upstream:short)%00%(objectname)%00%(upstream:track)%00%(upstream:remotename)%00%(upstream:remoteref) refs/heads/master refs/remotes/master [1ms]
2023-11-24 06:27:52.654 [info] > git status -z -uall [1ms]
2023-11-24 06:28:33.426 [info] > git for-each-ref --format=%(refname)%00%(upstream:short)%00%(objectname)%00%(upstream:track)%00%(upstream:remotename)%00%(upstream:remoteref) refs/heads/master refs/remotes/master [2ms]
2023-11-24 06:28:33.426 [info] > git config --get commit.template [8ms]
2023-11-24 06:28:33.434 [info] > git status -z -uall [2ms]
2023-11-24 06:28:46.351 [info] > git config --get commit.template [4ms]
2023-11-24 06:28:46.351 [info] > git for-each-ref --format=%(refname)%00%(upstream:short)%00%(objectname)%00%(upstream:track)%00%(upstream:remotename)%00%(upstream:remoteref) refs/heads/master refs/remotes/master [1ms]
2023-11-24 06:28:46.357 [info] > git status -z -uall [2ms]
2023-11-24 06:36:45.727 [info] > git config --get commit.template [6ms]
2023-11-24 06:36:45.728 [info] > git for-each-ref --format=%(refname)%00%(upstream:short)%00%(objectname)%00%(upstream:track)%00%(upstream:remotename)%00%(upstream:remoteref) refs/heads/master refs/remotes/master [1ms]
2023-11-24 06:36:45.734 [info] > git status -z -uall [2ms]
2023-11-24 06:36:50.755 [info] > git config --get commit.template [9ms]
2023-11-24 06:36:50.756 [info] > git for-each-ref --format=%(refname)%00%(upstream:short)%00%(objectname)%00%(upstream:track)%00%(upstream:remotename)%00%(upstream:remoteref) refs/heads/master refs/remotes/master [2ms]
2023-11-24 06:36:50.766 [info] > git status -z -uall [3ms]
2023-11-24 06:37:14.040 [info] > git config --get commit.template [6ms]
2023-11-24 06:37:14.040 [info] > git for-each-ref --format=%(refname)%00%(upstream:short)%00%(objectname)%00%(upstream:track)%00%(upstream:remotename)%00%(upstream:remoteref) refs/heads/master refs/remotes/master [1ms]
2023-11-24 06:37:14.048 [info] > git status -z -uall [2ms]
2023-11-24 06:37:19.067 [info] > git config --get commit.template [5ms]
2023-11-24 06:37:19.067 [info] > git for-each-ref --format=%(refname)%00%(upstream:short)%00%(objectname)%00%(upstream:track)%00%(upstream:remotename)%00%(upstream:remoteref) refs/heads/master refs/remotes/master [1ms]
2023-11-24 06:37:19.073 [info] > git status -z -uall [2ms]
2023-11-24 06:38:12.020 [info] > git config --get commit.template [2ms]
2023-11-24 06:38:12.026 [info] > git for-each-ref --format=%(refname)%00%(upstream:short)%00%(objectname)%00%(upstream:track)%00%(upstream:remotename)%00%(upstream:remoteref) refs/heads/master refs/remotes/master [1ms]
2023-11-24 06:38:12.033 [info] > git status -z -uall [2ms]
2023-11-24 06:38:17.051 [info] > git config --get commit.template [6ms]
2023-11-24 06:38:17.052 [info] > git for-each-ref --format=%(refname)%00%(upstream:short)%00%(objectname)%00%(upstream:track)%00%(upstream:remotename)%00%(upstream:remoteref) refs/heads/master refs/remotes/master [2ms]
2023-11-24 06:38:17.057 [info] > git status -z -uall [1ms]
2023-11-24 06:38:28.885 [info] > git config --get commit.template [5ms]
2023-11-24 06:38:28.886 [info] > git for-each-ref --format=%(refname)%00%(upstream:short)%00%(objectname)%00%(upstream:track)%00%(upstream:remotename)%00%(upstream:remoteref) refs/heads/master refs/remotes/master [1ms]
2023-11-24 06:38:28.892 [info] > git status -z -uall [2ms]
2023-11-24 06:38:33.911 [info] > git config --get commit.template [1ms]
2023-11-24 06:38:33.917 [info] > git for-each-ref --format=%(refname)%00%(upstream:short)%00%(objectname)%00%(upstream:track)%00%(upstream:remotename)%00%(upstream:remoteref) refs/heads/master refs/remotes/master [1ms]
2023-11-24 06:38:33.924 [info] > git status -z -uall [2ms]
2023-11-24 06:43:27.209 [info] > git config --get commit.template [5ms]
2023-11-24 06:43:27.210 [info] > git for-each-ref --format=%(refname)%00%(upstream:short)%00%(objectname)%00%(upstream:track)%00%(upstream:remotename)%00%(upstream:remoteref) refs/heads/master refs/remotes/master [1ms]
2023-11-24 06:43:27.216 [info] > git status -z -uall [2ms]
2023-11-24 06:43:32.238 [info] > git config --get commit.template [6ms]
2023-11-24 06:43:32.239 [info] > git for-each-ref --format=%(refname)%00%(upstream:short)%00%(objectname)%00%(upstream:track)%00%(upstream:remotename)%00%(upstream:remoteref) refs/heads/master refs/remotes/master [0ms]
2023-11-24 06:43:32.244 [info] > git status -z -uall [1ms]
2023-11-24 06:43:37.262 [info] > git config --get commit.template [5ms]
2023-11-24 06:43:37.262 [info] > git for-each-ref --format=%(refname)%00%(upstream:short)%00%(objectname)%00%(upstream:track)%00%(upstream:remotename)%00%(upstream:remoteref) refs/heads/master refs/remotes/master [1ms]
2023-11-24 06:43:37.268 [info] > git status -z -uall [2ms]
2023-11-24 06:43:42.289 [info] > git config --get commit.template [7ms]
2023-11-24 06:43:42.289 [info] > git for-each-ref --format=%(refname)%00%(upstream:short)%00%(objectname)%00%(upstream:track)%00%(upstream:remotename)%00%(upstream:remoteref) refs/heads/master refs/remotes/master [1ms]
2023-11-24 06:43:42.296 [info] > git status -z -uall [2ms]
2023-11-24 06:43:47.314 [info] > git config --get commit.template [5ms]
2023-11-24 06:43:47.315 [info] > git for-each-ref --format=%(refname)%00%(upstream:short)%00%(objectname)%00%(upstream:track)%00%(upstream:remotename)%00%(upstream:remoteref) refs/heads/master refs/remotes/master [1ms]
2023-11-24 06:43:47.321 [info] > git status -z -uall [2ms]
2023-11-24 06:43:52.338 [info] > git config --get commit.template [6ms]
2023-11-24 06:43:52.338 [info] > git for-each-ref --format=%(refname)%00%(upstream:short)%00%(objectname)%00%(upstream:track)%00%(upstream:remotename)%00%(upstream:remoteref) refs/heads/master refs/remotes/master [1ms]
2023-11-24 06:43:52.346 [info] > git status -z -uall [2ms]
2023-11-24 06:43:57.364 [info] > git for-each-ref --format=%(refname)%00%(upstream:short)%00%(objectname)%00%(upstream:track)%00%(upstream:remotename)%00%(upstream:remoteref) refs/heads/master refs/remotes/master [1ms]
2023-11-24 06:43:57.364 [info] > git config --get commit.template [6ms]
2023-11-24 06:43:57.370 [info] > git status -z -uall [1ms]
2023-11-24 06:44:02.388 [info] > git config --get commit.template [5ms]
2023-11-24 06:44:02.388 [info] > git for-each-ref --format=%(refname)%00%(upstream:short)%00%(objectname)%00%(upstream:track)%00%(upstream:remotename)%00%(upstream:remoteref) refs/heads/master refs/remotes/master [1ms]
2023-11-24 06:44:02.394 [info] > git status -z -uall [2ms]
2023-11-24 06:44:07.413 [info] > git config --get commit.template [7ms]
2023-11-24 06:44:07.413 [info] > git for-each-ref --format=%(refname)%00%(upstream:short)%00%(objectname)%00%(upstream:track)%00%(upstream:remotename)%00%(upstream:remoteref) refs/heads/master refs/remotes/master [1ms]
2023-11-24 06:44:07.420 [info] > git status -z -uall [2ms]
2023-11-24 06:44:15.304 [info] > git config --get commit.template [5ms]
2023-11-24 06:44:15.304 [info] > git for-each-ref --format=%(refname)%00%(upstream:short)%00%(objectname)%00%(upstream:track)%00%(upstream:remotename)%00%(upstream:remoteref) refs/heads/master refs/remotes/master [1ms]
2023-11-24 06:44:15.310 [info] > git status -z -uall [2ms]
2023-11-24 06:44:20.328 [info] > git config --get commit.template [5ms]
2023-11-24 06:44:20.328 [info] > git for-each-ref --format=%(refname)%00%(upstream:short)%00%(objectname)%00%(upstream:track)%00%(upstream:remotename)%00%(upstream:remoteref) refs/heads/master refs/remotes/master [1ms]
2023-11-24 06:44:20.334 [info] > git status -z -uall [2ms]
2023-11-24 06:44:40.000 [info] > git config --get commit.template [6ms]
2023-11-24 06:44:40.001 [info] > git for-each-ref --format=%(refname)%00%(upstream:short)%00%(objectname)%00%(upstream:track)%00%(upstream:remotename)%00%(upstream:remoteref) refs/heads/master refs/remotes/master [1ms]
2023-11-24 06:44:40.008 [info] > git status -z -uall [2ms]
2023-11-24 06:44:45.026 [info] > git config --get commit.template [5ms]
2023-11-24 06:44:45.027 [info] > git for-each-ref --format=%(refname)%00%(upstream:short)%00%(objectname)%00%(upstream:track)%00%(upstream:remotename)%00%(upstream:remoteref) refs/heads/master refs/remotes/master [1ms]
2023-11-24 06:44:45.033 [info] > git status -z -uall [2ms]
2023-11-24 06:44:50.052 [info] > git config --get commit.template [5ms]
2023-11-24 06:44:50.052 [info] > git for-each-ref --format=%(refname)%00%(upstream:short)%00%(objectname)%00%(upstream:track)%00%(upstream:remotename)%00%(upstream:remoteref) refs/heads/master refs/remotes/master [1ms]
2023-11-24 06:44:50.058 [info] > git status -z -uall [2ms]
2023-11-24 06:44:55.075 [info] > git config --get commit.template [5ms]
2023-11-24 06:44:55.076 [info] > git for-each-ref --format=%(refname)%00%(upstream:short)%00%(objectname)%00%(upstream:track)%00%(upstream:remotename)%00%(upstream:remoteref) refs/heads/master refs/remotes/master [1ms]
2023-11-24 06:44:55.081 [info] > git status -z -uall [1ms]
2023-11-24 06:45:00.348 [info] > git config --get commit.template [5ms]
2023-11-24 06:45:00.349 [info] > git for-each-ref --format=%(refname)%00%(upstream:short)%00%(objectname)%00%(upstream:track)%00%(upstream:remotename)%00%(upstream:remoteref) refs/heads/master refs/remotes/master [1ms]
2023-11-24 06:45:00.356 [info] > git status -z -uall [2ms]
2023-11-24 06:45:05.369 [info] > git config --get commit.template [5ms]
2023-11-24 06:45:05.370 [info] > git for-each-ref --format=%(refname)%00%(upstream:short)%00%(objectname)%00%(upstream:track)%00%(upstream:remotename)%00%(upstream:remoteref) refs/heads/master refs/remotes/master [1ms]
2023-11-24 06:45:05.376 [info] > git status -z -uall [2ms]
2023-11-24 06:45:10.394 [info] > git for-each-ref --format=%(refname)%00%(upstream:short)%00%(objectname)%00%(upstream:track)%00%(upstream:remotename)%00%(upstream:remoteref) refs/heads/master refs/remotes/master [2ms]
2023-11-24 06:45:10.394 [info] > git config --get commit.template [7ms]
2023-11-24 06:45:10.400 [info] > git status -z -uall [2ms]
2023-11-24 06:45:19.465 [info] > git config --get commit.template [5ms]
2023-11-24 06:45:19.466 [info] > git for-each-ref --format=%(refname)%00%(upstream:short)%00%(objectname)%00%(upstream:track)%00%(upstream:remotename)%00%(upstream:remoteref) refs/heads/master refs/remotes/master [1ms]
2023-11-24 06:45:19.472 [info] > git status -z -uall [2ms]
2023-11-24 06:45:30.278 [info] > git config --get commit.template [6ms]
2023-11-24 06:45:30.279 [info] > git for-each-ref --format=%(refname)%00%(upstream:short)%00%(objectname)%00%(upstream:track)%00%(upstream:remotename)%00%(upstream:remoteref) refs/heads/master refs/remotes/master [2ms]
2023-11-24 06:45:30.286 [info] > git status -z -uall [1ms]
2023-11-24 06:45:35.885 [info] > git config --get commit.template [7ms]
2023-11-24 06:45:35.886 [info] > git for-each-ref --format=%(refname)%00%(upstream:short)%00%(objectname)%00%(upstream:track)%00%(upstream:remotename)%00%(upstream:remoteref) refs/heads/master refs/remotes/master [1ms]
2023-11-24 06:45:35.893 [info] > git status -z -uall [2ms]
2023-11-24 06:45:40.912 [info] > git config --get commit.template [6ms]
2023-11-24 06:45:40.913 [info] > git for-each-ref --format=%(refname)%00%(upstream:short)%00%(objectname)%00%(upstream:track)%00%(upstream:remotename)%00%(upstream:remoteref) refs/heads/master refs/remotes/master [1ms]
2023-11-24 06:45:40.919 [info] > git status -z -uall [2ms]
2023-11-24 06:45:57.346 [info] > git config --get commit.template [6ms]
2023-11-24 06:45:57.346 [info] > git for-each-ref --format=%(refname)%00%(upstream:short)%00%(objectname)%00%(upstream:track)%00%(upstream:remotename)%00%(upstream:remoteref) refs/heads/master refs/remotes/master [1ms]
2023-11-24 06:45:57.353 [info] > git status -z -uall [1ms]
2023-11-24 06:47:29.492 [info] > git config --get commit.template [6ms]
2023-11-24 06:47:29.492 [info] > git for-each-ref --format=%(refname)%00%(upstream:short)%00%(objectname)%00%(upstream:track)%00%(upstream:remotename)%00%(upstream:remoteref) refs/heads/master refs/remotes/master [1ms]
2023-11-24 06:47:29.498 [info] > git status -z -uall [2ms]
2023-11-24 06:47:34.524 [info] > git config --get commit.template [11ms]
2023-11-24 06:47:34.525 [info] > git for-each-ref --format=%(refname)%00%(upstream:short)%00%(objectname)%00%(upstream:track)%00%(upstream:remotename)%00%(upstream:remoteref) refs/heads/master refs/remotes/master [3ms]
2023-11-24 06:47:34.536 [info] > git status -z -uall [4ms]
2023-11-24 06:51:47.271 [info] > git config --get commit.template [8ms]
2023-11-24 06:51:47.271 [info] > git for-each-ref --format=%(refname)%00%(upstream:short)%00%(objectname)%00%(upstream:track)%00%(upstream:remotename)%00%(upstream:remoteref) refs/heads/master refs/remotes/master [2ms]
2023-11-24 06:51:47.278 [info] > git status -z -uall [2ms]
2023-11-24 06:52:02.054 [info] > git config --get commit.template [5ms]
2023-11-24 06:52:02.054 [info] > git for-each-ref --format=%(refname)%00%(upstream:short)%00%(objectname)%00%(upstream:track)%00%(upstream:remotename)%00%(upstream:remoteref) refs/heads/master refs/remotes/master [1ms]
2023-11-24 06:52:02.069 [info] > git status -z -uall [2ms]
2023-11-24 06:53:36.040 [info] > git config --get commit.template [5ms]
2023-11-24 06:53:36.040 [info] > git for-each-ref --format=%(refname)%00%(upstream:short)%00%(objectname)%00%(upstream:track)%00%(upstream:remotename)%00%(upstream:remoteref) refs/heads/master refs/remotes/master [1ms]
2023-11-24 06:53:36.046 [info] > git status -z -uall [2ms]
2023-11-24 06:53:41.066 [info] > git config --get commit.template [1ms]
2023-11-24 06:53:41.072 [info] > git for-each-ref --format=%(refname)%00%(upstream:short)%00%(objectname)%00%(upstream:track)%00%(upstream:remotename)%00%(upstream:remoteref) refs/heads/master refs/remotes/master [1ms]
2023-11-24 06:53:41.078 [info] > git status -z -uall [2ms]
2023-11-24 06:53:58.241 [info] > git config --get commit.template [5ms]
2023-11-24 06:53:58.242 [info] > git for-each-ref --format=%(refname)%00%(upstream:short)%00%(objectname)%00%(upstream:track)%00%(upstream:remotename)%00%(upstream:remoteref) refs/heads/master refs/remotes/master [1ms]
2023-11-24 06:53:58.248 [info] > git status -z -uall [2ms]
2023-11-24 06:54:17.276 [info] > git config --get commit.template [1ms]
2023-11-24 06:54:17.282 [info] > git for-each-ref --format=%(refname)%00%(upstream:short)%00%(objectname)%00%(upstream:track)%00%(upstream:remotename)%00%(upstream:remoteref) refs/heads/master refs/remotes/master [1ms]
2023-11-24 06:54:17.289 [info] > git status -z -uall [1ms]
2023-11-24 06:54:23.274 [info] > git config --get commit.template [6ms]
2023-11-24 06:54:23.274 [info] > git for-each-ref --format=%(refname)%00%(upstream:short)%00%(objectname)%00%(upstream:track)%00%(upstream:remotename)%00%(upstream:remoteref) refs/heads/master refs/remotes/master [1ms]
2023-11-24 06:54:23.281 [info] > git status -z -uall [2ms]
2023-11-24 06:55:55.594 [info] > git config --get commit.template [6ms]
2023-11-24 06:55:55.595 [info] > git for-each-ref --format=%(refname)%00%(upstream:short)%00%(objectname)%00%(upstream:track)%00%(upstream:remotename)%00%(upstream:remoteref) refs/heads/master refs/remotes/master [1ms]
2023-11-24 06:55:55.601 [info] > git status -z -uall [2ms]
2023-11-24 06:56:00.631 [info] > git config --get commit.template [12ms]
2023-11-24 06:56:00.633 [info] > git for-each-ref --format=%(refname)%00%(upstream:short)%00%(objectname)%00%(upstream:track)%00%(upstream:remotename)%00%(upstream:remoteref) refs/heads/master refs/remotes/master [3ms]
2023-11-24 06:56:00.643 [info] > git status -z -uall [3ms]
2023-11-24 06:56:54.839 [info] > git config --get commit.template [5ms]
2023-11-24 06:56:54.840 [info] > git for-each-ref --format=%(refname)%00%(upstream:short)%00%(objectname)%00%(upstream:track)%00%(upstream:remotename)%00%(upstream:remoteref) refs/heads/master refs/remotes/master [1ms]
2023-11-24 06:56:54.848 [info] > git status -z -uall [2ms]
2023-11-24 06:56:59.857 [info] > git config --get commit.template [1ms]
2023-11-24 06:56:59.863 [info] > git for-each-ref --format=%(refname)%00%(upstream:short)%00%(objectname)%00%(upstream:track)%00%(upstream:remotename)%00%(upstream:remoteref) refs/heads/master refs/remotes/master [1ms]
2023-11-24 06:56:59.870 [info] > git status -z -uall [2ms]
2023-11-24 06:57:54.598 [info] > git config --get commit.template [7ms]
2023-11-24 06:57:54.599 [info] > git for-each-ref --format=%(refname)%00%(upstream:short)%00%(objectname)%00%(upstream:track)%00%(upstream:remotename)%00%(upstream:remoteref) refs/heads/master refs/remotes/master [1ms]
2023-11-24 06:57:54.606 [info] > git status -z -uall [2ms]
2023-11-24 06:57:59.629 [info] > git config --get commit.template [7ms]
2023-11-24 06:57:59.630 [info] > git for-each-ref --format=%(refname)%00%(upstream:short)%00%(objectname)%00%(upstream:track)%00%(upstream:remotename)%00%(upstream:remoteref) refs/heads/master refs/remotes/master [1ms]
2023-11-24 06:57:59.636 [info] > git status -z -uall [2ms]
2023-11-24 06:58:10.431 [info] > git config --get commit.template [6ms]
2023-11-24 06:58:10.431 [info] > git for-each-ref --format=%(refname)%00%(upstream:short)%00%(objectname)%00%(upstream:track)%00%(upstream:remotename)%00%(upstream:remoteref) refs/heads/master refs/remotes/master [1ms]
2023-11-24 06:58:10.437 [info] > git status -z -uall [1ms]
2023-11-24 06:58:15.455 [info] > git config --get commit.template [5ms]
2023-11-24 06:58:15.455 [info] > git for-each-ref --format=%(refname)%00%(upstream:short)%00%(objectname)%00%(upstream:track)%00%(upstream:remotename)%00%(upstream:remoteref) refs/heads/master refs/remotes/master [1ms]
2023-11-24 06:58:15.462 [info] > git status -z -uall [2ms]
2023-11-24 06:58:30.133 [info] > git config --get commit.template [7ms]
2023-11-24 06:58:30.133 [info] > git for-each-ref --format=%(refname)%00%(upstream:short)%00%(objectname)%00%(upstream:track)%00%(upstream:remotename)%00%(upstream:remoteref) refs/heads/master refs/remotes/master [1ms]
2023-11-24 06:58:30.141 [info] > git status -z -uall [2ms]
2023-11-24 06:58:35.161 [info] > git config --get commit.template [8ms]
2023-11-24 06:58:35.162 [info] > git for-each-ref --format=%(refname)%00%(upstream:short)%00%(objectname)%00%(upstream:track)%00%(upstream:remotename)%00%(upstream:remoteref) refs/heads/master refs/remotes/master [2ms]
2023-11-24 06:58:35.172 [info] > git status -z -uall [3ms]
2023-11-24 06:58:46.860 [info] > git config --get commit.template [5ms]
2023-11-24 06:58:46.860 [info] > git for-each-ref --format=%(refname)%00%(upstream:short)%00%(objectname)%00%(upstream:track)%00%(upstream:remotename)%00%(upstream:remoteref) refs/heads/master refs/remotes/master [1ms]
2023-11-24 06:58:46.868 [info] > git status -z -uall [1ms]
2023-11-24 06:58:51.891 [info] > git config --get commit.template [6ms]
2023-11-24 06:58:51.891 [info] > git for-each-ref --format=%(refname)%00%(upstream:short)%00%(objectname)%00%(upstream:track)%00%(upstream:remotename)%00%(upstream:remoteref) refs/heads/master refs/remotes/master [1ms]
2023-11-24 06:58:51.897 [info] > git status -z -uall [2ms]
2023-11-24 07:00:52.407 [info] > git config --get commit.template [1ms]
2023-11-24 07:00:52.414 [info] > git for-each-ref --format=%(refname)%00%(upstream:short)%00%(objectname)%00%(upstream:track)%00%(upstream:remotename)%00%(upstream:remoteref) refs/heads/master refs/remotes/master [2ms]
2023-11-24 07:00:52.421 [info] > git status -z -uall [2ms]
2023-11-24 07:00:57.442 [info] > git config --get commit.template [8ms]
2023-11-24 07:00:57.443 [info] > git for-each-ref --format=%(refname)%00%(upstream:short)%00%(objectname)%00%(upstream:track)%00%(upstream:remotename)%00%(upstream:remoteref) refs/heads/master refs/remotes/master [2ms]
2023-11-24 07:00:57.452 [info] > git status -z -uall [2ms]
2023-11-24 07:01:57.029 [info] > git config --get commit.template [6ms]
2023-11-24 07:01:57.030 [info] > git for-each-ref --format=%(refname)%00%(upstream:short)%00%(objectname)%00%(upstream:track)%00%(upstream:remotename)%00%(upstream:remoteref) refs/heads/master refs/remotes/master [2ms]
2023-11-24 07:01:57.036 [info] > git status -z -uall [1ms]
2023-11-24 07:02:02.056 [info] > git config --get commit.template [9ms]
2023-11-24 07:02:02.056 [info] > git for-each-ref --format=%(refname)%00%(upstream:short)%00%(objectname)%00%(upstream:track)%00%(upstream:remotename)%00%(upstream:remoteref) refs/heads/master refs/remotes/master [1ms]
2023-11-24 07:02:02.064 [info] > git status -z -uall [3ms]
2023-11-24 07:04:00.098 [info] > git config --get commit.template [5ms]
2023-11-24 07:04:00.099 [info] > git for-each-ref --format=%(refname)%00%(upstream:short)%00%(objectname)%00%(upstream:track)%00%(upstream:remotename)%00%(upstream:remoteref) refs/heads/master refs/remotes/master [1ms]
2023-11-24 07:04:00.105 [info] > git status -z -uall [2ms]
2023-11-24 07:04:05.124 [info] > git config --get commit.template [6ms]
2023-11-24 07:04:05.125 [info] > git for-each-ref --format=%(refname)%00%(upstream:short)%00%(objectname)%00%(upstream:track)%00%(upstream:remotename)%00%(upstream:remoteref) refs/heads/master refs/remotes/master [1ms]
2023-11-24 07:04:05.131 [info] > git status -z -uall [2ms]
2023-11-24 07:04:40.401 [info] > git config --get commit.template [5ms]
2023-11-24 07:04:40.402 [info] > git for-each-ref --format=%(refname)%00%(upstream:short)%00%(objectname)%00%(upstream:track)%00%(upstream:remotename)%00%(upstream:remoteref) refs/heads/master refs/remotes/master [1ms]
2023-11-24 07:04:40.408 [info] > git status -z -uall [2ms]
2023-11-24 07:04:45.424 [info] > git config --get commit.template [6ms]
2023-11-24 07:04:45.425 [info] > git for-each-ref --format=%(refname)%00%(upstream:short)%00%(objectname)%00%(upstream:track)%00%(upstream:remotename)%00%(upstream:remoteref) refs/heads/master refs/remotes/master [1ms]
2023-11-24 07:04:45.431 [info] > git status -z -uall [2ms]
2023-11-24 07:05:19.449 [info] > git config --get commit.template [6ms]
2023-11-24 07:05:19.450 [info] > git for-each-ref --format=%(refname)%00%(upstream:short)%00%(objectname)%00%(upstream:track)%00%(upstream:remotename)%00%(upstream:remoteref) refs/heads/master refs/remotes/master [2ms]
2023-11-24 07:05:19.457 [info] > git status -z -uall [2ms]
2023-11-24 07:05:24.474 [info] > git config --get commit.template [5ms]
2023-11-24 07:05:24.475 [info] > git for-each-ref --format=%(refname)%00%(upstream:short)%00%(objectname)%00%(upstream:track)%00%(upstream:remotename)%00%(upstream:remoteref) refs/heads/master refs/remotes/master [1ms]
2023-11-24 07:05:24.481 [info] > git status -z -uall [2ms]
2023-11-24 07:07:52.864 [info] > git config --get commit.template [6ms]
2023-11-24 07:07:52.864 [info] > git for-each-ref --format=%(refname)%00%(upstream:short)%00%(objectname)%00%(upstream:track)%00%(upstream:remotename)%00%(upstream:remoteref) refs/heads/master refs/remotes/master [1ms]
2023-11-24 07:07:52.871 [info] > git status -z -uall [1ms]
2023-11-24 07:07:57.887 [info] > git config --get commit.template [6ms]
2023-11-24 07:07:57.887 [info] > git for-each-ref --format=%(refname)%00%(upstream:short)%00%(objectname)%00%(upstream:track)%00%(upstream:remotename)%00%(upstream:remoteref) refs/heads/master refs/remotes/master [1ms]
2023-11-24 07:07:57.894 [info] > git status -z -uall [2ms]
2023-11-24 07:08:31.650 [info] > git config --get commit.template [6ms]
2023-11-24 07:08:31.650 [info] > git for-each-ref --format=%(refname)%00%(upstream:short)%00%(objectname)%00%(upstream:track)%00%(upstream:remotename)%00%(upstream:remoteref) refs/heads/master refs/remotes/master [1ms]
2023-11-24 07:08:31.656 [info] > git status -z -uall [2ms]
2023-11-24 07:08:48.581 [info] > git config --get commit.template [6ms]
2023-11-24 07:08:48.582 [info] > git for-each-ref --format=%(refname)%00%(upstream:short)%00%(objectname)%00%(upstream:track)%00%(upstream:remotename)%00%(upstream:remoteref) refs/heads/master refs/remotes/master [2ms]
2023-11-24 07:08:48.588 [info] > git status -z -uall [2ms]
2023-11-24 07:10:46.964 [info] > git config --get commit.template [6ms]
2023-11-24 07:10:46.965 [info] > git for-each-ref --format=%(refname)%00%(upstream:short)%00%(objectname)%00%(upstream:track)%00%(upstream:remotename)%00%(upstream:remoteref) refs/heads/master refs/remotes/master [1ms]
2023-11-24 07:10:46.971 [info] > git status -z -uall [2ms]
2023-11-24 07:10:51.989 [info] > git config --get commit.template [6ms]
2023-11-24 07:10:51.989 [info] > git for-each-ref --format=%(refname)%00%(upstream:short)%00%(objectname)%00%(upstream:track)%00%(upstream:remotename)%00%(upstream:remoteref) refs/heads/master refs/remotes/master [1ms]
2023-11-24 07:10:51.997 [info] > git status -z -uall [2ms]
2023-11-24 07:11:34.527 [info] > git config --get commit.template [1ms]
2023-11-24 07:11:34.533 [info] > git for-each-ref --format=%(refname)%00%(upstream:short)%00%(objectname)%00%(upstream:track)%00%(upstream:remotename)%00%(upstream:remoteref) refs/heads/master refs/remotes/master [1ms]
2023-11-24 07:11:34.539 [info] > git status -z -uall [2ms]
2023-11-24 07:11:45.346 [info] > git config --get commit.template [6ms]
2023-11-24 07:11:45.346 [info] > git for-each-ref --format=%(refname)%00%(upstream:short)%00%(objectname)%00%(upstream:track)%00%(upstream:remotename)%00%(upstream:remoteref) refs/heads/master refs/remotes/master [2ms]
2023-11-24 07:11:45.352 [info] > git status -z -uall [2ms]
2023-11-24 07:15:07.599 [info] > git config --get commit.template [5ms]
2023-11-24 07:15:07.599 [info] > git for-each-ref --format=%(refname)%00%(upstream:short)%00%(objectname)%00%(upstream:track)%00%(upstream:remotename)%00%(upstream:remoteref) refs/heads/master refs/remotes/master [1ms]
2023-11-24 07:15:07.606 [info] > git status -z -uall [2ms]
2023-11-24 07:15:15.288 [info] > git config --get commit.template [5ms]
2023-11-24 07:15:15.289 [info] > git for-each-ref --format=%(refname)%00%(upstream:short)%00%(objectname)%00%(upstream:track)%00%(upstream:remotename)%00%(upstream:remoteref) refs/heads/master refs/remotes/master [1ms]
2023-11-24 07:15:15.295 [info] > git status -z -uall [2ms]
2023-11-24 07:15:32.464 [info] > git config --get commit.template [7ms]
2023-11-24 07:15:32.465 [info] > git for-each-ref --format=%(refname)%00%(upstream:short)%00%(objectname)%00%(upstream:track)%00%(upstream:remotename)%00%(upstream:remoteref) refs/heads/master refs/remotes/master [2ms]
2023-11-24 07:15:32.473 [info] > git status -z -uall [2ms]
2023-11-24 07:15:37.600 [info] > git config --get commit.template [8ms]
2023-11-24 07:15:37.601 [info] > git for-each-ref --format=%(refname)%00%(upstream:short)%00%(objectname)%00%(upstream:track)%00%(upstream:remotename)%00%(upstream:remoteref) refs/heads/master refs/remotes/master [2ms]
2023-11-24 07:15:37.609 [info] > git status -z -uall [2ms]
2023-11-24 07:16:01.770 [info] > git config --get commit.template [6ms]
2023-11-24 07:16:01.770 [info] > git for-each-ref --format=%(refname)%00%(upstream:short)%00%(objectname)%00%(upstream:track)%00%(upstream:remotename)%00%(upstream:remoteref) refs/heads/master refs/remotes/master [1ms]
2023-11-24 07:16:01.776 [info] > git status -z -uall [2ms]
2023-11-24 07:16:06.795 [info] > git config --get commit.template [6ms]
2023-11-24 07:16:06.796 [info] > git for-each-ref --format=%(refname)%00%(upstream:short)%00%(objectname)%00%(upstream:track)%00%(upstream:remotename)%00%(upstream:remoteref) refs/heads/master refs/remotes/master [1ms]
2023-11-24 07:16:06.804 [info] > git status -z -uall [1ms]
2023-11-24 07:16:24.372 [info] > git for-each-ref --format=%(refname)%00%(upstream:short)%00%(objectname)%00%(upstream:track)%00%(upstream:remotename)%00%(upstream:remoteref) refs/heads/master refs/remotes/master [2ms]
2023-11-24 07:16:24.372 [info] > git config --get commit.template [6ms]
2023-11-24 07:16:24.379 [info] > git status -z -uall [1ms]
2023-11-24 07:16:29.396 [info] > git config --get commit.template [6ms]
2023-11-24 07:16:29.397 [info] > git for-each-ref --format=%(refname)%00%(upstream:short)%00%(objectname)%00%(upstream:track)%00%(upstream:remotename)%00%(upstream:remoteref) refs/heads/master refs/remotes/master [2ms]
2023-11-24 07:16:29.403 [info] > git status -z -uall [2ms]
2023-11-24 07:16:41.750 [info] > git config --get commit.template [6ms]
2023-11-24 07:16:41.751 [info] > git for-each-ref --format=%(refname)%00%(upstream:short)%00%(objectname)%00%(upstream:track)%00%(upstream:remotename)%00%(upstream:remoteref) refs/heads/master refs/remotes/master [1ms]
2023-11-24 07:16:41.758 [info] > git status -z -uall [2ms]
2023-11-24 07:16:46.770 [info] > git config --get commit.template [2ms]
2023-11-24 07:16:46.779 [info] > git for-each-ref --format=%(refname)%00%(upstream:short)%00%(objectname)%00%(upstream:track)%00%(upstream:remotename)%00%(upstream:remoteref) refs/heads/master refs/remotes/master [2ms]
2023-11-24 07:16:46.788 [info] > git status -z -uall [2ms]
2023-11-24 07:17:04.014 [info] > git config --get commit.template [7ms]
2023-11-24 07:17:04.015 [info] > git for-each-ref --format=%(refname)%00%(upstream:short)%00%(objectname)%00%(upstream:track)%00%(upstream:remotename)%00%(upstream:remoteref) refs/heads/master refs/remotes/master [2ms]
2023-11-24 07:17:04.023 [info] > git status -z -uall [2ms]
2023-11-24 07:17:09.036 [info] > git config --get commit.template [5ms]
2023-11-24 07:17:09.036 [info] > git for-each-ref --format=%(refname)%00%(upstream:short)%00%(objectname)%00%(upstream:track)%00%(upstream:remotename)%00%(upstream:remoteref) refs/heads/master refs/remotes/master [1ms]
2023-11-24 07:17:09.043 [info] > git status -z -uall [2ms]
2023-11-24 07:17:26.144 [info] > git config --get commit.template [7ms]
2023-11-24 07:17:26.145 [info] > git for-each-ref --format=%(refname)%00%(upstream:short)%00%(objectname)%00%(upstream:track)%00%(upstream:remotename)%00%(upstream:remoteref) refs/heads/master refs/remotes/master [2ms]
2023-11-24 07:17:26.153 [info] > git status -z -uall [2ms]
2023-11-24 07:17:31.169 [info] > git config --get commit.template [6ms]
2023-11-24 07:17:31.170 [info] > git for-each-ref --format=%(refname)%00%(upstream:short)%00%(objectname)%00%(upstream:track)%00%(upstream:remotename)%00%(upstream:remoteref) refs/heads/master refs/remotes/master [1ms]
2023-11-24 07:17:31.177 [info] > git status -z -uall [2ms]
2023-11-24 07:17:45.227 [info] > git config --get commit.template [1ms]
2023-11-24 07:17:45.233 [info] > git for-each-ref --format=%(refname)%00%(upstream:short)%00%(objectname)%00%(upstream:track)%00%(upstream:remotename)%00%(upstream:remoteref) refs/heads/master refs/remotes/master [1ms]
2023-11-24 07:17:45.241 [info] > git status -z -uall [2ms]
2023-11-24 07:17:50.257 [info] > git config --get commit.template [6ms]
2023-11-24 07:17:50.258 [info] > git for-each-ref --format=%(refname)%00%(upstream:short)%00%(objectname)%00%(upstream:track)%00%(upstream:remotename)%00%(upstream:remoteref) refs/heads/master refs/remotes/master [1ms]
2023-11-24 07:17:50.268 [info] > git status -z -uall [3ms]
2023-11-24 07:18:16.314 [info] > git config --get commit.template [6ms]
2023-11-24 07:18:16.314 [info] > git for-each-ref --format=%(refname)%00%(upstream:short)%00%(objectname)%00%(upstream:track)%00%(upstream:remotename)%00%(upstream:remoteref) refs/heads/master refs/remotes/master [1ms]
2023-11-24 07:18:16.321 [info] > git status -z -uall [2ms]
2023-11-24 07:18:36.720 [info] > git config --get commit.template [6ms]
2023-11-24 07:18:36.720 [info] > git for-each-ref --format=%(refname)%00%(upstream:short)%00%(objectname)%00%(upstream:track)%00%(upstream:remotename)%00%(upstream:remoteref) refs/heads/master refs/remotes/master [1ms]
2023-11-24 07:18:36.726 [info] > git status -z -uall [1ms]
2023-11-24 07:19:01.310 [info] > git config --get commit.template [2ms]
2023-11-24 07:19:01.317 [info] > git for-each-ref --format=%(refname)%00%(upstream:short)%00%(objectname)%00%(upstream:track)%00%(upstream:remotename)%00%(upstream:remoteref) refs/heads/master refs/remotes/master [1ms]
2023-11-24 07:19:01.325 [info] > git status -z -uall [2ms]
2023-11-24 07:20:04.952 [info] > git config --get commit.template [5ms]
2023-11-24 07:20:04.953 [info] > git for-each-ref --format=%(refname)%00%(upstream:short)%00%(objectname)%00%(upstream:track)%00%(upstream:remotename)%00%(upstream:remoteref) refs/heads/master refs/remotes/master [1ms]
2023-11-24 07:20:04.959 [info] > git status -z -uall [2ms]
2023-11-24 07:20:51.131 [info] > git config --get commit.template [6ms]
2023-11-24 07:20:51.132 [info] > git for-each-ref --format=%(refname)%00%(upstream:short)%00%(objectname)%00%(upstream:track)%00%(upstream:remotename)%00%(upstream:remoteref) refs/heads/master refs/remotes/master [1ms]
2023-11-24 07:20:51.148 [info] > git status -z -uall [2ms]
2023-11-24 07:21:01.133 [info] > git config --get commit.template [2ms]
2023-11-24 07:21:01.138 [info] > git for-each-ref --format=%(refname)%00%(upstream:short)%00%(objectname)%00%(upstream:track)%00%(upstream:remotename)%00%(upstream:remoteref) refs/heads/master refs/remotes/master [1ms]
2023-11-24 07:21:01.145 [info] > git status -z -uall [1ms]
2023-11-24 07:21:32.468 [info] > git config --get commit.template [6ms]
2023-11-24 07:21:32.468 [info] > git for-each-ref --format=%(refname)%00%(upstream:short)%00%(objectname)%00%(upstream:track)%00%(upstream:remotename)%00%(upstream:remoteref) refs/heads/master refs/remotes/master [1ms]
2023-11-24 07:21:32.476 [info] > git status -z -uall [2ms]
2023-11-24 07:21:45.319 [info] > git config --get commit.template [7ms]
2023-11-24 07:21:45.320 [info] > git for-each-ref --format=%(refname)%00%(upstream:short)%00%(objectname)%00%(upstream:track)%00%(upstream:remotename)%00%(upstream:remoteref) refs/heads/master refs/remotes/master [2ms]
2023-11-24 07:21:45.328 [info] > git status -z -uall [2ms]
2023-11-24 07:24:46.400 [info] > git config --get commit.template [6ms]
2023-11-24 07:24:46.400 [info] > git for-each-ref --format=%(refname)%00%(upstream:short)%00%(objectname)%00%(upstream:track)%00%(upstream:remotename)%00%(upstream:remoteref) refs/heads/master refs/remotes/master [1ms]
2023-11-24 07:24:46.408 [info] > git status -z -uall [2ms]
2023-11-24 07:25:29.459 [info] > git config --get commit.template [8ms]
2023-11-24 07:25:29.459 [info] > git for-each-ref --format=%(refname)%00%(upstream:short)%00%(objectname)%00%(upstream:track)%00%(upstream:remotename)%00%(upstream:remoteref) refs/heads/master refs/remotes/master [1ms]
2023-11-24 07:25:29.468 [info] > git status -z -uall [2ms]
2023-11-24 07:26:41.203 [info] > git config --get commit.template [0ms]
2023-11-24 07:26:41.210 [info] > git for-each-ref --format=%(refname)%00%(upstream:short)%00%(objectname)%00%(upstream:track)%00%(upstream:remotename)%00%(upstream:remoteref) refs/heads/master refs/remotes/master [1ms]
2023-11-24 07:26:41.225 [info] > git status -z -uall [2ms]
2023-11-24 07:27:13.736 [info] > git config --get commit.template [5ms]
2023-11-24 07:27:13.736 [info] > git for-each-ref --format=%(refname)%00%(upstream:short)%00%(objectname)%00%(upstream:track)%00%(upstream:remotename)%00%(upstream:remoteref) refs/heads/master refs/remotes/master [1ms]
2023-11-24 07:27:13.744 [info] > git status -z -uall [1ms]
2023-11-24 07:39:47.387 [info] > git config --get commit.template [6ms]
2023-11-24 07:39:47.389 [info] > git for-each-ref --format=%(refname)%00%(upstream:short)%00%(objectname)%00%(upstream:track)%00%(upstream:remotename)%00%(upstream:remoteref) refs/heads/master refs/remotes/master [2ms]
2023-11-24 07:39:47.396 [info] > git status -z -uall [2ms]
