2023-11-23 02:30:20.823 [info] Log level: Info
2023-11-23 02:30:20.823 [info] Validating found git in: "git"
2023-11-23 02:30:20.823 [info] Using git "2.25.1" from "git"
2023-11-23 02:30:20.823 [info] > git rev-parse --show-toplevel [14ms]
2023-11-23 02:30:20.823 [info] > git rev-parse --git-dir --git-common-dir [4ms]
2023-11-23 02:30:20.823 [info] Open repository: /home/codeally/project
2023-11-23 02:30:20.825 [info] > git config --get commit.template [6ms]
2023-11-23 02:30:20.840 [info] > git rev-parse --show-toplevel [17ms]
2023-11-23 02:30:20.847 [info] > git rev-parse --show-toplevel [1ms]
2023-11-23 02:30:20.852 [info] > git for-each-ref --format=%(refname)%00%(upstream:short)%00%(objectname)%00%(upstream:track)%00%(upstream:remotename)%00%(upstream:remoteref) refs/heads/master refs/remotes/master [14ms]
2023-11-23 02:30:20.868 [info] > git status -z -uall [12ms]
2023-11-23 02:30:20.937 [info] > git config --get commit.template [56ms]
2023-11-23 02:30:20.953 [info] > git for-each-ref --format=%(refname)%00%(upstream:short)%00%(objectname)%00%(upstream:track)%00%(upstream:remotename)%00%(upstream:remoteref) refs/heads/master refs/remotes/master [10ms]
2023-11-23 02:30:20.959 [info] > git status -z -uall [2ms]
2023-11-23 02:30:25.757 [info] > git config --get commit.template [1ms]
2023-11-23 02:30:25.761 [info] > git for-each-ref --format=%(refname)%00%(upstream:short)%00%(objectname)%00%(upstream:track)%00%(upstream:remotename)%00%(upstream:remoteref) refs/heads/master refs/remotes/master [1ms]
2023-11-23 02:30:25.767 [info] > git status -z -uall [2ms]
2023-11-23 02:30:30.776 [info] > git config --get commit.template [2ms]
2023-11-23 02:30:30.781 [info] > git for-each-ref --format=%(refname)%00%(upstream:short)%00%(objectname)%00%(upstream:track)%00%(upstream:remotename)%00%(upstream:remoteref) refs/heads/master refs/remotes/master [1ms]
2023-11-23 02:30:30.786 [info] > git status -z -uall [1ms]
2023-11-23 02:30:49.644 [info] > git config --get commit.template [2ms]
2023-11-23 02:30:49.654 [info] > git for-each-ref --format=%(refname)%00%(upstream:short)%00%(objectname)%00%(upstream:track)%00%(upstream:remotename)%00%(upstream:remoteref) refs/heads/master refs/remotes/master [2ms]
2023-11-23 02:30:49.661 [info] > git status -z -uall [2ms]
2023-11-23 02:31:07.354 [info] > git config --get commit.template [8ms]
2023-11-23 02:31:07.354 [info] > git for-each-ref --format=%(refname)%00%(upstream:short)%00%(objectname)%00%(upstream:track)%00%(upstream:remotename)%00%(upstream:remoteref) refs/heads/master refs/remotes/master [1ms]
2023-11-23 02:31:07.359 [info] > git status -z -uall [2ms]
2023-11-23 02:31:17.728 [info] > git config --get commit.template [4ms]
2023-11-23 02:31:17.729 [info] > git for-each-ref --format=%(refname)%00%(upstream:short)%00%(objectname)%00%(upstream:track)%00%(upstream:remotename)%00%(upstream:remoteref) refs/heads/master refs/remotes/master [1ms]
2023-11-23 02:31:17.733 [info] > git status -z -uall [1ms]
2023-11-23 02:31:22.749 [info] > git config --get commit.template [4ms]
2023-11-23 02:31:22.749 [info] > git for-each-ref --format=%(refname)%00%(upstream:short)%00%(objectname)%00%(upstream:track)%00%(upstream:remotename)%00%(upstream:remoteref) refs/heads/master refs/remotes/master [1ms]
2023-11-23 02:31:22.754 [info] > git status -z -uall [2ms]
2023-11-23 02:31:34.209 [info] > git check-ignore -v -z --stdin [1ms]
