2023-11-24 00:27:14.695 [info] Extension host with pid 286 started
2023-11-24 00:27:14.717 [info] Lock '/home/codeally/.vscode-server/data/User/workspaceStorage/fd3afab31e8ff26183585d1981f0b6fe/vscode.lock': Lock acquired.
2023-11-24 00:27:14.746 [info] ExtensionService#_doActivateExtension vscode.git-base, startup: true, activationEvent: '*', root cause: vscode.git
2023-11-24 00:27:14.772 [info] ExtensionService#_doActivateExtension vscode.git, startup: true, activationEvent: '*'
2023-11-24 00:27:14.773 [info] ExtensionService#_doActivateExtension vscode.github, startup: true, activationEvent: '*'
2023-11-24 00:27:15.052 [info] Eager extensions activated
2023-11-24 00:27:15.052 [info] ExtensionService#_doActivateExtension vscode.debug-auto-launch, startup: false, activationEvent: 'onStartupFinished'
2023-11-24 00:27:15.053 [info] ExtensionService#_doActivateExtension vscode.merge-conflict, startup: false, activationEvent: 'onStartupFinished'
2023-11-24 00:27:37.832 [info] ExtensionService#_doActivateExtension CodeRoad.coderoad, startup: false, activationEvent: 'onCommand:coderoad.start'
2023-11-24 00:28:07.655 [info] ExtensionService#_doActivateExtension vscode.npm, startup: false, activationEvent: 'onTerminalQuickFixRequest:ms-vscode.npm-command'
2023-11-24 05:13:41.065 [info] ExtensionService#_doActivateExtension vscode.emmet, startup: false, activationEvent: 'onLanguage'
2023-11-24 05:28:32.969 [error] Error: Command failed: git commit -am 'Save progress: 980.1'

	at ChildProcess.exithandler (node:child_process:420:12)
	at ChildProcess.emit (node:events:513:28)
	at maybeClose (node:internal/child_process:1091:16)
	at ChildProcess._handle.onexit (node:internal/child_process:302:5)
2023-11-24 05:29:12.288 [error] Error: Command failed: git commit -am 'Save progress: 990.1'

	at ChildProcess.exithandler (node:child_process:420:12)
	at ChildProcess.emit (node:events:513:28)
	at maybeClose (node:internal/child_process:1091:16)
	at ChildProcess._handle.onexit (node:internal/child_process:302:5)
2023-11-24 05:31:21.781 [error] Error: Command failed: git commit -am 'Save progress: 1000.1'

	at ChildProcess.exithandler (node:child_process:420:12)
	at ChildProcess.emit (node:events:513:28)
	at maybeClose (node:internal/child_process:1091:16)
	at ChildProcess._handle.onexit (node:internal/child_process:302:5)
2023-11-24 05:32:04.725 [error] Error: Command failed: git commit -am 'Save progress: 1010.1'

	at ChildProcess.exithandler (node:child_process:420:12)
	at ChildProcess.emit (node:events:513:28)
	at maybeClose (node:internal/child_process:1091:16)
	at ChildProcess._handle.onexit (node:internal/child_process:302:5)
2023-11-24 05:35:43.575 [error] Error: Command failed: git commit -am 'Save progress: 1020.1'

	at ChildProcess.exithandler (node:child_process:420:12)
	at ChildProcess.emit (node:events:513:28)
	at maybeClose (node:internal/child_process:1091:16)
	at ChildProcess._handle.onexit (node:internal/child_process:302:5)
2023-11-24 05:36:06.846 [error] Error: Command failed: git commit -am 'Save progress: 1030.1'

	at ChildProcess.exithandler (node:child_process:420:12)
	at ChildProcess.emit (node:events:513:28)
	at maybeClose (node:internal/child_process:1091:16)
	at ChildProcess._handle.onexit (node:internal/child_process:302:5)
2023-11-24 05:37:33.808 [error] Error: Command failed: git commit -am 'Save progress: 1040.1'

	at ChildProcess.exithandler (node:child_process:420:12)
	at ChildProcess.emit (node:events:513:28)
	at maybeClose (node:internal/child_process:1091:16)
	at ChildProcess._handle.onexit (node:internal/child_process:302:5)
2023-11-24 05:41:16.250 [error] Error: Command failed: git commit -am 'Save progress: 1050.1'

	at ChildProcess.exithandler (node:child_process:420:12)
	at ChildProcess.emit (node:events:513:28)
	at maybeClose (node:internal/child_process:1091:16)
	at ChildProcess._handle.onexit (node:internal/child_process:302:5)
2023-11-24 05:56:41.791 [error] Error: Command failed: git commit -am 'Save progress: 1060.1'

	at ChildProcess.exithandler (node:child_process:420:12)
	at ChildProcess.emit (node:events:513:28)
	at maybeClose (node:internal/child_process:1091:16)
	at ChildProcess._handle.onexit (node:internal/child_process:302:5)
2023-11-24 06:00:10.243 [error] Error: Command failed: git commit -am 'Save progress: 1070.1'

	at ChildProcess.exithandler (node:child_process:420:12)
	at ChildProcess.emit (node:events:513:28)
	at maybeClose (node:internal/child_process:1091:16)
	at ChildProcess._handle.onexit (node:internal/child_process:302:5)
2023-11-24 06:01:51.224 [error] Error: Command failed: git commit -am 'Save progress: 1080.1'

	at ChildProcess.exithandler (node:child_process:420:12)
	at ChildProcess.emit (node:events:513:28)
	at maybeClose (node:internal/child_process:1091:16)
	at ChildProcess._handle.onexit (node:internal/child_process:302:5)
2023-11-24 06:04:12.159 [error] Error: Command failed: git commit -am 'Save progress: 1090.1'

	at ChildProcess.exithandler (node:child_process:420:12)
	at ChildProcess.emit (node:events:513:28)
	at maybeClose (node:internal/child_process:1091:16)
	at ChildProcess._handle.onexit (node:internal/child_process:302:5)
2023-11-24 06:06:38.512 [error] Error: Command failed: git commit -am 'Save progress: 1100.1'

	at ChildProcess.exithandler (node:child_process:420:12)
	at ChildProcess.emit (node:events:513:28)
	at maybeClose (node:internal/child_process:1091:16)
	at ChildProcess._handle.onexit (node:internal/child_process:302:5)
2023-11-24 06:07:05.029 [error] Error: Command failed: git commit -am 'Save progress: 1110.1'

	at ChildProcess.exithandler (node:child_process:420:12)
	at ChildProcess.emit (node:events:513:28)
	at maybeClose (node:internal/child_process:1091:16)
	at ChildProcess._handle.onexit (node:internal/child_process:302:5)
2023-11-24 06:08:55.060 [error] Error: Command failed: git commit -am 'Save progress: 1120.1'

	at ChildProcess.exithandler (node:child_process:420:12)
	at ChildProcess.emit (node:events:513:28)
	at maybeClose (node:internal/child_process:1091:16)
	at ChildProcess._handle.onexit (node:internal/child_process:302:5)
2023-11-24 06:10:16.802 [error] Error: Command failed: git commit -am 'Save progress: 1130.1'

	at ChildProcess.exithandler (node:child_process:420:12)
	at ChildProcess.emit (node:events:513:28)
	at maybeClose (node:internal/child_process:1091:16)
	at ChildProcess._handle.onexit (node:internal/child_process:302:5)
2023-11-24 06:10:50.877 [error] Error: Command failed: git commit -am 'Save progress: 1140.1'

	at ChildProcess.exithandler (node:child_process:420:12)
	at ChildProcess.emit (node:events:513:28)
	at maybeClose (node:internal/child_process:1091:16)
	at ChildProcess._handle.onexit (node:internal/child_process:302:5)
2023-11-24 06:12:36.668 [error] Error: Command failed: git commit -am 'Save progress: 1150.1'

	at ChildProcess.exithandler (node:child_process:420:12)
	at ChildProcess.emit (node:events:513:28)
	at maybeClose (node:internal/child_process:1091:16)
	at Socket.<anonymous> (node:internal/child_process:449:11)
	at Socket.emit (node:events:513:28)
	at Pipe.<anonymous> (node:net:322:12)
2023-11-24 06:12:49.664 [error] Error: Command failed: git commit -am 'Save progress: 1160.1'

	at ChildProcess.exithandler (node:child_process:420:12)
	at ChildProcess.emit (node:events:513:28)
	at maybeClose (node:internal/child_process:1091:16)
	at ChildProcess._handle.onexit (node:internal/child_process:302:5)
2023-11-24 06:14:48.850 [error] Error: Command failed: git commit -am 'Save progress: 1170.1'

	at ChildProcess.exithandler (node:child_process:420:12)
	at ChildProcess.emit (node:events:513:28)
	at maybeClose (node:internal/child_process:1091:16)
	at ChildProcess._handle.onexit (node:internal/child_process:302:5)
2023-11-24 06:16:50.987 [error] Error: Command failed: git commit -am 'Save progress: 1180.1'

	at ChildProcess.exithandler (node:child_process:420:12)
	at ChildProcess.emit (node:events:513:28)
	at maybeClose (node:internal/child_process:1091:16)
	at ChildProcess._handle.onexit (node:internal/child_process:302:5)
2023-11-24 06:17:59.590 [error] Error: Command failed: git commit -am 'Save progress: 1190.1'

	at ChildProcess.exithandler (node:child_process:420:12)
	at ChildProcess.emit (node:events:513:28)
	at maybeClose (node:internal/child_process:1091:16)
	at ChildProcess._handle.onexit (node:internal/child_process:302:5)
2023-11-24 06:19:11.487 [error] Error: Command failed: git commit -am 'Save progress: 1200.1'

	at ChildProcess.exithandler (node:child_process:420:12)
	at ChildProcess.emit (node:events:513:28)
	at maybeClose (node:internal/child_process:1091:16)
	at ChildProcess._handle.onexit (node:internal/child_process:302:5)
2023-11-24 06:19:55.040 [error] Error: Command failed: git commit -am 'Save progress: 1210.1'

	at ChildProcess.exithandler (node:child_process:420:12)
	at ChildProcess.emit (node:events:513:28)
	at maybeClose (node:internal/child_process:1091:16)
	at ChildProcess._handle.onexit (node:internal/child_process:302:5)
2023-11-24 06:20:12.849 [error] Error: Command failed: git commit -am 'Save progress: 1230.1'

	at ChildProcess.exithandler (node:child_process:420:12)
	at ChildProcess.emit (node:events:513:28)
	at maybeClose (node:internal/child_process:1091:16)
	at ChildProcess._handle.onexit (node:internal/child_process:302:5)
2023-11-24 06:21:30.413 [error] Error: Command failed: git commit -am 'Save progress: 1240.1'

	at ChildProcess.exithandler (node:child_process:420:12)
	at ChildProcess.emit (node:events:513:28)
	at maybeClose (node:internal/child_process:1091:16)
	at ChildProcess._handle.onexit (node:internal/child_process:302:5)
2023-11-24 06:22:08.907 [error] Error: Command failed: git commit -am 'Save progress: 1260.1'

	at ChildProcess.exithandler (node:child_process:420:12)
	at ChildProcess.emit (node:events:513:28)
	at maybeClose (node:internal/child_process:1091:16)
	at ChildProcess._handle.onexit (node:internal/child_process:302:5)
2023-11-24 06:24:25.926 [error] Error: Command failed: git commit -am 'Save progress: 1270.1'

	at ChildProcess.exithandler (node:child_process:420:12)
	at ChildProcess.emit (node:events:513:28)
	at maybeClose (node:internal/child_process:1091:16)
	at ChildProcess._handle.onexit (node:internal/child_process:302:5)
2023-11-24 06:26:44.693 [error] Error: Command failed: git commit -am 'Save progress: 1280.1'

	at ChildProcess.exithandler (node:child_process:420:12)
	at ChildProcess.emit (node:events:513:28)
	at maybeClose (node:internal/child_process:1091:16)
	at ChildProcess._handle.onexit (node:internal/child_process:302:5)
2023-11-24 06:27:31.811 [error] Error: Command failed: git commit -am 'Save progress: 1290.1'

	at ChildProcess.exithandler (node:child_process:420:12)
	at ChildProcess.emit (node:events:513:28)
	at maybeClose (node:internal/child_process:1091:16)
	at ChildProcess._handle.onexit (node:internal/child_process:302:5)
2023-11-24 06:28:33.324 [error] Error: Command failed: git commit -am 'Save progress: 1300.1'

	at ChildProcess.exithandler (node:child_process:420:12)
	at ChildProcess.emit (node:events:513:28)
	at maybeClose (node:internal/child_process:1091:16)
	at ChildProcess._handle.onexit (node:internal/child_process:302:5)
2023-11-24 06:36:45.633 [error] Error: Command failed: git commit -am 'Save progress: 1310.1'

	at ChildProcess.exithandler (node:child_process:420:12)
	at ChildProcess.emit (node:events:513:28)
	at maybeClose (node:internal/child_process:1091:16)
	at ChildProcess._handle.onexit (node:internal/child_process:302:5)
2023-11-24 06:37:13.946 [error] Error: Command failed: git commit -am 'Save progress: 1320.1'

	at ChildProcess.exithandler (node:child_process:420:12)
	at ChildProcess.emit (node:events:513:28)
	at maybeClose (node:internal/child_process:1091:16)
	at ChildProcess._handle.onexit (node:internal/child_process:302:5)
2023-11-24 06:38:11.936 [error] Error: Command failed: git commit -am 'Save progress: 1330.1'

	at ChildProcess.exithandler (node:child_process:420:12)
	at ChildProcess.emit (node:events:513:28)
	at maybeClose (node:internal/child_process:1091:16)
	at ChildProcess._handle.onexit (node:internal/child_process:302:5)
2023-11-24 06:38:28.788 [error] Error: Command failed: git commit -am 'Save progress: 1340.1'

	at ChildProcess.exithandler (node:child_process:420:12)
	at ChildProcess.emit (node:events:513:28)
	at maybeClose (node:internal/child_process:1091:16)
	at ChildProcess._handle.onexit (node:internal/child_process:302:5)
2023-11-24 06:51:47.171 [error] Error: Command failed: git commit -am 'Save progress: 1360.1'

	at ChildProcess.exithandler (node:child_process:420:12)
	at ChildProcess.emit (node:events:513:28)
	at maybeClose (node:internal/child_process:1091:16)
	at ChildProcess._handle.onexit (node:internal/child_process:302:5)
2023-11-24 06:55:55.496 [error] Error: Command failed: git commit -am 'Save progress: 1380.1'

	at ChildProcess.exithandler (node:child_process:420:12)
	at ChildProcess.emit (node:events:513:28)
	at maybeClose (node:internal/child_process:1091:16)
	at ChildProcess._handle.onexit (node:internal/child_process:302:5)
2023-11-24 06:56:54.749 [error] Error: Command failed: git commit -am 'Save progress: 1390.1'

	at ChildProcess.exithandler (node:child_process:420:12)
	at ChildProcess.emit (node:events:513:28)
	at maybeClose (node:internal/child_process:1091:16)
	at ChildProcess._handle.onexit (node:internal/child_process:302:5)
2023-11-24 06:57:54.494 [error] Error: Command failed: git commit -am 'Save progress: 1400.1'

	at ChildProcess.exithandler (node:child_process:420:12)
	at ChildProcess.emit (node:events:513:28)
	at maybeClose (node:internal/child_process:1091:16)
	at ChildProcess._handle.onexit (node:internal/child_process:302:5)
2023-11-24 06:58:10.341 [error] Error: Command failed: git commit -am 'Save progress: 1410.1'

	at ChildProcess.exithandler (node:child_process:420:12)
	at ChildProcess.emit (node:events:513:28)
	at maybeClose (node:internal/child_process:1091:16)
	at ChildProcess._handle.onexit (node:internal/child_process:302:5)
2023-11-24 06:58:30.041 [error] Error: Command failed: git commit -am 'Save progress: 1420.1'

	at ChildProcess.exithandler (node:child_process:420:12)
	at ChildProcess.emit (node:events:513:28)
	at maybeClose (node:internal/child_process:1091:16)
	at ChildProcess._handle.onexit (node:internal/child_process:302:5)
2023-11-24 06:58:46.763 [error] Error: Command failed: git commit -am 'Save progress: 1430.1'

	at ChildProcess.exithandler (node:child_process:420:12)
	at ChildProcess.emit (node:events:513:28)
	at maybeClose (node:internal/child_process:1091:16)
	at ChildProcess._handle.onexit (node:internal/child_process:302:5)
2023-11-24 07:00:52.319 [error] Error: Command failed: git commit -am 'Save progress: 1440.1'

	at ChildProcess.exithandler (node:child_process:420:12)
	at ChildProcess.emit (node:events:513:28)
	at maybeClose (node:internal/child_process:1091:16)
	at ChildProcess._handle.onexit (node:internal/child_process:302:5)
2023-11-24 07:01:56.940 [error] Error: Command failed: git commit -am 'Save progress: 1450.1'

	at ChildProcess.exithandler (node:child_process:420:12)
	at ChildProcess.emit (node:events:513:28)
	at maybeClose (node:internal/child_process:1091:16)
	at ChildProcess._handle.onexit (node:internal/child_process:302:5)
2023-11-24 07:04:00.001 [error] Error: Command failed: git commit -am 'Save progress: 1460.1'

	at ChildProcess.exithandler (node:child_process:420:12)
	at ChildProcess.emit (node:events:513:28)
	at maybeClose (node:internal/child_process:1091:16)
	at ChildProcess._handle.onexit (node:internal/child_process:302:5)
2023-11-24 07:04:40.303 [error] Error: Command failed: git commit -am 'Save progress: 1470.1'

	at ChildProcess.exithandler (node:child_process:420:12)
	at ChildProcess.emit (node:events:513:28)
	at maybeClose (node:internal/child_process:1091:16)
	at ChildProcess._handle.onexit (node:internal/child_process:302:5)
2023-11-24 07:05:19.347 [error] Error: Command failed: git commit -am 'Save progress: 1480.1'

	at ChildProcess.exithandler (node:child_process:420:12)
	at ChildProcess.emit (node:events:513:28)
	at maybeClose (node:internal/child_process:1091:16)
	at ChildProcess._handle.onexit (node:internal/child_process:302:5)
2023-11-24 07:07:52.772 [error] Error: Command failed: git commit -am 'Save progress: 1500.1'

	at ChildProcess.exithandler (node:child_process:420:12)
	at ChildProcess.emit (node:events:513:28)
	at maybeClose (node:internal/child_process:1091:16)
	at ChildProcess._handle.onexit (node:internal/child_process:302:5)
2023-11-24 07:08:31.551 [error] Error: Command failed: git commit -am 'Save progress: 1510.1'

	at ChildProcess.exithandler (node:child_process:420:12)
	at ChildProcess.emit (node:events:513:28)
	at maybeClose (node:internal/child_process:1091:16)
	at ChildProcess._handle.onexit (node:internal/child_process:302:5)
2023-11-24 07:10:46.869 [error] Error: Command failed: git commit -am 'Save progress: 1520.1'

	at ChildProcess.exithandler (node:child_process:420:12)
	at ChildProcess.emit (node:events:513:28)
	at maybeClose (node:internal/child_process:1091:16)
	at ChildProcess._handle.onexit (node:internal/child_process:302:5)
2023-11-24 07:11:34.439 [error] Error: Command failed: git commit -am 'Save progress: 1530.1'

	at ChildProcess.exithandler (node:child_process:420:12)
	at ChildProcess.emit (node:events:513:28)
	at maybeClose (node:internal/child_process:1091:16)
	at ChildProcess._handle.onexit (node:internal/child_process:302:5)
2023-11-24 07:15:07.506 [error] Error: Command failed: git commit -am 'Save progress: 1540.1'

	at ChildProcess.exithandler (node:child_process:420:12)
	at ChildProcess.emit (node:events:513:28)
	at maybeClose (node:internal/child_process:1091:16)
	at ChildProcess._handle.onexit (node:internal/child_process:302:5)
2023-11-24 07:15:32.368 [error] Error: Command failed: git commit -am 'Save progress: 1550.1'

	at ChildProcess.exithandler (node:child_process:420:12)
	at ChildProcess.emit (node:events:513:28)
	at maybeClose (node:internal/child_process:1091:16)
	at ChildProcess._handle.onexit (node:internal/child_process:302:5)
2023-11-24 07:16:01.676 [error] Error: Command failed: git commit -am 'Save progress: 1560.1'

	at ChildProcess.exithandler (node:child_process:420:12)
	at ChildProcess.emit (node:events:513:28)
	at maybeClose (node:internal/child_process:1091:16)
	at ChildProcess._handle.onexit (node:internal/child_process:302:5)
2023-11-24 07:16:24.275 [error] Error: Command failed: git commit -am 'Save progress: 1570.1'

	at ChildProcess.exithandler (node:child_process:420:12)
	at ChildProcess.emit (node:events:513:28)
	at maybeClose (node:internal/child_process:1091:16)
	at ChildProcess._handle.onexit (node:internal/child_process:302:5)
2023-11-24 07:16:41.652 [error] Error: Command failed: git commit -am 'Save progress: 1580.1'

	at ChildProcess.exithandler (node:child_process:420:12)
	at ChildProcess.emit (node:events:513:28)
	at maybeClose (node:internal/child_process:1091:16)
	at ChildProcess._handle.onexit (node:internal/child_process:302:5)
2023-11-24 07:17:03.919 [error] Error: Command failed: git commit -am 'Save progress: 1590.1'

	at ChildProcess.exithandler (node:child_process:420:12)
	at ChildProcess.emit (node:events:513:28)
	at maybeClose (node:internal/child_process:1091:16)
	at ChildProcess._handle.onexit (node:internal/child_process:302:5)
2023-11-24 07:17:26.050 [error] Error: Command failed: git commit -am 'Save progress: 1600.1'

	at ChildProcess.exithandler (node:child_process:420:12)
	at ChildProcess.emit (node:events:513:28)
	at maybeClose (node:internal/child_process:1091:16)
	at ChildProcess._handle.onexit (node:internal/child_process:302:5)
2023-11-24 07:17:45.134 [error] Error: Command failed: git commit -am 'Save progress: 1610.1'

	at ChildProcess.exithandler (node:child_process:420:12)
	at ChildProcess.emit (node:events:513:28)
	at maybeClose (node:internal/child_process:1091:16)
	at ChildProcess._handle.onexit (node:internal/child_process:302:5)
2023-11-24 07:18:16.213 [error] Error: Command failed: git commit -am 'Save progress: 1620.1'

	at ChildProcess.exithandler (node:child_process:420:12)
	at ChildProcess.emit (node:events:513:28)
	at maybeClose (node:internal/child_process:1091:16)
	at ChildProcess._handle.onexit (node:internal/child_process:302:5)
2023-11-24 07:19:01.221 [error] Error: Command failed: git commit -am 'Save progress: 1630.1'

	at ChildProcess.exithandler (node:child_process:420:12)
	at ChildProcess.emit (node:events:513:28)
	at maybeClose (node:internal/child_process:1091:16)
	at ChildProcess._handle.onexit (node:internal/child_process:302:5)
2023-11-24 07:20:51.029 [error] Error: Command failed: git commit -am 'Save progress: 1640.1'

	at ChildProcess.exithandler (node:child_process:420:12)
	at ChildProcess.emit (node:events:513:28)
	at maybeClose (node:internal/child_process:1091:16)
	at ChildProcess._handle.onexit (node:internal/child_process:302:5)
2023-11-24 07:21:32.368 [error] Error: Command failed: git commit -am 'Save progress: 1650.1'

	at ChildProcess.exithandler (node:child_process:420:12)
	at ChildProcess.emit (node:events:513:28)
	at maybeClose (node:internal/child_process:1091:16)
	at ChildProcess._handle.onexit (node:internal/child_process:302:5)
2023-11-24 07:24:46.305 [error] Error: Command failed: git commit -am 'Save progress: 1660.1'

	at ChildProcess.exithandler (node:child_process:420:12)
	at ChildProcess.emit (node:events:513:28)
	at maybeClose (node:internal/child_process:1091:16)
	at ChildProcess._handle.onexit (node:internal/child_process:302:5)
2023-11-24 07:26:41.099 [error] Error: Command failed: git commit -am 'Save progress: 1670.1'

	at ChildProcess.exithandler (node:child_process:420:12)
	at ChildProcess.emit (node:events:513:28)
	at maybeClose (node:internal/child_process:1091:16)
	at ChildProcess._handle.onexit (node:internal/child_process:302:5)
2023-11-24 07:39:47.295 [error] Error: Command failed: git commit -am 'Save progress: 1680.1'

	at ChildProcess.exithandler (node:child_process:420:12)
	at ChildProcess.emit (node:events:513:28)
	at maybeClose (node:internal/child_process:1091:16)
	at ChildProcess._handle.onexit (node:internal/child_process:302:5)
2023-11-24 07:40:28.411 [info] Extension host terminating: received terminate message from renderer
2023-11-24 07:40:28.412 [info] Lock '/home/codeally/.vscode-server/data/User/workspaceStorage/fd3afab31e8ff26183585d1981f0b6fe/vscode.lock': Marking the lockfile as scheduled to be released in 6000 ms.
2023-11-24 07:40:28.462 [error] Canceled: Canceled
	at new f (/vscode/vscode-server/bin/linux-x64/1a5daa3a0231a0fbba4f14db7ec463cf99d7768e/out/vs/workbench/api/node/extensionHostProcess.js:125:108614)
	at n.U (/vscode/vscode-server/bin/linux-x64/1a5daa3a0231a0fbba4f14db7ec463cf99d7768e/out/vs/workbench/api/node/extensionHostProcess.js:134:10873)
	at F.<computed>.z.charCodeAt.F.<computed> (/vscode/vscode-server/bin/linux-x64/1a5daa3a0231a0fbba4f14db7ec463cf99d7768e/out/vs/workbench/api/node/extensionHostProcess.js:134:8315)
	at i.g (/vscode/vscode-server/bin/linux-x64/1a5daa3a0231a0fbba4f14db7ec463cf99d7768e/out/vs/workbench/api/node/extensionHostProcess.js:125:139130)
	at i.executeCommand (/vscode/vscode-server/bin/linux-x64/1a5daa3a0231a0fbba4f14db7ec463cf99d7768e/out/vs/workbench/api/node/extensionHostProcess.js:125:138568)
	at $.registerCommand.description (/vscode/vscode-server/bin/linux-x64/1a5daa3a0231a0fbba4f14db7ec463cf99d7768e/out/vs/workbench/api/node/extensionHostProcess.js:125:137892)
	at i.h (/vscode/vscode-server/bin/linux-x64/1a5daa3a0231a0fbba4f14db7ec463cf99d7768e/out/vs/workbench/api/node/extensionHostProcess.js:125:139669)
	at i.g (/vscode/vscode-server/bin/linux-x64/1a5daa3a0231a0fbba4f14db7ec463cf99d7768e/out/vs/workbench/api/node/extensionHostProcess.js:125:138661)
	at i.executeCommand (/vscode/vscode-server/bin/linux-x64/1a5daa3a0231a0fbba4f14db7ec463cf99d7768e/out/vs/workbench/api/node/extensionHostProcess.js:125:138568)
	at Object.executeCommand (/vscode/vscode-server/bin/linux-x64/1a5daa3a0231a0fbba4f14db7ec463cf99d7768e/out/vs/workbench/api/node/extensionHostProcess.js:140:21329)
	at h.D [as value] (/vscode/vscode-server/bin/linux-x64/1a5daa3a0231a0fbba4f14db7ec463cf99d7768e/extensions/git/dist/main.js:2:1316925)
	at c.y (/vscode/vscode-server/bin/linux-x64/1a5daa3a0231a0fbba4f14db7ec463cf99d7768e/out/vs/workbench/api/node/extensionHostProcess.js:80:1902)
	at c.z (/vscode/vscode-server/bin/linux-x64/1a5daa3a0231a0fbba4f14db7ec463cf99d7768e/out/vs/workbench/api/node/extensionHostProcess.js:80:1972)
	at c.fire (/vscode/vscode-server/bin/linux-x64/1a5daa3a0231a0fbba4f14db7ec463cf99d7768e/out/vs/workbench/api/node/extensionHostProcess.js:80:2188)
	at Object.m [as dispose] (/vscode/vscode-server/bin/linux-x64/1a5daa3a0231a0fbba4f14db7ec463cf99d7768e/extensions/git/dist/main.js:2:1332842)
	at /vscode/vscode-server/bin/linux-x64/1a5daa3a0231a0fbba4f14db7ec463cf99d7768e/extensions/git/dist/main.js:2:1337795
	at Array.forEach (<anonymous>)
	at g.dispose (/vscode/vscode-server/bin/linux-x64/1a5daa3a0231a0fbba4f14db7ec463cf99d7768e/extensions/git/dist/main.js:2:1337781)
	at w.<anonymous> (/vscode/vscode-server/bin/linux-x64/1a5daa3a0231a0fbba4f14db7ec463cf99d7768e/out/vs/workbench/api/node/extensionHostProcess.js:121:3572)
	at w.dispose (/vscode/vscode-server/bin/linux-x64/1a5daa3a0231a0fbba4f14db7ec463cf99d7768e/out/vs/workbench/api/node/extensionHostProcess.js:121:3669)
	at w.<anonymous> (/vscode/vscode-server/bin/linux-x64/1a5daa3a0231a0fbba4f14db7ec463cf99d7768e/extensions/git/dist/main.js:2:1318937)
	at w.dispose (/vscode/vscode-server/bin/linux-x64/1a5daa3a0231a0fbba4f14db7ec463cf99d7768e/out/vs/workbench/api/node/extensionHostProcess.js:121:3669)
	at o (/vscode/vscode-server/bin/linux-x64/1a5daa3a0231a0fbba4f14db7ec463cf99d7768e/out/vs/workbench/api/node/extensionHostProcess.js:30:754)
	at h.cb (/vscode/vscode-server/bin/linux-x64/1a5daa3a0231a0fbba4f14db7ec463cf99d7768e/out/vs/workbench/api/node/extensionHostProcess.js:136:9843)
	at /vscode/vscode-server/bin/linux-x64/1a5daa3a0231a0fbba4f14db7ec463cf99d7768e/out/vs/workbench/api/node/extensionHostProcess.js:136:7793
	at Array.map (<anonymous>)
	at h.Y (/vscode/vscode-server/bin/linux-x64/1a5daa3a0231a0fbba4f14db7ec463cf99d7768e/out/vs/workbench/api/node/extensionHostProcess.js:136:7781)
	at h.terminate (/vscode/vscode-server/bin/linux-x64/1a5daa3a0231a0fbba4f14db7ec463cf99d7768e/out/vs/workbench/api/node/extensionHostProcess.js:136:8051)
	at o.terminate (/vscode/vscode-server/bin/linux-x64/1a5daa3a0231a0fbba4f14db7ec463cf99d7768e/out/vs/workbench/api/node/extensionHostProcess.js:140:1513)
	at a (/vscode/vscode-server/bin/linux-x64/1a5daa3a0231a0fbba4f14db7ec463cf99d7768e/out/vs/workbench/api/node/extensionHostProcess.js:153:9817)
	at h.value (/vscode/vscode-server/bin/linux-x64/1a5daa3a0231a0fbba4f14db7ec463cf99d7768e/out/vs/workbench/api/node/extensionHostProcess.js:153:7864)
	at c.y (/vscode/vscode-server/bin/linux-x64/1a5daa3a0231a0fbba4f14db7ec463cf99d7768e/out/vs/workbench/api/node/extensionHostProcess.js:80:1902)
	at c.fire (/vscode/vscode-server/bin/linux-x64/1a5daa3a0231a0fbba4f14db7ec463cf99d7768e/out/vs/workbench/api/node/extensionHostProcess.js:80:2119)
	at d.fire (/vscode/vscode-server/bin/linux-x64/1a5daa3a0231a0fbba4f14db7ec463cf99d7768e/out/vs/workbench/api/node/extensionHostProcess.js:96:14047)
	at s.z (/vscode/vscode-server/bin/linux-x64/1a5daa3a0231a0fbba4f14db7ec463cf99d7768e/out/vs/workbench/api/node/extensionHostProcess.js:96:17112)
	at h.value (/vscode/vscode-server/bin/linux-x64/1a5daa3a0231a0fbba4f14db7ec463cf99d7768e/out/vs/workbench/api/node/extensionHostProcess.js:96:16517)
	at c.y (/vscode/vscode-server/bin/linux-x64/1a5daa3a0231a0fbba4f14db7ec463cf99d7768e/out/vs/workbench/api/node/extensionHostProcess.js:80:1902)
	at c.fire (/vscode/vscode-server/bin/linux-x64/1a5daa3a0231a0fbba4f14db7ec463cf99d7768e/out/vs/workbench/api/node/extensionHostProcess.js:80:2119)
	at h.acceptChunk (/vscode/vscode-server/bin/linux-x64/1a5daa3a0231a0fbba4f14db7ec463cf99d7768e/out/vs/workbench/api/node/extensionHostProcess.js:96:11821)
	at h.value (/vscode/vscode-server/bin/linux-x64/1a5daa3a0231a0fbba4f14db7ec463cf99d7768e/out/vs/workbench/api/node/extensionHostProcess.js:96:11108)
	at c.y (/vscode/vscode-server/bin/linux-x64/1a5daa3a0231a0fbba4f14db7ec463cf99d7768e/out/vs/workbench/api/node/extensionHostProcess.js:80:1902)
	at c.fire (/vscode/vscode-server/bin/linux-x64/1a5daa3a0231a0fbba4f14db7ec463cf99d7768e/out/vs/workbench/api/node/extensionHostProcess.js:80:2119)
	at c.z (/vscode/vscode-server/bin/linux-x64/1a5daa3a0231a0fbba4f14db7ec463cf99d7768e/out/vs/workbench/api/node/extensionHostProcess.js:150:19408)
	at c.acceptFrame (/vscode/vscode-server/bin/linux-x64/1a5daa3a0231a0fbba4f14db7ec463cf99d7768e/out/vs/workbench/api/node/extensionHostProcess.js:150:19214)
	at l.n (/vscode/vscode-server/bin/linux-x64/1a5daa3a0231a0fbba4f14db7ec463cf99d7768e/out/vs/workbench/api/node/extensionHostProcess.js:150:17713)
	at /vscode/vscode-server/bin/linux-x64/1a5daa3a0231a0fbba4f14db7ec463cf99d7768e/out/vs/workbench/api/node/extensionHostProcess.js:150:14933
	at Socket.p (/vscode/vscode-server/bin/linux-x64/1a5daa3a0231a0fbba4f14db7ec463cf99d7768e/out/vs/workbench/api/node/extensionHostProcess.js:150:12838)
	at Socket.emit (node:events:513:28)
	at addChunk (node:internal/streams/readable:324:12)
	at readableAddChunk (node:internal/streams/readable:297:9)
	at Readable.push (node:internal/streams/readable:234:10)
	at TCP.onStreamRead (node:internal/stream_base_commons:190:23) setContext undefined
2023-11-24 07:40:28.479 [error] Canceled: Canceled
	at new f (/vscode/vscode-server/bin/linux-x64/1a5daa3a0231a0fbba4f14db7ec463cf99d7768e/out/vs/workbench/api/node/extensionHostProcess.js:125:108614)
	at n.U (/vscode/vscode-server/bin/linux-x64/1a5daa3a0231a0fbba4f14db7ec463cf99d7768e/out/vs/workbench/api/node/extensionHostProcess.js:134:10873)
	at F.<computed>.z.charCodeAt.F.<computed> (/vscode/vscode-server/bin/linux-x64/1a5daa3a0231a0fbba4f14db7ec463cf99d7768e/out/vs/workbench/api/node/extensionHostProcess.js:134:8315)
	at i.g (/vscode/vscode-server/bin/linux-x64/1a5daa3a0231a0fbba4f14db7ec463cf99d7768e/out/vs/workbench/api/node/extensionHostProcess.js:125:139130)
	at i.executeCommand (/vscode/vscode-server/bin/linux-x64/1a5daa3a0231a0fbba4f14db7ec463cf99d7768e/out/vs/workbench/api/node/extensionHostProcess.js:125:138568)
	at $.registerCommand.description (/vscode/vscode-server/bin/linux-x64/1a5daa3a0231a0fbba4f14db7ec463cf99d7768e/out/vs/workbench/api/node/extensionHostProcess.js:125:137892)
	at i.h (/vscode/vscode-server/bin/linux-x64/1a5daa3a0231a0fbba4f14db7ec463cf99d7768e/out/vs/workbench/api/node/extensionHostProcess.js:125:139669)
	at i.g (/vscode/vscode-server/bin/linux-x64/1a5daa3a0231a0fbba4f14db7ec463cf99d7768e/out/vs/workbench/api/node/extensionHostProcess.js:125:138661)
	at i.executeCommand (/vscode/vscode-server/bin/linux-x64/1a5daa3a0231a0fbba4f14db7ec463cf99d7768e/out/vs/workbench/api/node/extensionHostProcess.js:125:138568)
	at Object.executeCommand (/vscode/vscode-server/bin/linux-x64/1a5daa3a0231a0fbba4f14db7ec463cf99d7768e/out/vs/workbench/api/node/extensionHostProcess.js:140:21329)
	at set b [as b] (/vscode/vscode-server/bin/linux-x64/1a5daa3a0231a0fbba4f14db7ec463cf99d7768e/extensions/github/dist/extension.js:2:714708)
	at /vscode/vscode-server/bin/linux-x64/1a5daa3a0231a0fbba4f14db7ec463cf99d7768e/extensions/github/dist/extension.js:2:715349
	at h.value (/vscode/vscode-server/bin/linux-x64/1a5daa3a0231a0fbba4f14db7ec463cf99d7768e/extensions/git/dist/main.js:2:1408111)
	at c.y (/vscode/vscode-server/bin/linux-x64/1a5daa3a0231a0fbba4f14db7ec463cf99d7768e/out/vs/workbench/api/node/extensionHostProcess.js:80:1902)
	at c.z (/vscode/vscode-server/bin/linux-x64/1a5daa3a0231a0fbba4f14db7ec463cf99d7768e/out/vs/workbench/api/node/extensionHostProcess.js:80:1972)
	at c.fire (/vscode/vscode-server/bin/linux-x64/1a5daa3a0231a0fbba4f14db7ec463cf99d7768e/out/vs/workbench/api/node/extensionHostProcess.js:80:2188)
	at Object.m [as dispose] (/vscode/vscode-server/bin/linux-x64/1a5daa3a0231a0fbba4f14db7ec463cf99d7768e/extensions/git/dist/main.js:2:1332842)
	at /vscode/vscode-server/bin/linux-x64/1a5daa3a0231a0fbba4f14db7ec463cf99d7768e/extensions/git/dist/main.js:2:1337795
	at Array.forEach (<anonymous>)
	at g.dispose (/vscode/vscode-server/bin/linux-x64/1a5daa3a0231a0fbba4f14db7ec463cf99d7768e/extensions/git/dist/main.js:2:1337781)
	at w.<anonymous> (/vscode/vscode-server/bin/linux-x64/1a5daa3a0231a0fbba4f14db7ec463cf99d7768e/out/vs/workbench/api/node/extensionHostProcess.js:121:3572)
	at w.dispose (/vscode/vscode-server/bin/linux-x64/1a5daa3a0231a0fbba4f14db7ec463cf99d7768e/out/vs/workbench/api/node/extensionHostProcess.js:121:3669)
	at w.<anonymous> (/vscode/vscode-server/bin/linux-x64/1a5daa3a0231a0fbba4f14db7ec463cf99d7768e/extensions/git/dist/main.js:2:1318937)
	at w.dispose (/vscode/vscode-server/bin/linux-x64/1a5daa3a0231a0fbba4f14db7ec463cf99d7768e/out/vs/workbench/api/node/extensionHostProcess.js:121:3669)
	at o (/vscode/vscode-server/bin/linux-x64/1a5daa3a0231a0fbba4f14db7ec463cf99d7768e/out/vs/workbench/api/node/extensionHostProcess.js:30:754)
	at h.cb (/vscode/vscode-server/bin/linux-x64/1a5daa3a0231a0fbba4f14db7ec463cf99d7768e/out/vs/workbench/api/node/extensionHostProcess.js:136:9843)
	at /vscode/vscode-server/bin/linux-x64/1a5daa3a0231a0fbba4f14db7ec463cf99d7768e/out/vs/workbench/api/node/extensionHostProcess.js:136:7793
	at Array.map (<anonymous>)
	at h.Y (/vscode/vscode-server/bin/linux-x64/1a5daa3a0231a0fbba4f14db7ec463cf99d7768e/out/vs/workbench/api/node/extensionHostProcess.js:136:7781)
	at h.terminate (/vscode/vscode-server/bin/linux-x64/1a5daa3a0231a0fbba4f14db7ec463cf99d7768e/out/vs/workbench/api/node/extensionHostProcess.js:136:8051)
	at o.terminate (/vscode/vscode-server/bin/linux-x64/1a5daa3a0231a0fbba4f14db7ec463cf99d7768e/out/vs/workbench/api/node/extensionHostProcess.js:140:1513)
	at a (/vscode/vscode-server/bin/linux-x64/1a5daa3a0231a0fbba4f14db7ec463cf99d7768e/out/vs/workbench/api/node/extensionHostProcess.js:153:9817)
	at h.value (/vscode/vscode-server/bin/linux-x64/1a5daa3a0231a0fbba4f14db7ec463cf99d7768e/out/vs/workbench/api/node/extensionHostProcess.js:153:7864)
	at c.y (/vscode/vscode-server/bin/linux-x64/1a5daa3a0231a0fbba4f14db7ec463cf99d7768e/out/vs/workbench/api/node/extensionHostProcess.js:80:1902)
	at c.fire (/vscode/vscode-server/bin/linux-x64/1a5daa3a0231a0fbba4f14db7ec463cf99d7768e/out/vs/workbench/api/node/extensionHostProcess.js:80:2119)
	at d.fire (/vscode/vscode-server/bin/linux-x64/1a5daa3a0231a0fbba4f14db7ec463cf99d7768e/out/vs/workbench/api/node/extensionHostProcess.js:96:14047)
	at s.z (/vscode/vscode-server/bin/linux-x64/1a5daa3a0231a0fbba4f14db7ec463cf99d7768e/out/vs/workbench/api/node/extensionHostProcess.js:96:17112)
	at h.value (/vscode/vscode-server/bin/linux-x64/1a5daa3a0231a0fbba4f14db7ec463cf99d7768e/out/vs/workbench/api/node/extensionHostProcess.js:96:16517)
	at c.y (/vscode/vscode-server/bin/linux-x64/1a5daa3a0231a0fbba4f14db7ec463cf99d7768e/out/vs/workbench/api/node/extensionHostProcess.js:80:1902)
	at c.fire (/vscode/vscode-server/bin/linux-x64/1a5daa3a0231a0fbba4f14db7ec463cf99d7768e/out/vs/workbench/api/node/extensionHostProcess.js:80:2119)
	at h.acceptChunk (/vscode/vscode-server/bin/linux-x64/1a5daa3a0231a0fbba4f14db7ec463cf99d7768e/out/vs/workbench/api/node/extensionHostProcess.js:96:11821)
	at h.value (/vscode/vscode-server/bin/linux-x64/1a5daa3a0231a0fbba4f14db7ec463cf99d7768e/out/vs/workbench/api/node/extensionHostProcess.js:96:11108)
	at c.y (/vscode/vscode-server/bin/linux-x64/1a5daa3a0231a0fbba4f14db7ec463cf99d7768e/out/vs/workbench/api/node/extensionHostProcess.js:80:1902)
	at c.fire (/vscode/vscode-server/bin/linux-x64/1a5daa3a0231a0fbba4f14db7ec463cf99d7768e/out/vs/workbench/api/node/extensionHostProcess.js:80:2119)
	at c.z (/vscode/vscode-server/bin/linux-x64/1a5daa3a0231a0fbba4f14db7ec463cf99d7768e/out/vs/workbench/api/node/extensionHostProcess.js:150:19408)
	at c.acceptFrame (/vscode/vscode-server/bin/linux-x64/1a5daa3a0231a0fbba4f14db7ec463cf99d7768e/out/vs/workbench/api/node/extensionHostProcess.js:150:19214)
	at l.n (/vscode/vscode-server/bin/linux-x64/1a5daa3a0231a0fbba4f14db7ec463cf99d7768e/out/vs/workbench/api/node/extensionHostProcess.js:150:17713)
	at /vscode/vscode-server/bin/linux-x64/1a5daa3a0231a0fbba4f14db7ec463cf99d7768e/out/vs/workbench/api/node/extensionHostProcess.js:150:14933
	at Socket.p (/vscode/vscode-server/bin/linux-x64/1a5daa3a0231a0fbba4f14db7ec463cf99d7768e/out/vs/workbench/api/node/extensionHostProcess.js:150:12838)
	at Socket.emit (node:events:513:28)
	at addChunk (node:internal/streams/readable:324:12)
	at readableAddChunk (node:internal/streams/readable:297:9)
	at Readable.push (node:internal/streams/readable:234:10)
	at TCP.onStreamRead (node:internal/stream_base_commons:190:23) setContext undefined
2023-11-24 07:40:28.479 [info] Extension host with pid 286 exiting with code 0
