2023-11-22 10:02:28.569 [info] Log level: Info
2023-11-22 10:02:28.569 [info] Validating found git in: "git"
2023-11-22 10:02:28.569 [info] Using git "2.25.1" from "git"
2023-11-22 10:02:28.569 [info] > git rev-parse --show-toplevel [3ms]
2023-11-22 10:02:28.569 [info] > git rev-parse --git-dir --git-common-dir [3ms]
2023-11-22 10:02:28.569 [info] Open repository: /home/codeally/project
2023-11-22 10:02:28.569 [info] > git rev-parse --show-toplevel [6ms]
2023-11-22 10:02:28.569 [info] > git config --get commit.template [11ms]
2023-11-22 10:02:28.593 [info] > git for-each-ref --format=%(refname)%00%(upstream:short)%00%(objectname)%00%(upstream:track)%00%(upstream:remotename)%00%(upstream:remoteref) refs/heads/master refs/remotes/master [9ms]
2023-11-22 10:02:28.598 [info] > git rev-parse --show-toplevel [18ms]
2023-11-22 10:02:28.602 [info] > git status -z -uall [5ms]
2023-11-22 10:02:28.619 [info] > git config --get commit.template [5ms]
2023-11-22 10:02:28.620 [info] > git for-each-ref --format=%(refname)%00%(upstream:short)%00%(objectname)%00%(upstream:track)%00%(upstream:remotename)%00%(upstream:remoteref) refs/heads/master refs/remotes/master [2ms]
2023-11-22 10:02:28.626 [info] > git status -z -uall [2ms]
2023-11-22 10:03:00.428 [info] > git config --get commit.template [1ms]
2023-11-22 10:03:00.434 [info] > git for-each-ref --format=%(refname)%00%(upstream:short)%00%(objectname)%00%(upstream:track)%00%(upstream:remotename)%00%(upstream:remoteref) refs/heads/master refs/remotes/master [1ms]
2023-11-22 10:03:00.439 [info] > git status -z -uall [2ms]
2023-11-22 10:34:56.238 [info] > git config --get commit.template [2ms]
2023-11-22 10:34:56.244 [info] > git for-each-ref --format=%(refname)%00%(upstream:short)%00%(objectname)%00%(upstream:track)%00%(upstream:remotename)%00%(upstream:remoteref) refs/heads/master refs/remotes/master [2ms]
2023-11-22 10:34:56.250 [info] > git status -z -uall [2ms]
2023-11-22 10:35:01.275 [info] > git config --get commit.template [3ms]
2023-11-22 10:35:01.283 [info] > git for-each-ref --format=%(refname)%00%(upstream:short)%00%(objectname)%00%(upstream:track)%00%(upstream:remotename)%00%(upstream:remoteref) refs/heads/master refs/remotes/master [2ms]
2023-11-22 10:35:01.291 [info] > git status -z -uall [2ms]
2023-11-22 10:35:24.735 [info] > git config --get commit.template [1ms]
2023-11-22 10:35:24.741 [info] > git for-each-ref --format=%(refname)%00%(upstream:short)%00%(objectname)%00%(upstream:track)%00%(upstream:remotename)%00%(upstream:remoteref) refs/heads/master refs/remotes/master [1ms]
2023-11-22 10:35:24.750 [info] > git status -z -uall [2ms]
2023-11-22 10:36:19.734 [info] > git config --get commit.template [5ms]
2023-11-22 10:36:19.734 [info] > git for-each-ref --format=%(refname)%00%(upstream:short)%00%(objectname)%00%(upstream:track)%00%(upstream:remotename)%00%(upstream:remoteref) refs/heads/master refs/remotes/master [1ms]
2023-11-22 10:36:19.740 [info] > git status -z -uall [2ms]
2023-11-22 10:37:01.636 [info] > git config --get commit.template [14ms]
2023-11-22 10:37:01.637 [info] > git for-each-ref --format=%(refname)%00%(upstream:short)%00%(objectname)%00%(upstream:track)%00%(upstream:remotename)%00%(upstream:remoteref) refs/heads/master refs/remotes/master [2ms]
2023-11-22 10:37:01.647 [info] > git status -z -uall [3ms]
