2023-11-22 11:47:54.892 [info] Log level: Info
2023-11-22 11:47:54.892 [info] Validating found git in: "git"
2023-11-22 11:47:54.892 [info] Using git "2.25.1" from "git"
2023-11-22 11:47:54.899 [info] > git rev-parse --show-toplevel [9ms]
2023-11-22 11:47:54.904 [info] > git rev-parse --git-dir --git-common-dir [1ms]
2023-11-22 11:47:54.922 [info] Open repository: /home/codeally/project
2023-11-22 11:47:54.976 [info] > git config --get commit.template [6ms]
2023-11-22 11:47:54.977 [info] > git rev-parse --show-toplevel [4ms]
2023-11-22 11:47:54.989 [info] > git rev-parse --show-toplevel [1ms]
2023-11-22 11:47:54.992 [info] > git for-each-ref --format=%(refname)%00%(upstream:short)%00%(objectname)%00%(upstream:track)%00%(upstream:remotename)%00%(upstream:remoteref) refs/heads/master refs/remotes/master [11ms]
2023-11-22 11:47:55.006 [info] > git status -z -uall [10ms]
2023-11-22 11:47:55.063 [info] > git config --get commit.template [2ms]
2023-11-22 11:47:55.076 [info] > git for-each-ref --format=%(refname)%00%(upstream:short)%00%(objectname)%00%(upstream:track)%00%(upstream:remotename)%00%(upstream:remoteref) refs/heads/master refs/remotes/master [2ms]
2023-11-22 11:47:55.080 [info] > git status -z -uall [0ms]
2023-11-22 11:47:56.411 [info] > git config --get commit.template [4ms]
2023-11-22 11:47:56.412 [info] > git for-each-ref --format=%(refname)%00%(upstream:short)%00%(objectname)%00%(upstream:track)%00%(upstream:remotename)%00%(upstream:remoteref) refs/heads/master refs/remotes/master [1ms]
2023-11-22 11:47:56.416 [info] > git status -z -uall [1ms]
2023-11-22 11:48:55.772 [info] > git config --get commit.template [6ms]
2023-11-22 11:48:55.772 [info] > git for-each-ref --format=%(refname)%00%(upstream:short)%00%(objectname)%00%(upstream:track)%00%(upstream:remotename)%00%(upstream:remoteref) refs/heads/master refs/remotes/master [1ms]
2023-11-22 11:48:55.777 [info] > git status -z -uall [2ms]
2023-11-22 11:49:00.998 [info] > git config --get commit.template [2ms]
2023-11-22 11:49:01.004 [info] > git for-each-ref --format=%(refname)%00%(upstream:short)%00%(objectname)%00%(upstream:track)%00%(upstream:remotename)%00%(upstream:remoteref) refs/heads/master refs/remotes/master [3ms]
2023-11-22 11:49:01.009 [info] > git status -z -uall [1ms]
2023-11-22 11:49:23.138 [info] > git config --get commit.template [1ms]
2023-11-22 11:49:23.145 [info] > git for-each-ref --format=%(refname)%00%(upstream:short)%00%(objectname)%00%(upstream:track)%00%(upstream:remotename)%00%(upstream:remoteref) refs/heads/master refs/remotes/master [1ms]
2023-11-22 11:49:23.152 [info] > git status -z -uall [3ms]
2023-11-22 11:49:49.449 [info] > git config --get commit.template [4ms]
2023-11-22 11:49:49.449 [info] > git for-each-ref --format=%(refname)%00%(upstream:short)%00%(objectname)%00%(upstream:track)%00%(upstream:remotename)%00%(upstream:remoteref) refs/heads/master refs/remotes/master [1ms]
2023-11-22 11:49:49.454 [info] > git status -z -uall [2ms]
2023-11-22 11:54:51.940 [info] > git config --get commit.template [5ms]
2023-11-22 11:54:51.941 [info] > git for-each-ref --format=%(refname)%00%(upstream:short)%00%(objectname)%00%(upstream:track)%00%(upstream:remotename)%00%(upstream:remoteref) refs/heads/master refs/remotes/master [1ms]
2023-11-22 11:54:51.946 [info] > git status -z -uall [2ms]
2023-11-22 11:54:57.503 [info] > git config --get commit.template [7ms]
2023-11-22 11:54:57.504 [info] > git for-each-ref --format=%(refname)%00%(upstream:short)%00%(objectname)%00%(upstream:track)%00%(upstream:remotename)%00%(upstream:remoteref) refs/heads/master refs/remotes/master [2ms]
2023-11-22 11:54:57.511 [info] > git status -z -uall [3ms]
2023-11-22 11:55:36.219 [info] > git config --get commit.template [5ms]
2023-11-22 11:55:36.219 [info] > git for-each-ref --format=%(refname)%00%(upstream:short)%00%(objectname)%00%(upstream:track)%00%(upstream:remotename)%00%(upstream:remoteref) refs/heads/master refs/remotes/master [1ms]
2023-11-22 11:55:36.225 [info] > git status -z -uall [2ms]
2023-11-22 11:55:45.082 [info] > git config --get commit.template [8ms]
2023-11-22 11:55:45.083 [info] > git for-each-ref --format=%(refname)%00%(upstream:short)%00%(objectname)%00%(upstream:track)%00%(upstream:remotename)%00%(upstream:remoteref) refs/heads/master refs/remotes/master [2ms]
2023-11-22 11:55:45.091 [info] > git status -z -uall [3ms]
2023-11-22 11:55:50.649 [info] > git config --get commit.template [1ms]
2023-11-22 11:55:50.655 [info] > git for-each-ref --format=%(refname)%00%(upstream:short)%00%(objectname)%00%(upstream:track)%00%(upstream:remotename)%00%(upstream:remoteref) refs/heads/master refs/remotes/master [1ms]
2023-11-22 11:55:50.660 [info] > git status -z -uall [1ms]
2023-11-22 11:55:56.373 [info] > git config --get commit.template [6ms]
2023-11-22 11:55:56.373 [info] > git for-each-ref --format=%(refname)%00%(upstream:short)%00%(objectname)%00%(upstream:track)%00%(upstream:remotename)%00%(upstream:remoteref) refs/heads/master refs/remotes/master [1ms]
2023-11-22 11:55:56.379 [info] > git status -z -uall [1ms]
2023-11-22 11:56:01.527 [info] > git config --get commit.template [5ms]
2023-11-22 11:56:01.527 [info] > git for-each-ref --format=%(refname)%00%(upstream:short)%00%(objectname)%00%(upstream:track)%00%(upstream:remotename)%00%(upstream:remoteref) refs/heads/master refs/remotes/master [1ms]
2023-11-22 11:56:01.532 [info] > git status -z -uall [1ms]
2023-11-22 11:56:22.895 [info] > git config --get commit.template [2ms]
2023-11-22 11:56:22.900 [info] > git for-each-ref --format=%(refname)%00%(upstream:short)%00%(objectname)%00%(upstream:track)%00%(upstream:remotename)%00%(upstream:remoteref) refs/heads/master refs/remotes/master [1ms]
2023-11-22 11:56:22.906 [info] > git status -z -uall [2ms]
2023-11-22 11:56:27.925 [info] > git config --get commit.template [6ms]
2023-11-22 11:56:27.925 [info] > git for-each-ref --format=%(refname)%00%(upstream:short)%00%(objectname)%00%(upstream:track)%00%(upstream:remotename)%00%(upstream:remoteref) refs/heads/master refs/remotes/master [1ms]
2023-11-22 11:56:27.930 [info] > git status -z -uall [2ms]
2023-11-22 11:56:34.673 [info] > git config --get commit.template [4ms]
2023-11-22 11:56:34.674 [info] > git for-each-ref --format=%(refname)%00%(upstream:short)%00%(objectname)%00%(upstream:track)%00%(upstream:remotename)%00%(upstream:remoteref) refs/heads/master refs/remotes/master [1ms]
2023-11-22 11:56:34.679 [info] > git status -z -uall [2ms]
2023-11-22 11:56:39.697 [info] > git config --get commit.template [5ms]
2023-11-22 11:56:39.697 [info] > git for-each-ref --format=%(refname)%00%(upstream:short)%00%(objectname)%00%(upstream:track)%00%(upstream:remotename)%00%(upstream:remoteref) refs/heads/master refs/remotes/master [1ms]
2023-11-22 11:56:39.703 [info] > git status -z -uall [2ms]
2023-11-22 11:57:03.547 [info] > git config --get commit.template [4ms]
2023-11-22 11:57:03.548 [info] > git for-each-ref --format=%(refname)%00%(upstream:short)%00%(objectname)%00%(upstream:track)%00%(upstream:remotename)%00%(upstream:remoteref) refs/heads/master refs/remotes/master [1ms]
2023-11-22 11:57:03.553 [info] > git status -z -uall [2ms]
2023-11-22 11:57:42.202 [info] > git config --get commit.template [1ms]
2023-11-22 11:57:42.208 [info] > git for-each-ref --format=%(refname)%00%(upstream:short)%00%(objectname)%00%(upstream:track)%00%(upstream:remotename)%00%(upstream:remoteref) refs/heads/master refs/remotes/master [1ms]
2023-11-22 11:57:42.213 [info] > git status -z -uall [2ms]
2023-11-22 11:58:10.397 [info] > git config --get commit.template [1ms]
2023-11-22 11:58:10.402 [info] > git for-each-ref --format=%(refname)%00%(upstream:short)%00%(objectname)%00%(upstream:track)%00%(upstream:remotename)%00%(upstream:remoteref) refs/heads/master refs/remotes/master [1ms]
2023-11-22 11:58:10.407 [info] > git status -z -uall [1ms]
2023-11-22 11:58:43.504 [info] > git config --get commit.template [1ms]
2023-11-22 11:58:43.509 [info] > git for-each-ref --format=%(refname)%00%(upstream:short)%00%(objectname)%00%(upstream:track)%00%(upstream:remotename)%00%(upstream:remoteref) refs/heads/master refs/remotes/master [1ms]
2023-11-22 11:58:43.514 [info] > git status -z -uall [2ms]
2023-11-22 11:58:52.322 [info] > git config --get commit.template [5ms]
2023-11-22 11:58:52.322 [info] > git for-each-ref --format=%(refname)%00%(upstream:short)%00%(objectname)%00%(upstream:track)%00%(upstream:remotename)%00%(upstream:remoteref) refs/heads/master refs/remotes/master [1ms]
2023-11-22 11:58:52.327 [info] > git status -z -uall [1ms]
2023-11-22 11:58:58.747 [info] > git config --get commit.template [5ms]
2023-11-22 11:58:58.747 [info] > git for-each-ref --format=%(refname)%00%(upstream:short)%00%(objectname)%00%(upstream:track)%00%(upstream:remotename)%00%(upstream:remoteref) refs/heads/master refs/remotes/master [1ms]
2023-11-22 11:58:58.753 [info] > git status -z -uall [2ms]
2023-11-22 11:59:09.018 [info] > git config --get commit.template [5ms]
2023-11-22 11:59:09.018 [info] > git for-each-ref --format=%(refname)%00%(upstream:short)%00%(objectname)%00%(upstream:track)%00%(upstream:remotename)%00%(upstream:remoteref) refs/heads/master refs/remotes/master [1ms]
2023-11-22 11:59:09.024 [info] > git status -z -uall [1ms]
2023-11-22 11:59:19.098 [info] > git config --get commit.template [0ms]
2023-11-22 11:59:19.102 [info] > git for-each-ref --format=%(refname)%00%(upstream:short)%00%(objectname)%00%(upstream:track)%00%(upstream:remotename)%00%(upstream:remoteref) refs/heads/master refs/remotes/master [1ms]
2023-11-22 11:59:19.107 [info] > git status -z -uall [1ms]
2023-11-22 11:59:39.285 [info] > git config --get commit.template [2ms]
2023-11-22 11:59:39.290 [info] > git for-each-ref --format=%(refname)%00%(upstream:short)%00%(objectname)%00%(upstream:track)%00%(upstream:remotename)%00%(upstream:remoteref) refs/heads/master refs/remotes/master [1ms]
2023-11-22 11:59:39.295 [info] > git status -z -uall [2ms]
2023-11-22 11:59:48.880 [info] > git config --get commit.template [5ms]
2023-11-22 11:59:48.881 [info] > git for-each-ref --format=%(refname)%00%(upstream:short)%00%(objectname)%00%(upstream:track)%00%(upstream:remotename)%00%(upstream:remoteref) refs/heads/master refs/remotes/master [1ms]
2023-11-22 11:59:48.886 [info] > git status -z -uall [1ms]
2023-11-22 11:59:53.903 [info] > git config --get commit.template [4ms]
2023-11-22 11:59:53.903 [info] > git for-each-ref --format=%(refname)%00%(upstream:short)%00%(objectname)%00%(upstream:track)%00%(upstream:remotename)%00%(upstream:remoteref) refs/heads/master refs/remotes/master [1ms]
2023-11-22 11:59:53.908 [info] > git status -z -uall [2ms]
2023-11-22 11:59:59.318 [info] > git config --get commit.template [5ms]
2023-11-22 11:59:59.318 [info] > git for-each-ref --format=%(refname)%00%(upstream:short)%00%(objectname)%00%(upstream:track)%00%(upstream:remotename)%00%(upstream:remoteref) refs/heads/master refs/remotes/master [1ms]
2023-11-22 11:59:59.324 [info] > git status -z -uall [2ms]
2023-11-22 12:00:04.341 [info] > git config --get commit.template [6ms]
2023-11-22 12:00:04.341 [info] > git for-each-ref --format=%(refname)%00%(upstream:short)%00%(objectname)%00%(upstream:track)%00%(upstream:remotename)%00%(upstream:remoteref) refs/heads/master refs/remotes/master [1ms]
2023-11-22 12:00:04.347 [info] > git status -z -uall [2ms]
2023-11-22 12:00:25.670 [info] > git config --get commit.template [2ms]
2023-11-22 12:00:25.675 [info] > git for-each-ref --format=%(refname)%00%(upstream:short)%00%(objectname)%00%(upstream:track)%00%(upstream:remotename)%00%(upstream:remoteref) refs/heads/master refs/remotes/master [1ms]
2023-11-22 12:00:25.680 [info] > git status -z -uall [2ms]
2023-11-22 12:00:50.028 [info] > git config --get commit.template [7ms]
2023-11-22 12:00:50.028 [info] > git for-each-ref --format=%(refname)%00%(upstream:short)%00%(objectname)%00%(upstream:track)%00%(upstream:remotename)%00%(upstream:remoteref) refs/heads/master refs/remotes/master [1ms]
2023-11-22 12:00:50.035 [info] > git status -z -uall [2ms]
2023-11-22 12:00:55.049 [info] > git config --get commit.template [5ms]
2023-11-22 12:00:55.049 [info] > git for-each-ref --format=%(refname)%00%(upstream:short)%00%(objectname)%00%(upstream:track)%00%(upstream:remotename)%00%(upstream:remoteref) refs/heads/master refs/remotes/master [1ms]
2023-11-22 12:00:55.054 [info] > git status -z -uall [1ms]
2023-11-22 12:01:06.721 [info] > git config --get commit.template [5ms]
2023-11-22 12:01:06.721 [info] > git for-each-ref --format=%(refname)%00%(upstream:short)%00%(objectname)%00%(upstream:track)%00%(upstream:remotename)%00%(upstream:remoteref) refs/heads/master refs/remotes/master [1ms]
2023-11-22 12:01:06.726 [info] > git status -z -uall [1ms]
2023-11-22 12:01:23.029 [info] > git config --get commit.template [4ms]
2023-11-22 12:01:23.030 [info] > git for-each-ref --format=%(refname)%00%(upstream:short)%00%(objectname)%00%(upstream:track)%00%(upstream:remotename)%00%(upstream:remoteref) refs/heads/master refs/remotes/master [1ms]
2023-11-22 12:01:23.035 [info] > git status -z -uall [2ms]
