2023-11-22 09:10:18.096 [info] Extension host with pid 294 started
2023-11-22 09:10:18.128 [info] Lock '/home/codeally/.vscode-server/data/User/workspaceStorage/fd3afab31e8ff26183585d1981f0b6fe/vscode.lock': Lock acquired.
2023-11-22 09:10:18.202 [info] ExtensionService#_doActivateExtension vscode.git-base, startup: true, activationEvent: '*', root cause: vscode.git
2023-11-22 09:10:18.256 [info] ExtensionService#_doActivateExtension vscode.git, startup: true, activationEvent: '*'
2023-11-22 09:10:18.256 [info] ExtensionService#_doActivateExtension vscode.github, startup: true, activationEvent: '*'
2023-11-22 09:10:18.471 [info] Eager extensions activated
2023-11-22 09:10:18.475 [info] ExtensionService#_doActivateExtension vscode.debug-auto-launch, startup: false, activationEvent: 'onStartupFinished'
2023-11-22 09:10:18.475 [info] ExtensionService#_doActivateExtension vscode.merge-conflict, startup: false, activationEvent: 'onStartupFinished'
2023-11-22 09:10:32.797 [info] ExtensionService#_doActivateExtension vscode.emmet, startup: false, activationEvent: 'onLanguage'
2023-11-22 09:11:27.679 [info] ExtensionService#_doActivateExtension CodeRoad.coderoad, startup: false, activationEvent: 'onCommand:coderoad.start'
2023-11-22 09:13:02.492 [info] ExtensionService#_doActivateExtension vscode.npm, startup: false, activationEvent: 'onTerminalQuickFixRequest:ms-vscode.npm-command'
2023-11-22 09:14:42.481 [error] Error: Command failed: git commit -am 'Save progress: 30.1'

	at ChildProcess.exithandler (node:child_process:420:12)
	at ChildProcess.emit (node:events:513:28)
	at maybeClose (node:internal/child_process:1091:16)
	at ChildProcess._handle.onexit (node:internal/child_process:302:5)
2023-11-22 09:15:13.193 [error] Error: Command failed: git commit -am 'Save progress: 40.1'

	at ChildProcess.exithandler (node:child_process:420:12)
	at ChildProcess.emit (node:events:513:28)
	at maybeClose (node:internal/child_process:1091:16)
	at ChildProcess._handle.onexit (node:internal/child_process:302:5)
2023-11-22 09:15:30.988 [error] Error: Command failed: git commit -am 'Save progress: 50.1'

	at ChildProcess.exithandler (node:child_process:420:12)
	at ChildProcess.emit (node:events:513:28)
	at maybeClose (node:internal/child_process:1091:16)
	at Socket.<anonymous> (node:internal/child_process:449:11)
	at Socket.emit (node:events:513:28)
	at Pipe.<anonymous> (node:net:322:12)
2023-11-22 09:16:26.810 [error] Error: Command failed: git commit -am 'Save progress: 60.1'

	at ChildProcess.exithandler (node:child_process:420:12)
	at ChildProcess.emit (node:events:513:28)
	at maybeClose (node:internal/child_process:1091:16)
	at ChildProcess._handle.onexit (node:internal/child_process:302:5)
2023-11-22 09:16:40.459 [error] Error: Command failed: git commit -am 'Save progress: 70.1'

	at ChildProcess.exithandler (node:child_process:420:12)
	at ChildProcess.emit (node:events:513:28)
	at maybeClose (node:internal/child_process:1091:16)
	at ChildProcess._handle.onexit (node:internal/child_process:302:5)
2023-11-22 09:17:14.477 [error] Error: Command failed: git commit -am 'Save progress: 80.1'

	at ChildProcess.exithandler (node:child_process:420:12)
	at ChildProcess.emit (node:events:513:28)
	at maybeClose (node:internal/child_process:1091:16)
	at ChildProcess._handle.onexit (node:internal/child_process:302:5)
2023-11-22 09:17:29.128 [error] Error: Command failed: git commit -am 'Save progress: 90.1'

	at ChildProcess.exithandler (node:child_process:420:12)
	at ChildProcess.emit (node:events:513:28)
	at maybeClose (node:internal/child_process:1091:16)
	at ChildProcess._handle.onexit (node:internal/child_process:302:5)
2023-11-22 09:17:44.542 [error] Error: Command failed: git commit -am 'Save progress: 100.1'

	at ChildProcess.exithandler (node:child_process:420:12)
	at ChildProcess.emit (node:events:513:28)
	at maybeClose (node:internal/child_process:1091:16)
	at ChildProcess._handle.onexit (node:internal/child_process:302:5)
2023-11-22 09:18:01.434 [error] Error: Command failed: git commit -am 'Save progress: 110.1'

	at ChildProcess.exithandler (node:child_process:420:12)
	at ChildProcess.emit (node:events:513:28)
	at maybeClose (node:internal/child_process:1091:16)
	at ChildProcess._handle.onexit (node:internal/child_process:302:5)
2023-11-22 09:18:15.162 [error] Error: Command failed: git commit -am 'Save progress: 120.1'

	at ChildProcess.exithandler (node:child_process:420:12)
	at ChildProcess.emit (node:events:513:28)
	at maybeClose (node:internal/child_process:1091:16)
	at ChildProcess._handle.onexit (node:internal/child_process:302:5)
2023-11-22 09:18:31.710 [error] Error: Command failed: git commit -am 'Save progress: 130.1'

	at ChildProcess.exithandler (node:child_process:420:12)
	at ChildProcess.emit (node:events:513:28)
	at maybeClose (node:internal/child_process:1091:16)
	at ChildProcess._handle.onexit (node:internal/child_process:302:5)
2023-11-22 09:18:56.522 [error] Error: Command failed: git commit -am 'Save progress: 140.1'

	at ChildProcess.exithandler (node:child_process:420:12)
	at ChildProcess.emit (node:events:513:28)
	at maybeClose (node:internal/child_process:1091:16)
	at ChildProcess._handle.onexit (node:internal/child_process:302:5)
2023-11-22 09:19:32.130 [error] Error: Command failed: git commit -am 'Save progress: 150.1'

	at ChildProcess.exithandler (node:child_process:420:12)
	at ChildProcess.emit (node:events:513:28)
	at maybeClose (node:internal/child_process:1091:16)
	at ChildProcess._handle.onexit (node:internal/child_process:302:5)
2023-11-22 09:19:44.185 [error] Error: Command failed: git commit -am 'Save progress: 160.1'

	at ChildProcess.exithandler (node:child_process:420:12)
	at ChildProcess.emit (node:events:513:28)
	at maybeClose (node:internal/child_process:1091:16)
	at ChildProcess._handle.onexit (node:internal/child_process:302:5)
2023-11-22 09:20:13.580 [error] Error: Command failed: git commit -am 'Save progress: 170.1'

	at ChildProcess.exithandler (node:child_process:420:12)
	at ChildProcess.emit (node:events:513:28)
	at maybeClose (node:internal/child_process:1091:16)
	at ChildProcess._handle.onexit (node:internal/child_process:302:5)
2023-11-22 09:20:27.459 [error] Error: Command failed: git commit -am 'Save progress: 180.1'

	at ChildProcess.exithandler (node:child_process:420:12)
	at ChildProcess.emit (node:events:513:28)
	at maybeClose (node:internal/child_process:1091:16)
	at ChildProcess._handle.onexit (node:internal/child_process:302:5)
2023-11-22 09:22:50.517 [error] Error: Command failed: git commit -am 'Save progress: 190.1'

	at ChildProcess.exithandler (node:child_process:420:12)
	at ChildProcess.emit (node:events:513:28)
	at maybeClose (node:internal/child_process:1091:16)
	at ChildProcess._handle.onexit (node:internal/child_process:302:5)
2023-11-22 09:24:43.561 [error] Error: Command failed: git commit -am 'Save progress: 210.1'

	at ChildProcess.exithandler (node:child_process:420:12)
	at ChildProcess.emit (node:events:513:28)
	at maybeClose (node:internal/child_process:1091:16)
	at ChildProcess._handle.onexit (node:internal/child_process:302:5)
2023-11-22 09:25:01.084 [error] Error: Command failed: git commit -am 'Save progress: 220.1'

	at ChildProcess.exithandler (node:child_process:420:12)
	at ChildProcess.emit (node:events:513:28)
	at maybeClose (node:internal/child_process:1091:16)
	at ChildProcess._handle.onexit (node:internal/child_process:302:5)
2023-11-22 09:25:35.295 [error] Error: Command failed: git commit -am 'Save progress: 230.1'

	at ChildProcess.exithandler (node:child_process:420:12)
	at ChildProcess.emit (node:events:513:28)
	at maybeClose (node:internal/child_process:1091:16)
	at ChildProcess._handle.onexit (node:internal/child_process:302:5)
2023-11-22 09:26:13.018 [error] Error: Command failed: git commit -am 'Save progress: 240.1'

	at ChildProcess.exithandler (node:child_process:420:12)
	at ChildProcess.emit (node:events:513:28)
	at maybeClose (node:internal/child_process:1091:16)
	at ChildProcess._handle.onexit (node:internal/child_process:302:5)
2023-11-22 09:26:30.634 [error] Error: Command failed: git commit -am 'Save progress: 250.1'

	at ChildProcess.exithandler (node:child_process:420:12)
	at ChildProcess.emit (node:events:513:28)
	at maybeClose (node:internal/child_process:1091:16)
	at ChildProcess._handle.onexit (node:internal/child_process:302:5)
2023-11-22 09:27:02.933 [error] Error: Command failed: git commit -am 'Save progress: 260.1'

	at ChildProcess.exithandler (node:child_process:420:12)
	at ChildProcess.emit (node:events:513:28)
	at maybeClose (node:internal/child_process:1091:16)
	at ChildProcess._handle.onexit (node:internal/child_process:302:5)
2023-11-22 09:27:22.595 [error] Error: Command failed: git commit -am 'Save progress: 270.1'

	at ChildProcess.exithandler (node:child_process:420:12)
	at ChildProcess.emit (node:events:513:28)
	at maybeClose (node:internal/child_process:1091:16)
	at ChildProcess._handle.onexit (node:internal/child_process:302:5)
2023-11-22 09:27:54.733 [error] Error: Command failed: git commit -am 'Save progress: 280.1'

	at ChildProcess.exithandler (node:child_process:420:12)
	at ChildProcess.emit (node:events:513:28)
	at maybeClose (node:internal/child_process:1091:16)
	at Socket.<anonymous> (node:internal/child_process:449:11)
	at Socket.emit (node:events:513:28)
	at Pipe.<anonymous> (node:net:322:12)
2023-11-22 09:28:10.576 [error] Error: Command failed: git commit -am 'Save progress: 290.1'

	at ChildProcess.exithandler (node:child_process:420:12)
	at ChildProcess.emit (node:events:513:28)
	at maybeClose (node:internal/child_process:1091:16)
	at ChildProcess._handle.onexit (node:internal/child_process:302:5)
2023-11-22 09:28:45.308 [error] Error: Command failed: git commit -am 'Save progress: 300.1'

	at ChildProcess.exithandler (node:child_process:420:12)
	at ChildProcess.emit (node:events:513:28)
	at maybeClose (node:internal/child_process:1091:16)
	at Socket.<anonymous> (node:internal/child_process:449:11)
	at Socket.emit (node:events:513:28)
	at Pipe.<anonymous> (node:net:322:12)
2023-11-22 09:28:59.566 [error] Error: Command failed: git commit -am 'Save progress: 310.1'

	at ChildProcess.exithandler (node:child_process:420:12)
	at ChildProcess.emit (node:events:513:28)
	at maybeClose (node:internal/child_process:1091:16)
	at ChildProcess._handle.onexit (node:internal/child_process:302:5)
2023-11-22 09:29:28.500 [error] Error: Command failed: git commit -am 'Save progress: 320.1'

	at ChildProcess.exithandler (node:child_process:420:12)
	at ChildProcess.emit (node:events:513:28)
	at maybeClose (node:internal/child_process:1091:16)
	at ChildProcess._handle.onexit (node:internal/child_process:302:5)
2023-11-22 09:29:40.557 [error] Error: Command failed: git commit -am 'Save progress: 330.1'

	at ChildProcess.exithandler (node:child_process:420:12)
	at ChildProcess.emit (node:events:513:28)
	at maybeClose (node:internal/child_process:1091:16)
	at ChildProcess._handle.onexit (node:internal/child_process:302:5)
2023-11-22 09:30:13.330 [error] Error: Command failed: git commit -am 'Save progress: 340.1'

	at ChildProcess.exithandler (node:child_process:420:12)
	at ChildProcess.emit (node:events:513:28)
	at maybeClose (node:internal/child_process:1091:16)
	at ChildProcess._handle.onexit (node:internal/child_process:302:5)
2023-11-22 09:30:25.084 [error] Error: Command failed: git commit -am 'Save progress: 350.1'

	at ChildProcess.exithandler (node:child_process:420:12)
	at ChildProcess.emit (node:events:513:28)
	at maybeClose (node:internal/child_process:1091:16)
	at ChildProcess._handle.onexit (node:internal/child_process:302:5)
2023-11-22 09:30:52.131 [error] Error: Command failed: git commit -am 'Save progress: 360.1'

	at ChildProcess.exithandler (node:child_process:420:12)
	at ChildProcess.emit (node:events:513:28)
	at maybeClose (node:internal/child_process:1091:16)
	at ChildProcess._handle.onexit (node:internal/child_process:302:5)
2023-11-22 09:31:25.310 [error] Error: Command failed: git commit -am 'Save progress: 370.1'

	at ChildProcess.exithandler (node:child_process:420:12)
	at ChildProcess.emit (node:events:513:28)
	at maybeClose (node:internal/child_process:1091:16)
	at ChildProcess._handle.onexit (node:internal/child_process:302:5)
2023-11-22 09:31:37.806 [error] Error: Command failed: git commit -am 'Save progress: 380.1'

	at ChildProcess.exithandler (node:child_process:420:12)
	at ChildProcess.emit (node:events:513:28)
	at maybeClose (node:internal/child_process:1091:16)
	at ChildProcess._handle.onexit (node:internal/child_process:302:5)
2023-11-22 09:31:54.450 [error] Error: Command failed: git commit -am 'Save progress: 390.1'

	at ChildProcess.exithandler (node:child_process:420:12)
	at ChildProcess.emit (node:events:513:28)
	at maybeClose (node:internal/child_process:1091:16)
	at ChildProcess._handle.onexit (node:internal/child_process:302:5)
2023-11-22 09:32:34.324 [error] Error: Command failed: git commit -am 'Save progress: 400.1'

	at ChildProcess.exithandler (node:child_process:420:12)
	at ChildProcess.emit (node:events:513:28)
	at maybeClose (node:internal/child_process:1091:16)
	at ChildProcess._handle.onexit (node:internal/child_process:302:5)
2023-11-22 09:33:14.194 [error] Error: Command failed: git commit -am 'Save progress: 410.1'

	at ChildProcess.exithandler (node:child_process:420:12)
	at ChildProcess.emit (node:events:513:28)
	at maybeClose (node:internal/child_process:1091:16)
	at ChildProcess._handle.onexit (node:internal/child_process:302:5)
2023-11-22 09:33:36.464 [error] Error: Command failed: git commit -am 'Save progress: 420.1'

	at ChildProcess.exithandler (node:child_process:420:12)
	at ChildProcess.emit (node:events:513:28)
	at maybeClose (node:internal/child_process:1091:16)
	at ChildProcess._handle.onexit (node:internal/child_process:302:5)
2023-11-22 09:33:52.999 [error] Error: Command failed: git commit -am 'Save progress: 430.1'

	at ChildProcess.exithandler (node:child_process:420:12)
	at ChildProcess.emit (node:events:513:28)
	at maybeClose (node:internal/child_process:1091:16)
	at ChildProcess._handle.onexit (node:internal/child_process:302:5)
2023-11-22 09:34:04.871 [error] Error: Command failed: git commit -am 'Save progress: 440.1'

	at ChildProcess.exithandler (node:child_process:420:12)
	at ChildProcess.emit (node:events:513:28)
	at maybeClose (node:internal/child_process:1091:16)
	at Socket.<anonymous> (node:internal/child_process:449:11)
	at Socket.emit (node:events:513:28)
	at Pipe.<anonymous> (node:net:322:12)
2023-11-22 09:34:20.077 [error] Error: Command failed: git commit -am 'Save progress: 450.1'

	at ChildProcess.exithandler (node:child_process:420:12)
	at ChildProcess.emit (node:events:513:28)
	at maybeClose (node:internal/child_process:1091:16)
	at ChildProcess._handle.onexit (node:internal/child_process:302:5)
2023-11-22 09:35:01.001 [error] Error: Command failed: git commit -am 'Save progress: 460.1'

	at ChildProcess.exithandler (node:child_process:420:12)
	at ChildProcess.emit (node:events:513:28)
	at maybeClose (node:internal/child_process:1091:16)
	at ChildProcess._handle.onexit (node:internal/child_process:302:5)
2023-11-22 09:35:20.516 [error] Error: Command failed: git commit -am 'Save progress: 470.1'

	at ChildProcess.exithandler (node:child_process:420:12)
	at ChildProcess.emit (node:events:513:28)
	at maybeClose (node:internal/child_process:1091:16)
	at ChildProcess._handle.onexit (node:internal/child_process:302:5)
2023-11-22 09:35:31.788 [error] Error: Command failed: git commit -am 'Save progress: 480.1'

	at ChildProcess.exithandler (node:child_process:420:12)
	at ChildProcess.emit (node:events:513:28)
	at maybeClose (node:internal/child_process:1091:16)
	at ChildProcess._handle.onexit (node:internal/child_process:302:5)
2023-11-22 09:35:57.796 [error] Error: Command failed: git commit -am 'Save progress: 490.1'

	at ChildProcess.exithandler (node:child_process:420:12)
	at ChildProcess.emit (node:events:513:28)
	at maybeClose (node:internal/child_process:1091:16)
	at ChildProcess._handle.onexit (node:internal/child_process:302:5)
2023-11-22 09:36:07.579 [error] Error: Command failed: git commit -am 'Save progress: 500.1'

	at ChildProcess.exithandler (node:child_process:420:12)
	at ChildProcess.emit (node:events:513:28)
	at maybeClose (node:internal/child_process:1091:16)
	at ChildProcess._handle.onexit (node:internal/child_process:302:5)
2023-11-22 09:36:24.587 [error] Error: Command failed: git commit -am 'Save progress: 530.1'

	at ChildProcess.exithandler (node:child_process:420:12)
	at ChildProcess.emit (node:events:513:28)
	at maybeClose (node:internal/child_process:1091:16)
	at ChildProcess._handle.onexit (node:internal/child_process:302:5)
2023-11-22 09:36:35.716 [error] Error: Command failed: git commit -am 'Save progress: 540.1'

	at ChildProcess.exithandler (node:child_process:420:12)
	at ChildProcess.emit (node:events:513:28)
	at maybeClose (node:internal/child_process:1091:16)
	at ChildProcess._handle.onexit (node:internal/child_process:302:5)
2023-11-22 09:37:02.680 [error] Error: Command failed: git commit -am 'Save progress: 550.1'

	at ChildProcess.exithandler (node:child_process:420:12)
	at ChildProcess.emit (node:events:513:28)
	at maybeClose (node:internal/child_process:1091:16)
	at ChildProcess._handle.onexit (node:internal/child_process:302:5)
2023-11-22 09:37:28.458 [error] Error: Command failed: git commit -am 'Save progress: 560.1'

	at ChildProcess.exithandler (node:child_process:420:12)
	at ChildProcess.emit (node:events:513:28)
	at maybeClose (node:internal/child_process:1091:16)
	at ChildProcess._handle.onexit (node:internal/child_process:302:5)
2023-11-22 09:37:56.949 [error] Error: Command failed: git commit -am 'Save progress: 570.1'

	at ChildProcess.exithandler (node:child_process:420:12)
	at ChildProcess.emit (node:events:513:28)
	at maybeClose (node:internal/child_process:1091:16)
	at Socket.<anonymous> (node:internal/child_process:449:11)
	at Socket.emit (node:events:513:28)
	at Pipe.<anonymous> (node:net:322:12)
2023-11-22 09:38:23.240 [error] Error: Command failed: git commit -am 'Save progress: 580.1'

	at ChildProcess.exithandler (node:child_process:420:12)
	at ChildProcess.emit (node:events:513:28)
	at maybeClose (node:internal/child_process:1091:16)
	at ChildProcess._handle.onexit (node:internal/child_process:302:5)
2023-11-22 09:38:47.935 [error] Error: Command failed: git commit -am 'Save progress: 590.1'

	at ChildProcess.exithandler (node:child_process:420:12)
	at ChildProcess.emit (node:events:513:28)
	at maybeClose (node:internal/child_process:1091:16)
	at ChildProcess._handle.onexit (node:internal/child_process:302:5)
2023-11-22 09:39:05.164 [error] Error: Command failed: git commit -am 'Save progress: 600.1'

	at ChildProcess.exithandler (node:child_process:420:12)
	at ChildProcess.emit (node:events:513:28)
	at maybeClose (node:internal/child_process:1091:16)
	at ChildProcess._handle.onexit (node:internal/child_process:302:5)
2023-11-22 09:40:05.034 [error] Error: Command failed: git commit -am 'Save progress: 610.1'

	at ChildProcess.exithandler (node:child_process:420:12)
	at ChildProcess.emit (node:events:513:28)
	at maybeClose (node:internal/child_process:1091:16)
	at ChildProcess._handle.onexit (node:internal/child_process:302:5)
2023-11-22 09:40:54.304 [error] Error: Command failed: git commit -am 'Save progress: 620.1'

	at ChildProcess.exithandler (node:child_process:420:12)
	at ChildProcess.emit (node:events:513:28)
	at maybeClose (node:internal/child_process:1091:16)
	at ChildProcess._handle.onexit (node:internal/child_process:302:5)
2023-11-22 09:41:45.551 [error] Error: Command failed: git commit -am 'Save progress: 630.1'

	at ChildProcess.exithandler (node:child_process:420:12)
	at ChildProcess.emit (node:events:513:28)
	at maybeClose (node:internal/child_process:1091:16)
	at Socket.<anonymous> (node:internal/child_process:449:11)
	at Socket.emit (node:events:513:28)
	at Pipe.<anonymous> (node:net:322:12)
2023-11-22 09:41:58.379 [error] Error: Command failed: git commit -am 'Save progress: 640.1'

	at ChildProcess.exithandler (node:child_process:420:12)
	at ChildProcess.emit (node:events:513:28)
	at maybeClose (node:internal/child_process:1091:16)
	at ChildProcess._handle.onexit (node:internal/child_process:302:5)
2023-11-22 09:42:47.721 [error] Error: Command failed: git commit -am 'Save progress: 650.1'

	at ChildProcess.exithandler (node:child_process:420:12)
	at ChildProcess.emit (node:events:513:28)
	at maybeClose (node:internal/child_process:1091:16)
	at ChildProcess._handle.onexit (node:internal/child_process:302:5)
2023-11-22 09:44:07.210 [error] Error: Command failed: git commit -am 'Save progress: 660.1'

	at ChildProcess.exithandler (node:child_process:420:12)
	at ChildProcess.emit (node:events:513:28)
	at maybeClose (node:internal/child_process:1091:16)
	at ChildProcess._handle.onexit (node:internal/child_process:302:5)
2023-11-22 09:45:50.042 [error] Error: Command failed: git commit -am 'Save progress: 670.1'

	at ChildProcess.exithandler (node:child_process:420:12)
	at ChildProcess.emit (node:events:513:28)
	at maybeClose (node:internal/child_process:1091:16)
	at ChildProcess._handle.onexit (node:internal/child_process:302:5)
2023-11-22 09:46:05.463 [error] Error: Command failed: git commit -am 'Save progress: 680.1'

	at ChildProcess.exithandler (node:child_process:420:12)
	at ChildProcess.emit (node:events:513:28)
	at maybeClose (node:internal/child_process:1091:16)
	at ChildProcess._handle.onexit (node:internal/child_process:302:5)
2023-11-22 09:47:48.553 [error] Error: Command failed: git commit -am 'Save progress: 690.1'

	at ChildProcess.exithandler (node:child_process:420:12)
	at ChildProcess.emit (node:events:513:28)
	at maybeClose (node:internal/child_process:1091:16)
	at ChildProcess._handle.onexit (node:internal/child_process:302:5)
2023-11-22 09:48:03.587 [error] Error: Command failed: git commit -am 'Save progress: 700.1'

	at ChildProcess.exithandler (node:child_process:420:12)
	at ChildProcess.emit (node:events:513:28)
	at maybeClose (node:internal/child_process:1091:16)
	at Socket.<anonymous> (node:internal/child_process:449:11)
	at Socket.emit (node:events:513:28)
	at Pipe.<anonymous> (node:net:322:12)
2023-11-22 09:49:08.228 [error] Error: Command failed: git commit -am 'Save progress: 710.1'

	at ChildProcess.exithandler (node:child_process:420:12)
	at ChildProcess.emit (node:events:513:28)
	at maybeClose (node:internal/child_process:1091:16)
	at ChildProcess._handle.onexit (node:internal/child_process:302:5)
2023-11-22 09:49:22.756 [error] Error: Command failed: git commit -am 'Save progress: 720.1'

	at ChildProcess.exithandler (node:child_process:420:12)
	at ChildProcess.emit (node:events:513:28)
	at maybeClose (node:internal/child_process:1091:16)
	at ChildProcess._handle.onexit (node:internal/child_process:302:5)
2023-11-22 09:50:03.547 [error] Error: Command failed: git commit -am 'Save progress: 730.1'

	at ChildProcess.exithandler (node:child_process:420:12)
	at ChildProcess.emit (node:events:513:28)
	at maybeClose (node:internal/child_process:1091:16)
	at ChildProcess._handle.onexit (node:internal/child_process:302:5)
2023-11-22 09:50:19.152 [error] Error: Command failed: git commit -am 'Save progress: 740.1'

	at ChildProcess.exithandler (node:child_process:420:12)
	at ChildProcess.emit (node:events:513:28)
	at maybeClose (node:internal/child_process:1091:16)
	at ChildProcess._handle.onexit (node:internal/child_process:302:5)
2023-11-22 09:50:56.711 [error] Error: Command failed: git commit -am 'Save progress: 750.1'

	at ChildProcess.exithandler (node:child_process:420:12)
	at ChildProcess.emit (node:events:513:28)
	at maybeClose (node:internal/child_process:1091:16)
	at ChildProcess._handle.onexit (node:internal/child_process:302:5)
2023-11-22 09:51:18.024 [error] Error: Command failed: git commit -am 'Save progress: 760.1'

	at ChildProcess.exithandler (node:child_process:420:12)
	at ChildProcess.emit (node:events:513:28)
	at maybeClose (node:internal/child_process:1091:16)
	at ChildProcess._handle.onexit (node:internal/child_process:302:5)
2023-11-22 09:51:50.326 [error] Error: Command failed: git commit -am 'Save progress: 770.1'

	at ChildProcess.exithandler (node:child_process:420:12)
	at ChildProcess.emit (node:events:513:28)
	at maybeClose (node:internal/child_process:1091:16)
	at ChildProcess._handle.onexit (node:internal/child_process:302:5)
2023-11-22 09:52:04.098 [error] Error: Command failed: git commit -am 'Save progress: 780.1'

	at ChildProcess.exithandler (node:child_process:420:12)
	at ChildProcess.emit (node:events:513:28)
	at maybeClose (node:internal/child_process:1091:16)
	at ChildProcess._handle.onexit (node:internal/child_process:302:5)
2023-11-22 09:52:32.642 [error] Error: Command failed: git commit -am 'Save progress: 790.1'

	at ChildProcess.exithandler (node:child_process:420:12)
	at ChildProcess.emit (node:events:513:28)
	at maybeClose (node:internal/child_process:1091:16)
	at ChildProcess._handle.onexit (node:internal/child_process:302:5)
2023-11-22 09:53:11.387 [error] Error: Command failed: git commit -am 'Save progress: 800.1'

	at ChildProcess.exithandler (node:child_process:420:12)
	at ChildProcess.emit (node:events:513:28)
	at maybeClose (node:internal/child_process:1091:16)
	at Socket.<anonymous> (node:internal/child_process:449:11)
	at Socket.emit (node:events:513:28)
	at Pipe.<anonymous> (node:net:322:12)
2023-11-22 09:53:29.875 [error] Error: Command failed: git commit -am 'Save progress: 810.1'

	at ChildProcess.exithandler (node:child_process:420:12)
	at ChildProcess.emit (node:events:513:28)
	at maybeClose (node:internal/child_process:1091:16)
	at ChildProcess._handle.onexit (node:internal/child_process:302:5)
2023-11-22 09:54:10.632 [error] Error: Command failed: git commit -am 'Save progress: 820.1'

	at ChildProcess.exithandler (node:child_process:420:12)
	at ChildProcess.emit (node:events:513:28)
	at maybeClose (node:internal/child_process:1091:16)
	at ChildProcess._handle.onexit (node:internal/child_process:302:5)
2023-11-22 09:54:42.890 [error] Error: Command failed: git commit -am 'Save progress: 830.1'

	at ChildProcess.exithandler (node:child_process:420:12)
	at ChildProcess.emit (node:events:513:28)
	at maybeClose (node:internal/child_process:1091:16)
	at ChildProcess._handle.onexit (node:internal/child_process:302:5)
2023-11-22 09:55:11.666 [error] Error: Command failed: git commit -am 'Save progress: 840.1'

	at ChildProcess.exithandler (node:child_process:420:12)
	at ChildProcess.emit (node:events:513:28)
	at maybeClose (node:internal/child_process:1091:16)
	at ChildProcess._handle.onexit (node:internal/child_process:302:5)
2023-11-22 09:55:31.731 [error] Error: Command failed: git commit -am 'Save progress: 850.1'

	at ChildProcess.exithandler (node:child_process:420:12)
	at ChildProcess.emit (node:events:513:28)
	at maybeClose (node:internal/child_process:1091:16)
	at ChildProcess._handle.onexit (node:internal/child_process:302:5)
2023-11-22 09:55:54.415 [error] Error: Command failed: git commit -am 'Save progress: 860.1'

	at ChildProcess.exithandler (node:child_process:420:12)
	at ChildProcess.emit (node:events:513:28)
	at maybeClose (node:internal/child_process:1091:16)
	at ChildProcess._handle.onexit (node:internal/child_process:302:5)
2023-11-22 09:56:06.402 [error] Error: Command failed: git commit -am 'Save progress: 870.1'

	at ChildProcess.exithandler (node:child_process:420:12)
	at ChildProcess.emit (node:events:513:28)
	at maybeClose (node:internal/child_process:1091:16)
	at ChildProcess._handle.onexit (node:internal/child_process:302:5)
2023-11-22 09:56:42.347 [error] Error: Command failed: git commit -am 'Save progress: 880.1'

	at ChildProcess.exithandler (node:child_process:420:12)
	at ChildProcess.emit (node:events:513:28)
	at maybeClose (node:internal/child_process:1091:16)
	at ChildProcess._handle.onexit (node:internal/child_process:302:5)
2023-11-22 09:58:02.156 [error] Error: Command failed: git commit -am 'Save progress: 890.1'

	at ChildProcess.exithandler (node:child_process:420:12)
	at ChildProcess.emit (node:events:513:28)
	at maybeClose (node:internal/child_process:1091:16)
	at ChildProcess._handle.onexit (node:internal/child_process:302:5)
2023-11-22 09:58:35.996 [error] Error: Command failed: git commit -am 'Save progress: 895.1'

	at ChildProcess.exithandler (node:child_process:420:12)
	at ChildProcess.emit (node:events:513:28)
	at maybeClose (node:internal/child_process:1091:16)
	at ChildProcess._handle.onexit (node:internal/child_process:302:5)
2023-11-22 09:58:51.309 [error] Error: Command failed: git commit -am 'Save progress: 900.1'

	at ChildProcess.exithandler (node:child_process:420:12)
	at ChildProcess.emit (node:events:513:28)
	at maybeClose (node:internal/child_process:1091:16)
	at ChildProcess._handle.onexit (node:internal/child_process:302:5)
2023-11-22 09:59:40.496 [error] Error: Command failed: git commit -am 'Save progress: 910.1'

	at ChildProcess.exithandler (node:child_process:420:12)
	at ChildProcess.emit (node:events:513:28)
	at maybeClose (node:internal/child_process:1091:16)
	at ChildProcess._handle.onexit (node:internal/child_process:302:5)
2023-11-22 10:00:05.609 [error] Error: Command failed: git commit -am 'Save progress: 920.1'

	at ChildProcess.exithandler (node:child_process:420:12)
	at ChildProcess.emit (node:events:513:28)
	at maybeClose (node:internal/child_process:1091:16)
	at ChildProcess._handle.onexit (node:internal/child_process:302:5)
2023-11-22 10:00:53.742 [error] Error: Command failed: git commit -am 'Save progress: 930.1'

	at ChildProcess.exithandler (node:child_process:420:12)
	at ChildProcess.emit (node:events:513:28)
	at maybeClose (node:internal/child_process:1091:16)
	at ChildProcess._handle.onexit (node:internal/child_process:302:5)
2023-11-22 10:01:27.510 [error] Error: Command failed: git commit -am 'Save progress: 940.1'

	at ChildProcess.exithandler (node:child_process:420:12)
	at ChildProcess.emit (node:events:513:28)
	at maybeClose (node:internal/child_process:1091:16)
	at ChildProcess._handle.onexit (node:internal/child_process:302:5)
2023-11-22 10:02:15.311 [info] Extension host terminating: received terminate message from renderer
2023-11-22 10:02:15.312 [info] Lock '/home/codeally/.vscode-server/data/User/workspaceStorage/fd3afab31e8ff26183585d1981f0b6fe/vscode.lock': Marking the lockfile as scheduled to be released in 6000 ms.
2023-11-22 10:02:15.416 [error] Canceled: Canceled
	at new f (/vscode/vscode-server/bin/linux-x64/1a5daa3a0231a0fbba4f14db7ec463cf99d7768e/out/vs/workbench/api/node/extensionHostProcess.js:125:108614)
	at n.U (/vscode/vscode-server/bin/linux-x64/1a5daa3a0231a0fbba4f14db7ec463cf99d7768e/out/vs/workbench/api/node/extensionHostProcess.js:134:10873)
	at F.<computed>.z.charCodeAt.F.<computed> (/vscode/vscode-server/bin/linux-x64/1a5daa3a0231a0fbba4f14db7ec463cf99d7768e/out/vs/workbench/api/node/extensionHostProcess.js:134:8315)
	at i.g (/vscode/vscode-server/bin/linux-x64/1a5daa3a0231a0fbba4f14db7ec463cf99d7768e/out/vs/workbench/api/node/extensionHostProcess.js:125:139130)
	at i.executeCommand (/vscode/vscode-server/bin/linux-x64/1a5daa3a0231a0fbba4f14db7ec463cf99d7768e/out/vs/workbench/api/node/extensionHostProcess.js:125:138568)
	at $.registerCommand.description (/vscode/vscode-server/bin/linux-x64/1a5daa3a0231a0fbba4f14db7ec463cf99d7768e/out/vs/workbench/api/node/extensionHostProcess.js:125:137892)
	at i.h (/vscode/vscode-server/bin/linux-x64/1a5daa3a0231a0fbba4f14db7ec463cf99d7768e/out/vs/workbench/api/node/extensionHostProcess.js:125:139669)
	at i.g (/vscode/vscode-server/bin/linux-x64/1a5daa3a0231a0fbba4f14db7ec463cf99d7768e/out/vs/workbench/api/node/extensionHostProcess.js:125:138661)
	at i.executeCommand (/vscode/vscode-server/bin/linux-x64/1a5daa3a0231a0fbba4f14db7ec463cf99d7768e/out/vs/workbench/api/node/extensionHostProcess.js:125:138568)
	at Object.executeCommand (/vscode/vscode-server/bin/linux-x64/1a5daa3a0231a0fbba4f14db7ec463cf99d7768e/out/vs/workbench/api/node/extensionHostProcess.js:140:21329)
	at h.D [as value] (/vscode/vscode-server/bin/linux-x64/1a5daa3a0231a0fbba4f14db7ec463cf99d7768e/extensions/git/dist/main.js:2:1316925)
	at c.y (/vscode/vscode-server/bin/linux-x64/1a5daa3a0231a0fbba4f14db7ec463cf99d7768e/out/vs/workbench/api/node/extensionHostProcess.js:80:1902)
	at c.z (/vscode/vscode-server/bin/linux-x64/1a5daa3a0231a0fbba4f14db7ec463cf99d7768e/out/vs/workbench/api/node/extensionHostProcess.js:80:1972)
	at c.fire (/vscode/vscode-server/bin/linux-x64/1a5daa3a0231a0fbba4f14db7ec463cf99d7768e/out/vs/workbench/api/node/extensionHostProcess.js:80:2188)
	at Object.m [as dispose] (/vscode/vscode-server/bin/linux-x64/1a5daa3a0231a0fbba4f14db7ec463cf99d7768e/extensions/git/dist/main.js:2:1332842)
	at /vscode/vscode-server/bin/linux-x64/1a5daa3a0231a0fbba4f14db7ec463cf99d7768e/extensions/git/dist/main.js:2:1337795
	at Array.forEach (<anonymous>)
	at g.dispose (/vscode/vscode-server/bin/linux-x64/1a5daa3a0231a0fbba4f14db7ec463cf99d7768e/extensions/git/dist/main.js:2:1337781)
	at w.<anonymous> (/vscode/vscode-server/bin/linux-x64/1a5daa3a0231a0fbba4f14db7ec463cf99d7768e/out/vs/workbench/api/node/extensionHostProcess.js:121:3572)
	at w.dispose (/vscode/vscode-server/bin/linux-x64/1a5daa3a0231a0fbba4f14db7ec463cf99d7768e/out/vs/workbench/api/node/extensionHostProcess.js:121:3669)
	at w.<anonymous> (/vscode/vscode-server/bin/linux-x64/1a5daa3a0231a0fbba4f14db7ec463cf99d7768e/extensions/git/dist/main.js:2:1318937)
	at w.dispose (/vscode/vscode-server/bin/linux-x64/1a5daa3a0231a0fbba4f14db7ec463cf99d7768e/out/vs/workbench/api/node/extensionHostProcess.js:121:3669)
	at o (/vscode/vscode-server/bin/linux-x64/1a5daa3a0231a0fbba4f14db7ec463cf99d7768e/out/vs/workbench/api/node/extensionHostProcess.js:30:754)
	at h.cb (/vscode/vscode-server/bin/linux-x64/1a5daa3a0231a0fbba4f14db7ec463cf99d7768e/out/vs/workbench/api/node/extensionHostProcess.js:136:9843)
	at /vscode/vscode-server/bin/linux-x64/1a5daa3a0231a0fbba4f14db7ec463cf99d7768e/out/vs/workbench/api/node/extensionHostProcess.js:136:7793
	at Array.map (<anonymous>)
	at h.Y (/vscode/vscode-server/bin/linux-x64/1a5daa3a0231a0fbba4f14db7ec463cf99d7768e/out/vs/workbench/api/node/extensionHostProcess.js:136:7781)
	at h.terminate (/vscode/vscode-server/bin/linux-x64/1a5daa3a0231a0fbba4f14db7ec463cf99d7768e/out/vs/workbench/api/node/extensionHostProcess.js:136:8051)
	at o.terminate (/vscode/vscode-server/bin/linux-x64/1a5daa3a0231a0fbba4f14db7ec463cf99d7768e/out/vs/workbench/api/node/extensionHostProcess.js:140:1513)
	at a (/vscode/vscode-server/bin/linux-x64/1a5daa3a0231a0fbba4f14db7ec463cf99d7768e/out/vs/workbench/api/node/extensionHostProcess.js:153:9817)
	at h.value (/vscode/vscode-server/bin/linux-x64/1a5daa3a0231a0fbba4f14db7ec463cf99d7768e/out/vs/workbench/api/node/extensionHostProcess.js:153:7864)
	at c.y (/vscode/vscode-server/bin/linux-x64/1a5daa3a0231a0fbba4f14db7ec463cf99d7768e/out/vs/workbench/api/node/extensionHostProcess.js:80:1902)
	at c.fire (/vscode/vscode-server/bin/linux-x64/1a5daa3a0231a0fbba4f14db7ec463cf99d7768e/out/vs/workbench/api/node/extensionHostProcess.js:80:2119)
	at d.fire (/vscode/vscode-server/bin/linux-x64/1a5daa3a0231a0fbba4f14db7ec463cf99d7768e/out/vs/workbench/api/node/extensionHostProcess.js:96:14047)
	at s.z (/vscode/vscode-server/bin/linux-x64/1a5daa3a0231a0fbba4f14db7ec463cf99d7768e/out/vs/workbench/api/node/extensionHostProcess.js:96:17112)
	at h.value (/vscode/vscode-server/bin/linux-x64/1a5daa3a0231a0fbba4f14db7ec463cf99d7768e/out/vs/workbench/api/node/extensionHostProcess.js:96:15564)
	at c.y (/vscode/vscode-server/bin/linux-x64/1a5daa3a0231a0fbba4f14db7ec463cf99d7768e/out/vs/workbench/api/node/extensionHostProcess.js:80:1902)
	at c.fire (/vscode/vscode-server/bin/linux-x64/1a5daa3a0231a0fbba4f14db7ec463cf99d7768e/out/vs/workbench/api/node/extensionHostProcess.js:80:2119)
	at h.acceptChunk (/vscode/vscode-server/bin/linux-x64/1a5daa3a0231a0fbba4f14db7ec463cf99d7768e/out/vs/workbench/api/node/extensionHostProcess.js:96:11821)
	at h.value (/vscode/vscode-server/bin/linux-x64/1a5daa3a0231a0fbba4f14db7ec463cf99d7768e/out/vs/workbench/api/node/extensionHostProcess.js:96:11108)
	at c.y (/vscode/vscode-server/bin/linux-x64/1a5daa3a0231a0fbba4f14db7ec463cf99d7768e/out/vs/workbench/api/node/extensionHostProcess.js:80:1902)
	at c.fire (/vscode/vscode-server/bin/linux-x64/1a5daa3a0231a0fbba4f14db7ec463cf99d7768e/out/vs/workbench/api/node/extensionHostProcess.js:80:2119)
	at c.z (/vscode/vscode-server/bin/linux-x64/1a5daa3a0231a0fbba4f14db7ec463cf99d7768e/out/vs/workbench/api/node/extensionHostProcess.js:150:19408)
	at c.acceptFrame (/vscode/vscode-server/bin/linux-x64/1a5daa3a0231a0fbba4f14db7ec463cf99d7768e/out/vs/workbench/api/node/extensionHostProcess.js:150:19214)
	at l.n (/vscode/vscode-server/bin/linux-x64/1a5daa3a0231a0fbba4f14db7ec463cf99d7768e/out/vs/workbench/api/node/extensionHostProcess.js:150:17713)
	at /vscode/vscode-server/bin/linux-x64/1a5daa3a0231a0fbba4f14db7ec463cf99d7768e/out/vs/workbench/api/node/extensionHostProcess.js:150:14933
	at Socket.p (/vscode/vscode-server/bin/linux-x64/1a5daa3a0231a0fbba4f14db7ec463cf99d7768e/out/vs/workbench/api/node/extensionHostProcess.js:150:12838)
	at Socket.emit (node:events:513:28)
	at addChunk (node:internal/streams/readable:324:12)
	at readableAddChunk (node:internal/streams/readable:297:9)
	at Readable.push (node:internal/streams/readable:234:10)
	at TCP.onStreamRead (node:internal/stream_base_commons:190:23) setContext undefined
2023-11-22 10:02:15.416 [error] Canceled: Canceled
	at new f (/vscode/vscode-server/bin/linux-x64/1a5daa3a0231a0fbba4f14db7ec463cf99d7768e/out/vs/workbench/api/node/extensionHostProcess.js:125:108614)
	at n.U (/vscode/vscode-server/bin/linux-x64/1a5daa3a0231a0fbba4f14db7ec463cf99d7768e/out/vs/workbench/api/node/extensionHostProcess.js:134:10873)
	at F.<computed>.z.charCodeAt.F.<computed> (/vscode/vscode-server/bin/linux-x64/1a5daa3a0231a0fbba4f14db7ec463cf99d7768e/out/vs/workbench/api/node/extensionHostProcess.js:134:8315)
	at i.g (/vscode/vscode-server/bin/linux-x64/1a5daa3a0231a0fbba4f14db7ec463cf99d7768e/out/vs/workbench/api/node/extensionHostProcess.js:125:139130)
	at i.executeCommand (/vscode/vscode-server/bin/linux-x64/1a5daa3a0231a0fbba4f14db7ec463cf99d7768e/out/vs/workbench/api/node/extensionHostProcess.js:125:138568)
	at $.registerCommand.description (/vscode/vscode-server/bin/linux-x64/1a5daa3a0231a0fbba4f14db7ec463cf99d7768e/out/vs/workbench/api/node/extensionHostProcess.js:125:137892)
	at i.h (/vscode/vscode-server/bin/linux-x64/1a5daa3a0231a0fbba4f14db7ec463cf99d7768e/out/vs/workbench/api/node/extensionHostProcess.js:125:139669)
	at i.g (/vscode/vscode-server/bin/linux-x64/1a5daa3a0231a0fbba4f14db7ec463cf99d7768e/out/vs/workbench/api/node/extensionHostProcess.js:125:138661)
	at i.executeCommand (/vscode/vscode-server/bin/linux-x64/1a5daa3a0231a0fbba4f14db7ec463cf99d7768e/out/vs/workbench/api/node/extensionHostProcess.js:125:138568)
	at Object.executeCommand (/vscode/vscode-server/bin/linux-x64/1a5daa3a0231a0fbba4f14db7ec463cf99d7768e/out/vs/workbench/api/node/extensionHostProcess.js:140:21329)
	at set b [as b] (/vscode/vscode-server/bin/linux-x64/1a5daa3a0231a0fbba4f14db7ec463cf99d7768e/extensions/github/dist/extension.js:2:714708)
	at /vscode/vscode-server/bin/linux-x64/1a5daa3a0231a0fbba4f14db7ec463cf99d7768e/extensions/github/dist/extension.js:2:715349
	at h.value (/vscode/vscode-server/bin/linux-x64/1a5daa3a0231a0fbba4f14db7ec463cf99d7768e/extensions/git/dist/main.js:2:1408111)
	at c.y (/vscode/vscode-server/bin/linux-x64/1a5daa3a0231a0fbba4f14db7ec463cf99d7768e/out/vs/workbench/api/node/extensionHostProcess.js:80:1902)
	at c.z (/vscode/vscode-server/bin/linux-x64/1a5daa3a0231a0fbba4f14db7ec463cf99d7768e/out/vs/workbench/api/node/extensionHostProcess.js:80:1972)
	at c.fire (/vscode/vscode-server/bin/linux-x64/1a5daa3a0231a0fbba4f14db7ec463cf99d7768e/out/vs/workbench/api/node/extensionHostProcess.js:80:2188)
	at Object.m [as dispose] (/vscode/vscode-server/bin/linux-x64/1a5daa3a0231a0fbba4f14db7ec463cf99d7768e/extensions/git/dist/main.js:2:1332842)
	at /vscode/vscode-server/bin/linux-x64/1a5daa3a0231a0fbba4f14db7ec463cf99d7768e/extensions/git/dist/main.js:2:1337795
	at Array.forEach (<anonymous>)
	at g.dispose (/vscode/vscode-server/bin/linux-x64/1a5daa3a0231a0fbba4f14db7ec463cf99d7768e/extensions/git/dist/main.js:2:1337781)
	at w.<anonymous> (/vscode/vscode-server/bin/linux-x64/1a5daa3a0231a0fbba4f14db7ec463cf99d7768e/out/vs/workbench/api/node/extensionHostProcess.js:121:3572)
	at w.dispose (/vscode/vscode-server/bin/linux-x64/1a5daa3a0231a0fbba4f14db7ec463cf99d7768e/out/vs/workbench/api/node/extensionHostProcess.js:121:3669)
	at w.<anonymous> (/vscode/vscode-server/bin/linux-x64/1a5daa3a0231a0fbba4f14db7ec463cf99d7768e/extensions/git/dist/main.js:2:1318937)
	at w.dispose (/vscode/vscode-server/bin/linux-x64/1a5daa3a0231a0fbba4f14db7ec463cf99d7768e/out/vs/workbench/api/node/extensionHostProcess.js:121:3669)
	at o (/vscode/vscode-server/bin/linux-x64/1a5daa3a0231a0fbba4f14db7ec463cf99d7768e/out/vs/workbench/api/node/extensionHostProcess.js:30:754)
	at h.cb (/vscode/vscode-server/bin/linux-x64/1a5daa3a0231a0fbba4f14db7ec463cf99d7768e/out/vs/workbench/api/node/extensionHostProcess.js:136:9843)
	at /vscode/vscode-server/bin/linux-x64/1a5daa3a0231a0fbba4f14db7ec463cf99d7768e/out/vs/workbench/api/node/extensionHostProcess.js:136:7793
	at Array.map (<anonymous>)
	at h.Y (/vscode/vscode-server/bin/linux-x64/1a5daa3a0231a0fbba4f14db7ec463cf99d7768e/out/vs/workbench/api/node/extensionHostProcess.js:136:7781)
	at h.terminate (/vscode/vscode-server/bin/linux-x64/1a5daa3a0231a0fbba4f14db7ec463cf99d7768e/out/vs/workbench/api/node/extensionHostProcess.js:136:8051)
	at o.terminate (/vscode/vscode-server/bin/linux-x64/1a5daa3a0231a0fbba4f14db7ec463cf99d7768e/out/vs/workbench/api/node/extensionHostProcess.js:140:1513)
	at a (/vscode/vscode-server/bin/linux-x64/1a5daa3a0231a0fbba4f14db7ec463cf99d7768e/out/vs/workbench/api/node/extensionHostProcess.js:153:9817)
	at h.value (/vscode/vscode-server/bin/linux-x64/1a5daa3a0231a0fbba4f14db7ec463cf99d7768e/out/vs/workbench/api/node/extensionHostProcess.js:153:7864)
	at c.y (/vscode/vscode-server/bin/linux-x64/1a5daa3a0231a0fbba4f14db7ec463cf99d7768e/out/vs/workbench/api/node/extensionHostProcess.js:80:1902)
	at c.fire (/vscode/vscode-server/bin/linux-x64/1a5daa3a0231a0fbba4f14db7ec463cf99d7768e/out/vs/workbench/api/node/extensionHostProcess.js:80:2119)
	at d.fire (/vscode/vscode-server/bin/linux-x64/1a5daa3a0231a0fbba4f14db7ec463cf99d7768e/out/vs/workbench/api/node/extensionHostProcess.js:96:14047)
	at s.z (/vscode/vscode-server/bin/linux-x64/1a5daa3a0231a0fbba4f14db7ec463cf99d7768e/out/vs/workbench/api/node/extensionHostProcess.js:96:17112)
	at h.value (/vscode/vscode-server/bin/linux-x64/1a5daa3a0231a0fbba4f14db7ec463cf99d7768e/out/vs/workbench/api/node/extensionHostProcess.js:96:15564)
	at c.y (/vscode/vscode-server/bin/linux-x64/1a5daa3a0231a0fbba4f14db7ec463cf99d7768e/out/vs/workbench/api/node/extensionHostProcess.js:80:1902)
	at c.fire (/vscode/vscode-server/bin/linux-x64/1a5daa3a0231a0fbba4f14db7ec463cf99d7768e/out/vs/workbench/api/node/extensionHostProcess.js:80:2119)
	at h.acceptChunk (/vscode/vscode-server/bin/linux-x64/1a5daa3a0231a0fbba4f14db7ec463cf99d7768e/out/vs/workbench/api/node/extensionHostProcess.js:96:11821)
	at h.value (/vscode/vscode-server/bin/linux-x64/1a5daa3a0231a0fbba4f14db7ec463cf99d7768e/out/vs/workbench/api/node/extensionHostProcess.js:96:11108)
	at c.y (/vscode/vscode-server/bin/linux-x64/1a5daa3a0231a0fbba4f14db7ec463cf99d7768e/out/vs/workbench/api/node/extensionHostProcess.js:80:1902)
	at c.fire (/vscode/vscode-server/bin/linux-x64/1a5daa3a0231a0fbba4f14db7ec463cf99d7768e/out/vs/workbench/api/node/extensionHostProcess.js:80:2119)
	at c.z (/vscode/vscode-server/bin/linux-x64/1a5daa3a0231a0fbba4f14db7ec463cf99d7768e/out/vs/workbench/api/node/extensionHostProcess.js:150:19408)
	at c.acceptFrame (/vscode/vscode-server/bin/linux-x64/1a5daa3a0231a0fbba4f14db7ec463cf99d7768e/out/vs/workbench/api/node/extensionHostProcess.js:150:19214)
	at l.n (/vscode/vscode-server/bin/linux-x64/1a5daa3a0231a0fbba4f14db7ec463cf99d7768e/out/vs/workbench/api/node/extensionHostProcess.js:150:17713)
	at /vscode/vscode-server/bin/linux-x64/1a5daa3a0231a0fbba4f14db7ec463cf99d7768e/out/vs/workbench/api/node/extensionHostProcess.js:150:14933
	at Socket.p (/vscode/vscode-server/bin/linux-x64/1a5daa3a0231a0fbba4f14db7ec463cf99d7768e/out/vs/workbench/api/node/extensionHostProcess.js:150:12838)
	at Socket.emit (node:events:513:28)
	at addChunk (node:internal/streams/readable:324:12)
	at readableAddChunk (node:internal/streams/readable:297:9)
	at Readable.push (node:internal/streams/readable:234:10)
	at TCP.onStreamRead (node:internal/stream_base_commons:190:23) setContext undefined
2023-11-22 10:02:15.416 [info] Extension host with pid 294 exiting with code 0
