2023-11-22 09:10:18.554 [info] Log level: Info
2023-11-22 09:10:18.554 [info] Validating found git in: "git"
2023-11-22 09:10:18.554 [info] Using git "2.25.1" from "git"
2023-11-22 09:10:18.554 [info] > git rev-parse --show-toplevel [3ms]
2023-11-22 09:10:18.554 [info] fatal: not a git repository (or any of the parent directories): .git
2023-11-22 09:11:08.554 [info] > git rev-parse --show-toplevel [1ms]
2023-11-22 09:11:08.554 [info] fatal: not a git repository (or any of the parent directories): .git
2023-11-22 09:13:06.819 [info] > git rev-parse --show-toplevel [1ms]
2023-11-22 09:13:06.826 [info] > git rev-parse --git-dir --git-common-dir [1ms]
2023-11-22 09:13:06.840 [info] Open repository: /home/codeally/project
2023-11-22 09:13:06.848 [info] > git config --get commit.template [1ms]
2023-11-22 09:13:06.854 [info] No remotes found in the git config file.
2023-11-22 09:13:06.855 [info] > git for-each-ref --format=%(refname)%00%(upstream:short)%00%(objectname)%00%(upstream:track)%00%(upstream:remotename)%00%(upstream:remoteref) refs/heads/master refs/remotes/master [2ms]
2023-11-22 09:13:06.869 [info] > git status -z -uall [5ms]
2023-11-22 09:13:06.884 [info] > git config --get commit.template [2ms]
2023-11-22 09:13:06.885 [info] No remotes found in the git config file.
2023-11-22 09:13:06.891 [info] > git for-each-ref --format=%(refname)%00%(upstream:short)%00%(objectname)%00%(upstream:track)%00%(upstream:remotename)%00%(upstream:remoteref) refs/heads/master refs/remotes/master [1ms]
2023-11-22 09:13:06.898 [info] > git status -z -uall [1ms]
2023-11-22 09:13:09.179 [info] > git config --get commit.template [2ms]
2023-11-22 09:13:09.187 [info] > git for-each-ref --format=%(refname)%00%(upstream:short)%00%(objectname)%00%(upstream:track)%00%(upstream:remotename)%00%(upstream:remoteref) refs/heads/master refs/remotes/master [1ms]
2023-11-22 09:13:09.193 [info] > git status -z -uall [1ms]
2023-11-22 09:13:14.223 [info] > git config --get commit.template [10ms]
2023-11-22 09:13:14.224 [info] > git for-each-ref --format=%(refname)%00%(upstream:short)%00%(objectname)%00%(upstream:track)%00%(upstream:remotename)%00%(upstream:remoteref) refs/heads/master refs/remotes/master [2ms]
2023-11-22 09:13:14.233 [info] > git status -z -uall [4ms]
2023-11-22 09:13:25.172 [info] > git config --get commit.template [5ms]
2023-11-22 09:13:25.173 [info] > git for-each-ref --format=%(refname)%00%(upstream:short)%00%(objectname)%00%(upstream:track)%00%(upstream:remotename)%00%(upstream:remoteref) refs/heads/master refs/remotes/master [1ms]
2023-11-22 09:13:25.180 [info] > git status -z -uall [3ms]
2023-11-22 09:13:30.193 [info] > git config --get commit.template [2ms]
2023-11-22 09:13:30.199 [info] > git for-each-ref --format=%(refname)%00%(upstream:short)%00%(objectname)%00%(upstream:track)%00%(upstream:remotename)%00%(upstream:remoteref) refs/heads/master refs/remotes/master [1ms]
2023-11-22 09:13:30.207 [info] > git status -z -uall [4ms]
2023-11-22 09:13:45.266 [info] > git config --get commit.template [2ms]
2023-11-22 09:13:45.271 [info] > git for-each-ref --format=%(refname)%00%(upstream:short)%00%(objectname)%00%(upstream:track)%00%(upstream:remotename)%00%(upstream:remoteref) refs/heads/master refs/remotes/master [1ms]
2023-11-22 09:13:45.278 [info] > git status -z -uall [4ms]
2023-11-22 09:14:02.816 [info] > git config --get commit.template [5ms]
2023-11-22 09:14:02.816 [info] > git for-each-ref --format=%(refname)%00%(upstream:short)%00%(objectname)%00%(upstream:track)%00%(upstream:remotename)%00%(upstream:remoteref) refs/heads/master refs/remotes/master [1ms]
2023-11-22 09:14:02.821 [info] > git status -z -uall [1ms]
2023-11-22 09:14:07.836 [info] > git config --get commit.template [2ms]
2023-11-22 09:14:07.843 [info] > git for-each-ref --format=%(refname)%00%(upstream:short)%00%(objectname)%00%(upstream:track)%00%(upstream:remotename)%00%(upstream:remoteref) refs/heads/master refs/remotes/master [1ms]
2023-11-22 09:14:07.851 [info] > git status -z -uall [2ms]
2023-11-22 09:14:12.883 [info] > git config --get commit.template [9ms]
2023-11-22 09:14:12.884 [info] > git for-each-ref --format=%(refname)%00%(upstream:short)%00%(objectname)%00%(upstream:track)%00%(upstream:remotename)%00%(upstream:remoteref) refs/heads/master refs/remotes/master [2ms]
2023-11-22 09:14:12.892 [info] > git status -z -uall [3ms]
2023-11-22 09:14:31.060 [info] > git config --get commit.template [5ms]
2023-11-22 09:14:31.060 [info] > git for-each-ref --format=%(refname)%00%(upstream:short)%00%(objectname)%00%(upstream:track)%00%(upstream:remotename)%00%(upstream:remoteref) refs/heads/master refs/remotes/master [1ms]
2023-11-22 09:14:31.067 [info] > git status -z -uall [2ms]
2023-11-22 09:14:36.089 [info] > git config --get commit.template [6ms]
2023-11-22 09:14:36.089 [info] > git for-each-ref --format=%(refname)%00%(upstream:short)%00%(objectname)%00%(upstream:track)%00%(upstream:remotename)%00%(upstream:remoteref) refs/heads/master refs/remotes/master [2ms]
2023-11-22 09:14:36.094 [info] > git status -z -uall [1ms]
2023-11-22 09:14:42.575 [info] > git config --get commit.template [5ms]
2023-11-22 09:14:42.576 [info] > git for-each-ref --format=%(refname)%00%(upstream:short)%00%(objectname)%00%(upstream:track)%00%(upstream:remotename)%00%(upstream:remoteref) refs/heads/master refs/remotes/master [1ms]
2023-11-22 09:14:42.582 [info] > git status -z -uall [2ms]
2023-11-22 09:14:47.596 [info] > git config --get commit.template [5ms]
2023-11-22 09:14:47.596 [info] > git for-each-ref --format=%(refname)%00%(upstream:short)%00%(objectname)%00%(upstream:track)%00%(upstream:remotename)%00%(upstream:remoteref) refs/heads/master refs/remotes/master [1ms]
2023-11-22 09:14:47.602 [info] > git status -z -uall [1ms]
2023-11-22 09:15:13.285 [info] > git config --get commit.template [5ms]
2023-11-22 09:15:13.286 [info] > git for-each-ref --format=%(refname)%00%(upstream:short)%00%(objectname)%00%(upstream:track)%00%(upstream:remotename)%00%(upstream:remoteref) refs/heads/master refs/remotes/master [2ms]
2023-11-22 09:15:13.292 [info] > git status -z -uall [2ms]
2023-11-22 09:15:20.734 [info] > git config --get commit.template [9ms]
2023-11-22 09:15:20.735 [info] > git for-each-ref --format=%(refname)%00%(upstream:short)%00%(objectname)%00%(upstream:track)%00%(upstream:remotename)%00%(upstream:remoteref) refs/heads/master refs/remotes/master [1ms]
2023-11-22 09:15:20.743 [info] > git status -z -uall [2ms]
2023-11-22 09:15:31.086 [info] > git config --get commit.template [4ms]
2023-11-22 09:15:31.086 [info] > git for-each-ref --format=%(refname)%00%(upstream:short)%00%(objectname)%00%(upstream:track)%00%(upstream:remotename)%00%(upstream:remoteref) refs/heads/master refs/remotes/master [1ms]
2023-11-22 09:15:31.091 [info] > git status -z -uall [1ms]
2023-11-22 09:15:36.104 [info] > git config --get commit.template [1ms]
2023-11-22 09:15:36.109 [info] > git for-each-ref --format=%(refname)%00%(upstream:short)%00%(objectname)%00%(upstream:track)%00%(upstream:remotename)%00%(upstream:remoteref) refs/heads/master refs/remotes/master [1ms]
2023-11-22 09:15:36.115 [info] > git status -z -uall [2ms]
2023-11-22 09:16:26.903 [info] > git config --get commit.template [5ms]
2023-11-22 09:16:26.904 [info] > git for-each-ref --format=%(refname)%00%(upstream:short)%00%(objectname)%00%(upstream:track)%00%(upstream:remotename)%00%(upstream:remoteref) refs/heads/master refs/remotes/master [1ms]
2023-11-22 09:16:26.909 [info] > git status -z -uall [1ms]
2023-11-22 09:16:31.927 [info] > git config --get commit.template [5ms]
2023-11-22 09:16:31.928 [info] > git for-each-ref --format=%(refname)%00%(upstream:short)%00%(objectname)%00%(upstream:track)%00%(upstream:remotename)%00%(upstream:remoteref) refs/heads/master refs/remotes/master [1ms]
2023-11-22 09:16:31.934 [info] > git status -z -uall [1ms]
2023-11-22 09:16:40.566 [info] > git config --get commit.template [9ms]
2023-11-22 09:16:40.567 [info] > git for-each-ref --format=%(refname)%00%(upstream:short)%00%(objectname)%00%(upstream:track)%00%(upstream:remotename)%00%(upstream:remoteref) refs/heads/master refs/remotes/master [2ms]
2023-11-22 09:16:40.575 [info] > git status -z -uall [2ms]
2023-11-22 09:16:45.590 [info] > git config --get commit.template [1ms]
2023-11-22 09:16:45.595 [info] > git for-each-ref --format=%(refname)%00%(upstream:short)%00%(objectname)%00%(upstream:track)%00%(upstream:remotename)%00%(upstream:remoteref) refs/heads/master refs/remotes/master [0ms]
2023-11-22 09:16:45.601 [info] > git status -z -uall [2ms]
2023-11-22 09:17:14.568 [info] > git config --get commit.template [5ms]
2023-11-22 09:17:14.568 [info] > git for-each-ref --format=%(refname)%00%(upstream:short)%00%(objectname)%00%(upstream:track)%00%(upstream:remotename)%00%(upstream:remoteref) refs/heads/master refs/remotes/master [1ms]
2023-11-22 09:17:14.574 [info] > git status -z -uall [2ms]
2023-11-22 09:17:19.591 [info] > git config --get commit.template [5ms]
2023-11-22 09:17:19.592 [info] > git for-each-ref --format=%(refname)%00%(upstream:short)%00%(objectname)%00%(upstream:track)%00%(upstream:remotename)%00%(upstream:remoteref) refs/heads/master refs/remotes/master [1ms]
2023-11-22 09:17:19.597 [info] > git status -z -uall [1ms]
2023-11-22 09:17:29.228 [info] > git config --get commit.template [5ms]
2023-11-22 09:17:29.229 [info] > git for-each-ref --format=%(refname)%00%(upstream:short)%00%(objectname)%00%(upstream:track)%00%(upstream:remotename)%00%(upstream:remoteref) refs/heads/master refs/remotes/master [1ms]
2023-11-22 09:17:29.235 [info] > git status -z -uall [2ms]
2023-11-22 09:17:34.262 [info] > git config --get commit.template [11ms]
2023-11-22 09:17:34.263 [info] > git for-each-ref --format=%(refname)%00%(upstream:short)%00%(objectname)%00%(upstream:track)%00%(upstream:remotename)%00%(upstream:remoteref) refs/heads/master refs/remotes/master [2ms]
2023-11-22 09:17:34.274 [info] > git status -z -uall [3ms]
2023-11-22 09:17:44.638 [info] > git config --get commit.template [2ms]
2023-11-22 09:17:44.643 [info] > git for-each-ref --format=%(refname)%00%(upstream:short)%00%(objectname)%00%(upstream:track)%00%(upstream:remotename)%00%(upstream:remoteref) refs/heads/master refs/remotes/master [1ms]
2023-11-22 09:17:44.649 [info] > git status -z -uall [2ms]
2023-11-22 09:17:49.664 [info] > git config --get commit.template [2ms]
2023-11-22 09:17:49.670 [info] > git for-each-ref --format=%(refname)%00%(upstream:short)%00%(objectname)%00%(upstream:track)%00%(upstream:remotename)%00%(upstream:remoteref) refs/heads/master refs/remotes/master [1ms]
2023-11-22 09:17:49.676 [info] > git status -z -uall [2ms]
2023-11-22 09:18:01.537 [info] > git config --get commit.template [11ms]
2023-11-22 09:18:01.538 [info] > git for-each-ref --format=%(refname)%00%(upstream:short)%00%(objectname)%00%(upstream:track)%00%(upstream:remotename)%00%(upstream:remoteref) refs/heads/master refs/remotes/master [2ms]
2023-11-22 09:18:01.549 [info] > git status -z -uall [3ms]
2023-11-22 09:18:06.559 [info] > git config --get commit.template [1ms]
2023-11-22 09:18:06.565 [info] > git for-each-ref --format=%(refname)%00%(upstream:short)%00%(objectname)%00%(upstream:track)%00%(upstream:remotename)%00%(upstream:remoteref) refs/heads/master refs/remotes/master [1ms]
2023-11-22 09:18:06.573 [info] > git status -z -uall [2ms]
2023-11-22 09:18:15.259 [info] > git config --get commit.template [5ms]
2023-11-22 09:18:15.260 [info] > git for-each-ref --format=%(refname)%00%(upstream:short)%00%(objectname)%00%(upstream:track)%00%(upstream:remotename)%00%(upstream:remoteref) refs/heads/master refs/remotes/master [1ms]
2023-11-22 09:18:15.265 [info] > git status -z -uall [1ms]
2023-11-22 09:18:20.282 [info] > git config --get commit.template [7ms]
2023-11-22 09:18:20.283 [info] > git for-each-ref --format=%(refname)%00%(upstream:short)%00%(objectname)%00%(upstream:track)%00%(upstream:remotename)%00%(upstream:remoteref) refs/heads/master refs/remotes/master [1ms]
2023-11-22 09:18:20.290 [info] > git status -z -uall [2ms]
2023-11-22 09:18:22.240 [info] > git push -u coderoad master [1803ms]
2023-11-22 09:18:22.240 [info] remote: Permission to freeCodeCamp/learn-relational-databases-by-building-a-mario-database.git denied to Manuel-Smith.
fatal: unable to access 'https://github.com/freeCodeCamp/learn-relational-databases-by-building-a-mario-database/': The requested URL returned error: 403
2023-11-22 09:18:25.329 [info] > git config --get commit.template [7ms]
2023-11-22 09:18:25.329 [info] > git for-each-ref --format=%(refname)%00%(upstream:short)%00%(objectname)%00%(upstream:track)%00%(upstream:remotename)%00%(upstream:remoteref) refs/heads/master refs/remotes/master [2ms]
2023-11-22 09:18:25.335 [info] > git status -z -uall [2ms]
2023-11-22 09:18:31.797 [info] > git config --get commit.template [1ms]
2023-11-22 09:18:31.802 [info] > git for-each-ref --format=%(refname)%00%(upstream:short)%00%(objectname)%00%(upstream:track)%00%(upstream:remotename)%00%(upstream:remoteref) refs/heads/master refs/remotes/master [1ms]
2023-11-22 09:18:31.808 [info] > git status -z -uall [1ms]
2023-11-22 09:18:36.822 [info] > git config --get commit.template [4ms]
2023-11-22 09:18:36.822 [info] > git for-each-ref --format=%(refname)%00%(upstream:short)%00%(objectname)%00%(upstream:track)%00%(upstream:remotename)%00%(upstream:remoteref) refs/heads/master refs/remotes/master [1ms]
2023-11-22 09:18:36.828 [info] > git status -z -uall [2ms]
2023-11-22 09:18:56.618 [info] > git config --get commit.template [1ms]
2023-11-22 09:18:56.624 [info] > git for-each-ref --format=%(refname)%00%(upstream:short)%00%(objectname)%00%(upstream:track)%00%(upstream:remotename)%00%(upstream:remoteref) refs/heads/master refs/remotes/master [1ms]
2023-11-22 09:18:56.629 [info] > git status -z -uall [2ms]
2023-11-22 09:19:01.659 [info] > git config --get commit.template [8ms]
2023-11-22 09:19:01.660 [info] > git for-each-ref --format=%(refname)%00%(upstream:short)%00%(objectname)%00%(upstream:track)%00%(upstream:remotename)%00%(upstream:remoteref) refs/heads/master refs/remotes/master [2ms]
2023-11-22 09:19:01.669 [info] > git status -z -uall [2ms]
2023-11-22 09:19:32.249 [info] > git config --get commit.template [10ms]
2023-11-22 09:19:32.250 [info] > git for-each-ref --format=%(refname)%00%(upstream:short)%00%(objectname)%00%(upstream:track)%00%(upstream:remotename)%00%(upstream:remoteref) refs/heads/master refs/remotes/master [2ms]
2023-11-22 09:19:32.259 [info] > git status -z -uall [2ms]
2023-11-22 09:19:37.277 [info] > git config --get commit.template [4ms]
2023-11-22 09:19:37.278 [info] > git for-each-ref --format=%(refname)%00%(upstream:short)%00%(objectname)%00%(upstream:track)%00%(upstream:remotename)%00%(upstream:remoteref) refs/heads/master refs/remotes/master [1ms]
2023-11-22 09:19:37.283 [info] > git status -z -uall [2ms]
2023-11-22 09:19:44.272 [info] > git config --get commit.template [5ms]
2023-11-22 09:19:44.273 [info] > git for-each-ref --format=%(refname)%00%(upstream:short)%00%(objectname)%00%(upstream:track)%00%(upstream:remotename)%00%(upstream:remoteref) refs/heads/master refs/remotes/master [1ms]
2023-11-22 09:19:44.279 [info] > git status -z -uall [2ms]
2023-11-22 09:19:49.311 [info] > git config --get commit.template [10ms]
2023-11-22 09:19:49.312 [info] > git for-each-ref --format=%(refname)%00%(upstream:short)%00%(objectname)%00%(upstream:track)%00%(upstream:remotename)%00%(upstream:remoteref) refs/heads/master refs/remotes/master [2ms]
2023-11-22 09:19:49.321 [info] > git status -z -uall [3ms]
2023-11-22 09:20:13.669 [info] > git config --get commit.template [6ms]
2023-11-22 09:20:13.669 [info] > git for-each-ref --format=%(refname)%00%(upstream:short)%00%(objectname)%00%(upstream:track)%00%(upstream:remotename)%00%(upstream:remoteref) refs/heads/master refs/remotes/master [1ms]
2023-11-22 09:20:13.676 [info] > git status -z -uall [2ms]
2023-11-22 09:20:18.712 [info] > git config --get commit.template [14ms]
2023-11-22 09:20:18.712 [info] > git for-each-ref --format=%(refname)%00%(upstream:short)%00%(objectname)%00%(upstream:track)%00%(upstream:remotename)%00%(upstream:remoteref) refs/heads/master refs/remotes/master [2ms]
2023-11-22 09:20:18.722 [info] > git status -z -uall [3ms]
2023-11-22 09:20:27.560 [info] > git config --get commit.template [7ms]
2023-11-22 09:20:27.561 [info] > git for-each-ref --format=%(refname)%00%(upstream:short)%00%(objectname)%00%(upstream:track)%00%(upstream:remotename)%00%(upstream:remoteref) refs/heads/master refs/remotes/master [1ms]
2023-11-22 09:20:27.569 [info] > git status -z -uall [3ms]
2023-11-22 09:20:32.586 [info] > git config --get commit.template [5ms]
2023-11-22 09:20:32.587 [info] > git for-each-ref --format=%(refname)%00%(upstream:short)%00%(objectname)%00%(upstream:track)%00%(upstream:remotename)%00%(upstream:remoteref) refs/heads/master refs/remotes/master [1ms]
2023-11-22 09:20:32.593 [info] > git status -z -uall [2ms]
2023-11-22 09:22:50.606 [info] > git config --get commit.template [1ms]
2023-11-22 09:22:50.611 [info] > git for-each-ref --format=%(refname)%00%(upstream:short)%00%(objectname)%00%(upstream:track)%00%(upstream:remotename)%00%(upstream:remoteref) refs/heads/master refs/remotes/master [1ms]
2023-11-22 09:22:50.617 [info] > git status -z -uall [2ms]
2023-11-22 09:22:55.643 [info] > git config --get commit.template [5ms]
2023-11-22 09:22:55.643 [info] > git for-each-ref --format=%(refname)%00%(upstream:short)%00%(objectname)%00%(upstream:track)%00%(upstream:remotename)%00%(upstream:remoteref) refs/heads/master refs/remotes/master [1ms]
2023-11-22 09:22:55.649 [info] > git status -z -uall [2ms]
2023-11-22 09:23:00.669 [info] > git config --get commit.template [5ms]
2023-11-22 09:23:00.669 [info] > git for-each-ref --format=%(refname)%00%(upstream:short)%00%(objectname)%00%(upstream:track)%00%(upstream:remotename)%00%(upstream:remoteref) refs/heads/master refs/remotes/master [1ms]
2023-11-22 09:23:00.675 [info] > git status -z -uall [2ms]
2023-11-22 09:23:05.697 [info] > git config --get commit.template [5ms]
2023-11-22 09:23:05.697 [info] > git for-each-ref --format=%(refname)%00%(upstream:short)%00%(objectname)%00%(upstream:track)%00%(upstream:remotename)%00%(upstream:remoteref) refs/heads/master refs/remotes/master [1ms]
2023-11-22 09:23:05.703 [info] > git status -z -uall [2ms]
2023-11-22 09:23:30.059 [info] > git config --get commit.template [1ms]
2023-11-22 09:23:30.065 [info] > git for-each-ref --format=%(refname)%00%(upstream:short)%00%(objectname)%00%(upstream:track)%00%(upstream:remotename)%00%(upstream:remoteref) refs/heads/master refs/remotes/master [1ms]
2023-11-22 09:23:30.071 [info] > git status -z -uall [2ms]
2023-11-22 09:23:51.030 [info] > git config --get commit.template [5ms]
2023-11-22 09:23:51.030 [info] > git for-each-ref --format=%(refname)%00%(upstream:short)%00%(objectname)%00%(upstream:track)%00%(upstream:remotename)%00%(upstream:remoteref) refs/heads/master refs/remotes/master [1ms]
2023-11-22 09:23:51.036 [info] > git status -z -uall [2ms]
2023-11-22 09:24:09.917 [info] > git for-each-ref --format=%(refname)%00%(upstream:short)%00%(objectname)%00%(upstream:track)%00%(upstream:remotename)%00%(upstream:remoteref) refs/heads/master refs/remotes/master [4ms]
2023-11-22 09:24:09.917 [info] > git config --get commit.template [14ms]
2023-11-22 09:24:09.926 [info] > git status -z -uall [2ms]
2023-11-22 09:24:14.959 [info] > git config --get commit.template [9ms]
2023-11-22 09:24:14.960 [info] > git for-each-ref --format=%(refname)%00%(upstream:short)%00%(objectname)%00%(upstream:track)%00%(upstream:remotename)%00%(upstream:remoteref) refs/heads/master refs/remotes/master [2ms]
2023-11-22 09:24:14.968 [info] > git status -z -uall [3ms]
2023-11-22 09:24:43.651 [info] > git config --get commit.template [5ms]
2023-11-22 09:24:43.652 [info] > git for-each-ref --format=%(refname)%00%(upstream:short)%00%(objectname)%00%(upstream:track)%00%(upstream:remotename)%00%(upstream:remoteref) refs/heads/master refs/remotes/master [1ms]
2023-11-22 09:24:43.658 [info] > git status -z -uall [2ms]
2023-11-22 09:24:48.671 [info] > git config --get commit.template [4ms]
2023-11-22 09:24:48.671 [info] > git for-each-ref --format=%(refname)%00%(upstream:short)%00%(objectname)%00%(upstream:track)%00%(upstream:remotename)%00%(upstream:remoteref) refs/heads/master refs/remotes/master [1ms]
2023-11-22 09:24:48.677 [info] > git status -z -uall [2ms]
2023-11-22 09:25:01.176 [info] > git config --get commit.template [7ms]
2023-11-22 09:25:01.176 [info] > git for-each-ref --format=%(refname)%00%(upstream:short)%00%(objectname)%00%(upstream:track)%00%(upstream:remotename)%00%(upstream:remoteref) refs/heads/master refs/remotes/master [1ms]
2023-11-22 09:25:01.183 [info] > git status -z -uall [2ms]
2023-11-22 09:25:06.196 [info] > git config --get commit.template [2ms]
2023-11-22 09:25:06.201 [info] > git for-each-ref --format=%(refname)%00%(upstream:short)%00%(objectname)%00%(upstream:track)%00%(upstream:remotename)%00%(upstream:remoteref) refs/heads/master refs/remotes/master [1ms]
2023-11-22 09:25:06.207 [info] > git status -z -uall [2ms]
2023-11-22 09:25:35.398 [info] > git config --get commit.template [7ms]
2023-11-22 09:25:35.398 [info] > git for-each-ref --format=%(refname)%00%(upstream:short)%00%(objectname)%00%(upstream:track)%00%(upstream:remotename)%00%(upstream:remoteref) refs/heads/master refs/remotes/master [2ms]
2023-11-22 09:25:35.404 [info] > git status -z -uall [2ms]
2023-11-22 09:25:40.419 [info] > git config --get commit.template [1ms]
2023-11-22 09:25:40.425 [info] > git for-each-ref --format=%(refname)%00%(upstream:short)%00%(objectname)%00%(upstream:track)%00%(upstream:remotename)%00%(upstream:remoteref) refs/heads/master refs/remotes/master [1ms]
2023-11-22 09:25:40.431 [info] > git status -z -uall [2ms]
2023-11-22 09:26:13.111 [info] > git config --get commit.template [7ms]
2023-11-22 09:26:13.111 [info] > git for-each-ref --format=%(refname)%00%(upstream:short)%00%(objectname)%00%(upstream:track)%00%(upstream:remotename)%00%(upstream:remoteref) refs/heads/master refs/remotes/master [1ms]
2023-11-22 09:26:13.119 [info] > git status -z -uall [2ms]
2023-11-22 09:26:18.136 [info] > git config --get commit.template [5ms]
2023-11-22 09:26:18.137 [info] > git for-each-ref --format=%(refname)%00%(upstream:short)%00%(objectname)%00%(upstream:track)%00%(upstream:remotename)%00%(upstream:remoteref) refs/heads/master refs/remotes/master [1ms]
2023-11-22 09:26:18.142 [info] > git status -z -uall [2ms]
2023-11-22 09:26:30.733 [info] > git config --get commit.template [5ms]
2023-11-22 09:26:30.734 [info] > git for-each-ref --format=%(refname)%00%(upstream:short)%00%(objectname)%00%(upstream:track)%00%(upstream:remotename)%00%(upstream:remoteref) refs/heads/master refs/remotes/master [1ms]
2023-11-22 09:26:30.739 [info] > git status -z -uall [1ms]
2023-11-22 09:26:35.757 [info] > git config --get commit.template [5ms]
2023-11-22 09:26:35.757 [info] > git for-each-ref --format=%(refname)%00%(upstream:short)%00%(objectname)%00%(upstream:track)%00%(upstream:remotename)%00%(upstream:remoteref) refs/heads/master refs/remotes/master [1ms]
2023-11-22 09:26:35.763 [info] > git status -z -uall [2ms]
2023-11-22 09:27:03.030 [info] > git config --get commit.template [4ms]
2023-11-22 09:27:03.031 [info] > git for-each-ref --format=%(refname)%00%(upstream:short)%00%(objectname)%00%(upstream:track)%00%(upstream:remotename)%00%(upstream:remoteref) refs/heads/master refs/remotes/master [1ms]
2023-11-22 09:27:03.036 [info] > git status -z -uall [1ms]
2023-11-22 09:27:11.801 [info] > git config --get commit.template [10ms]
2023-11-22 09:27:11.802 [info] > git for-each-ref --format=%(refname)%00%(upstream:short)%00%(objectname)%00%(upstream:track)%00%(upstream:remotename)%00%(upstream:remoteref) refs/heads/master refs/remotes/master [2ms]
2023-11-22 09:27:11.813 [info] > git status -z -uall [3ms]
2023-11-22 09:27:22.685 [info] > git config --get commit.template [2ms]
2023-11-22 09:27:22.690 [info] > git for-each-ref --format=%(refname)%00%(upstream:short)%00%(objectname)%00%(upstream:track)%00%(upstream:remotename)%00%(upstream:remoteref) refs/heads/master refs/remotes/master [1ms]
2023-11-22 09:27:22.696 [info] > git status -z -uall [2ms]
2023-11-22 09:27:27.711 [info] > git config --get commit.template [7ms]
2023-11-22 09:27:27.711 [info] > git for-each-ref --format=%(refname)%00%(upstream:short)%00%(objectname)%00%(upstream:track)%00%(upstream:remotename)%00%(upstream:remoteref) refs/heads/master refs/remotes/master [1ms]
2023-11-22 09:27:27.719 [info] > git status -z -uall [2ms]
2023-11-22 09:27:54.824 [info] > git config --get commit.template [5ms]
2023-11-22 09:27:54.824 [info] > git for-each-ref --format=%(refname)%00%(upstream:short)%00%(objectname)%00%(upstream:track)%00%(upstream:remotename)%00%(upstream:remoteref) refs/heads/master refs/remotes/master [1ms]
2023-11-22 09:27:54.830 [info] > git status -z -uall [2ms]
2023-11-22 09:27:59.848 [info] > git config --get commit.template [6ms]
2023-11-22 09:27:59.848 [info] > git for-each-ref --format=%(refname)%00%(upstream:short)%00%(objectname)%00%(upstream:track)%00%(upstream:remotename)%00%(upstream:remoteref) refs/heads/master refs/remotes/master [1ms]
2023-11-22 09:27:59.854 [info] > git status -z -uall [2ms]
2023-11-22 09:28:10.676 [info] > git config --get commit.template [6ms]
2023-11-22 09:28:10.676 [info] > git for-each-ref --format=%(refname)%00%(upstream:short)%00%(objectname)%00%(upstream:track)%00%(upstream:remotename)%00%(upstream:remoteref) refs/heads/master refs/remotes/master [1ms]
2023-11-22 09:28:10.682 [info] > git status -z -uall [2ms]
2023-11-22 09:28:15.711 [info] > git config --get commit.template [8ms]
2023-11-22 09:28:15.712 [info] > git for-each-ref --format=%(refname)%00%(upstream:short)%00%(objectname)%00%(upstream:track)%00%(upstream:remotename)%00%(upstream:remoteref) refs/heads/master refs/remotes/master [1ms]
2023-11-22 09:28:15.720 [info] > git status -z -uall [3ms]
2023-11-22 09:28:45.397 [info] > git config --get commit.template [6ms]
2023-11-22 09:28:45.398 [info] > git for-each-ref --format=%(refname)%00%(upstream:short)%00%(objectname)%00%(upstream:track)%00%(upstream:remotename)%00%(upstream:remoteref) refs/heads/master refs/remotes/master [1ms]
2023-11-22 09:28:45.404 [info] > git status -z -uall [2ms]
2023-11-22 09:28:50.432 [info] > git config --get commit.template [5ms]
2023-11-22 09:28:50.432 [info] > git for-each-ref --format=%(refname)%00%(upstream:short)%00%(objectname)%00%(upstream:track)%00%(upstream:remotename)%00%(upstream:remoteref) refs/heads/master refs/remotes/master [1ms]
2023-11-22 09:28:50.438 [info] > git status -z -uall [2ms]
2023-11-22 09:28:59.675 [info] > git config --get commit.template [9ms]
2023-11-22 09:28:59.676 [info] > git for-each-ref --format=%(refname)%00%(upstream:short)%00%(objectname)%00%(upstream:track)%00%(upstream:remotename)%00%(upstream:remoteref) refs/heads/master refs/remotes/master [1ms]
2023-11-22 09:28:59.684 [info] > git status -z -uall [2ms]
2023-11-22 09:29:04.709 [info] > git config --get commit.template [5ms]
2023-11-22 09:29:04.709 [info] > git for-each-ref --format=%(refname)%00%(upstream:short)%00%(objectname)%00%(upstream:track)%00%(upstream:remotename)%00%(upstream:remoteref) refs/heads/master refs/remotes/master [1ms]
2023-11-22 09:29:04.715 [info] > git status -z -uall [2ms]
2023-11-22 09:29:28.599 [info] > git config --get commit.template [2ms]
2023-11-22 09:29:28.609 [info] > git for-each-ref --format=%(refname)%00%(upstream:short)%00%(objectname)%00%(upstream:track)%00%(upstream:remotename)%00%(upstream:remoteref) refs/heads/master refs/remotes/master [2ms]
2023-11-22 09:29:28.618 [info] > git status -z -uall [3ms]
2023-11-22 09:29:33.639 [info] > git config --get commit.template [7ms]
2023-11-22 09:29:33.639 [info] > git for-each-ref --format=%(refname)%00%(upstream:short)%00%(objectname)%00%(upstream:track)%00%(upstream:remotename)%00%(upstream:remoteref) refs/heads/master refs/remotes/master [1ms]
2023-11-22 09:29:33.649 [info] > git status -z -uall [2ms]
2023-11-22 09:29:40.648 [info] > git config --get commit.template [6ms]
2023-11-22 09:29:40.648 [info] > git for-each-ref --format=%(refname)%00%(upstream:short)%00%(objectname)%00%(upstream:track)%00%(upstream:remotename)%00%(upstream:remoteref) refs/heads/master refs/remotes/master [1ms]
2023-11-22 09:29:40.654 [info] > git status -z -uall [2ms]
2023-11-22 09:29:45.669 [info] > git config --get commit.template [5ms]
2023-11-22 09:29:45.670 [info] > git for-each-ref --format=%(refname)%00%(upstream:short)%00%(objectname)%00%(upstream:track)%00%(upstream:remotename)%00%(upstream:remoteref) refs/heads/master refs/remotes/master [2ms]
2023-11-22 09:29:45.677 [info] > git status -z -uall [2ms]
2023-11-22 09:30:13.421 [info] > git config --get commit.template [6ms]
2023-11-22 09:30:13.421 [info] > git for-each-ref --format=%(refname)%00%(upstream:short)%00%(objectname)%00%(upstream:track)%00%(upstream:remotename)%00%(upstream:remoteref) refs/heads/master refs/remotes/master [1ms]
2023-11-22 09:30:13.428 [info] > git status -z -uall [2ms]
2023-11-22 09:30:18.437 [info] > git config --get commit.template [2ms]
2023-11-22 09:30:18.443 [info] > git for-each-ref --format=%(refname)%00%(upstream:short)%00%(objectname)%00%(upstream:track)%00%(upstream:remotename)%00%(upstream:remoteref) refs/heads/master refs/remotes/master [1ms]
2023-11-22 09:30:18.449 [info] > git status -z -uall [2ms]
2023-11-22 09:30:25.177 [info] > git config --get commit.template [6ms]
2023-11-22 09:30:25.178 [info] > git for-each-ref --format=%(refname)%00%(upstream:short)%00%(objectname)%00%(upstream:track)%00%(upstream:remotename)%00%(upstream:remoteref) refs/heads/master refs/remotes/master [1ms]
2023-11-22 09:30:25.185 [info] > git status -z -uall [2ms]
2023-11-22 09:30:30.210 [info] > git config --get commit.template [5ms]
2023-11-22 09:30:30.210 [info] > git for-each-ref --format=%(refname)%00%(upstream:short)%00%(objectname)%00%(upstream:track)%00%(upstream:remotename)%00%(upstream:remoteref) refs/heads/master refs/remotes/master [1ms]
2023-11-22 09:30:30.216 [info] > git status -z -uall [2ms]
2023-11-22 09:30:52.231 [info] > git config --get commit.template [5ms]
2023-11-22 09:30:52.231 [info] > git for-each-ref --format=%(refname)%00%(upstream:short)%00%(objectname)%00%(upstream:track)%00%(upstream:remotename)%00%(upstream:remoteref) refs/heads/master refs/remotes/master [1ms]
2023-11-22 09:30:52.237 [info] > git status -z -uall [2ms]
2023-11-22 09:30:57.252 [info] > git config --get commit.template [7ms]
2023-11-22 09:30:57.252 [info] > git for-each-ref --format=%(refname)%00%(upstream:short)%00%(objectname)%00%(upstream:track)%00%(upstream:remotename)%00%(upstream:remoteref) refs/heads/master refs/remotes/master [1ms]
2023-11-22 09:30:57.260 [info] > git status -z -uall [2ms]
2023-11-22 09:31:25.404 [info] > git config --get commit.template [2ms]
2023-11-22 09:31:25.409 [info] > git for-each-ref --format=%(refname)%00%(upstream:short)%00%(objectname)%00%(upstream:track)%00%(upstream:remotename)%00%(upstream:remoteref) refs/heads/master refs/remotes/master [1ms]
2023-11-22 09:31:25.415 [info] > git status -z -uall [2ms]
2023-11-22 09:31:30.441 [info] > git config --get commit.template [6ms]
2023-11-22 09:31:30.441 [info] > git for-each-ref --format=%(refname)%00%(upstream:short)%00%(objectname)%00%(upstream:track)%00%(upstream:remotename)%00%(upstream:remoteref) refs/heads/master refs/remotes/master [1ms]
2023-11-22 09:31:30.447 [info] > git status -z -uall [2ms]
2023-11-22 09:31:37.923 [info] > git config --get commit.template [10ms]
2023-11-22 09:31:37.924 [info] > git for-each-ref --format=%(refname)%00%(upstream:short)%00%(objectname)%00%(upstream:track)%00%(upstream:remotename)%00%(upstream:remoteref) refs/heads/master refs/remotes/master [2ms]
2023-11-22 09:31:37.933 [info] > git status -z -uall [2ms]
2023-11-22 09:31:42.949 [info] > git config --get commit.template [6ms]
2023-11-22 09:31:42.950 [info] > git for-each-ref --format=%(refname)%00%(upstream:short)%00%(objectname)%00%(upstream:track)%00%(upstream:remotename)%00%(upstream:remoteref) refs/heads/master refs/remotes/master [1ms]
2023-11-22 09:31:42.957 [info] > git status -z -uall [2ms]
2023-11-22 09:31:54.537 [info] > git config --get commit.template [1ms]
2023-11-22 09:31:54.542 [info] > git for-each-ref --format=%(refname)%00%(upstream:short)%00%(objectname)%00%(upstream:track)%00%(upstream:remotename)%00%(upstream:remoteref) refs/heads/master refs/remotes/master [1ms]
2023-11-22 09:31:54.548 [info] > git status -z -uall [2ms]
2023-11-22 09:31:59.566 [info] > git config --get commit.template [5ms]
2023-11-22 09:31:59.567 [info] > git for-each-ref --format=%(refname)%00%(upstream:short)%00%(objectname)%00%(upstream:track)%00%(upstream:remotename)%00%(upstream:remoteref) refs/heads/master refs/remotes/master [1ms]
2023-11-22 09:31:59.572 [info] > git status -z -uall [2ms]
2023-11-22 09:32:34.416 [info] > git config --get commit.template [5ms]
2023-11-22 09:32:34.417 [info] > git for-each-ref --format=%(refname)%00%(upstream:short)%00%(objectname)%00%(upstream:track)%00%(upstream:remotename)%00%(upstream:remoteref) refs/heads/master refs/remotes/master [1ms]
2023-11-22 09:32:34.423 [info] > git status -z -uall [1ms]
2023-11-22 09:32:39.446 [info] > git config --get commit.template [2ms]
2023-11-22 09:32:39.451 [info] > git for-each-ref --format=%(refname)%00%(upstream:short)%00%(objectname)%00%(upstream:track)%00%(upstream:remotename)%00%(upstream:remoteref) refs/heads/master refs/remotes/master [1ms]
2023-11-22 09:32:39.456 [info] > git status -z -uall [1ms]
2023-11-22 09:33:14.290 [info] > git config --get commit.template [8ms]
2023-11-22 09:33:14.291 [info] > git for-each-ref --format=%(refname)%00%(upstream:short)%00%(objectname)%00%(upstream:track)%00%(upstream:remotename)%00%(upstream:remoteref) refs/heads/master refs/remotes/master [2ms]
2023-11-22 09:33:14.300 [info] > git status -z -uall [2ms]
2023-11-22 09:33:19.314 [info] > git config --get commit.template [2ms]
2023-11-22 09:33:19.319 [info] > git for-each-ref --format=%(refname)%00%(upstream:short)%00%(objectname)%00%(upstream:track)%00%(upstream:remotename)%00%(upstream:remoteref) refs/heads/master refs/remotes/master [1ms]
2023-11-22 09:33:19.324 [info] > git status -z -uall [1ms]
2023-11-22 09:33:36.557 [info] > git config --get commit.template [6ms]
2023-11-22 09:33:36.557 [info] > git for-each-ref --format=%(refname)%00%(upstream:short)%00%(objectname)%00%(upstream:track)%00%(upstream:remotename)%00%(upstream:remoteref) refs/heads/master refs/remotes/master [1ms]
2023-11-22 09:33:36.564 [info] > git status -z -uall [2ms]
2023-11-22 09:33:41.578 [info] > git config --get commit.template [5ms]
2023-11-22 09:33:41.579 [info] > git for-each-ref --format=%(refname)%00%(upstream:short)%00%(objectname)%00%(upstream:track)%00%(upstream:remotename)%00%(upstream:remoteref) refs/heads/master refs/remotes/master [1ms]
2023-11-22 09:33:41.585 [info] > git status -z -uall [2ms]
2023-11-22 09:33:53.089 [info] > git config --get commit.template [6ms]
2023-11-22 09:33:53.089 [info] > git for-each-ref --format=%(refname)%00%(upstream:short)%00%(objectname)%00%(upstream:track)%00%(upstream:remotename)%00%(upstream:remoteref) refs/heads/master refs/remotes/master [1ms]
2023-11-22 09:33:53.096 [info] > git status -z -uall [2ms]
2023-11-22 09:33:58.113 [info] > git config --get commit.template [6ms]
2023-11-22 09:33:58.115 [info] > git for-each-ref --format=%(refname)%00%(upstream:short)%00%(objectname)%00%(upstream:track)%00%(upstream:remotename)%00%(upstream:remoteref) refs/heads/master refs/remotes/master [1ms]
2023-11-22 09:33:58.123 [info] > git status -z -uall [2ms]
2023-11-22 09:34:04.966 [info] > git config --get commit.template [2ms]
2023-11-22 09:34:04.972 [info] > git for-each-ref --format=%(refname)%00%(upstream:short)%00%(objectname)%00%(upstream:track)%00%(upstream:remotename)%00%(upstream:remoteref) refs/heads/master refs/remotes/master [1ms]
2023-11-22 09:34:04.978 [info] > git status -z -uall [1ms]
2023-11-22 09:34:09.997 [info] > git config --get commit.template [7ms]
2023-11-22 09:34:09.997 [info] > git for-each-ref --format=%(refname)%00%(upstream:short)%00%(objectname)%00%(upstream:track)%00%(upstream:remotename)%00%(upstream:remoteref) refs/heads/master refs/remotes/master [1ms]
2023-11-22 09:34:10.003 [info] > git status -z -uall [2ms]
2023-11-22 09:34:20.176 [info] > git config --get commit.template [6ms]
2023-11-22 09:34:20.176 [info] > git for-each-ref --format=%(refname)%00%(upstream:short)%00%(objectname)%00%(upstream:track)%00%(upstream:remotename)%00%(upstream:remoteref) refs/heads/master refs/remotes/master [1ms]
2023-11-22 09:34:20.182 [info] > git status -z -uall [2ms]
2023-11-22 09:34:25.526 [info] > git config --get commit.template [6ms]
2023-11-22 09:34:25.527 [info] > git for-each-ref --format=%(refname)%00%(upstream:short)%00%(objectname)%00%(upstream:track)%00%(upstream:remotename)%00%(upstream:remoteref) refs/heads/master refs/remotes/master [0ms]
2023-11-22 09:34:25.533 [info] > git status -z -uall [2ms]
2023-11-22 09:35:01.090 [info] > git config --get commit.template [6ms]
2023-11-22 09:35:01.090 [info] > git for-each-ref --format=%(refname)%00%(upstream:short)%00%(objectname)%00%(upstream:track)%00%(upstream:remotename)%00%(upstream:remoteref) refs/heads/master refs/remotes/master [1ms]
2023-11-22 09:35:01.096 [info] > git status -z -uall [2ms]
2023-11-22 09:35:12.175 [info] > git config --get commit.template [6ms]
2023-11-22 09:35:12.175 [info] > git for-each-ref --format=%(refname)%00%(upstream:short)%00%(objectname)%00%(upstream:track)%00%(upstream:remotename)%00%(upstream:remoteref) refs/heads/master refs/remotes/master [1ms]
2023-11-22 09:35:12.182 [info] > git status -z -uall [2ms]
2023-11-22 09:35:20.627 [info] > git config --get commit.template [9ms]
2023-11-22 09:35:20.628 [info] > git for-each-ref --format=%(refname)%00%(upstream:short)%00%(objectname)%00%(upstream:track)%00%(upstream:remotename)%00%(upstream:remoteref) refs/heads/master refs/remotes/master [2ms]
2023-11-22 09:35:20.637 [info] > git status -z -uall [2ms]
2023-11-22 09:35:25.655 [info] > git config --get commit.template [4ms]
2023-11-22 09:35:25.655 [info] > git for-each-ref --format=%(refname)%00%(upstream:short)%00%(objectname)%00%(upstream:track)%00%(upstream:remotename)%00%(upstream:remoteref) refs/heads/master refs/remotes/master [1ms]
2023-11-22 09:35:25.661 [info] > git status -z -uall [2ms]
2023-11-22 09:35:31.879 [info] > git config --get commit.template [6ms]
2023-11-22 09:35:31.879 [info] > git for-each-ref --format=%(refname)%00%(upstream:short)%00%(objectname)%00%(upstream:track)%00%(upstream:remotename)%00%(upstream:remoteref) refs/heads/master refs/remotes/master [1ms]
2023-11-22 09:35:31.885 [info] > git status -z -uall [2ms]
2023-11-22 09:35:36.922 [info] > git config --get commit.template [13ms]
2023-11-22 09:35:36.924 [info] > git for-each-ref --format=%(refname)%00%(upstream:short)%00%(objectname)%00%(upstream:track)%00%(upstream:remotename)%00%(upstream:remoteref) refs/heads/master refs/remotes/master [2ms]
2023-11-22 09:35:36.933 [info] > git status -z -uall [3ms]
2023-11-22 09:35:57.898 [info] > git config --get commit.template [6ms]
2023-11-22 09:35:57.898 [info] > git for-each-ref --format=%(refname)%00%(upstream:short)%00%(objectname)%00%(upstream:track)%00%(upstream:remotename)%00%(upstream:remoteref) refs/heads/master refs/remotes/master [1ms]
2023-11-22 09:35:57.905 [info] > git status -z -uall [2ms]
2023-11-22 09:36:02.931 [info] > git config --get commit.template [10ms]
2023-11-22 09:36:02.932 [info] > git for-each-ref --format=%(refname)%00%(upstream:short)%00%(objectname)%00%(upstream:track)%00%(upstream:remotename)%00%(upstream:remoteref) refs/heads/master refs/remotes/master [2ms]
2023-11-22 09:36:02.941 [info] > git status -z -uall [3ms]
2023-11-22 09:36:07.968 [info] > git config --get commit.template [9ms]
2023-11-22 09:36:07.969 [info] > git for-each-ref --format=%(refname)%00%(upstream:short)%00%(objectname)%00%(upstream:track)%00%(upstream:remotename)%00%(upstream:remoteref) refs/heads/master refs/remotes/master [1ms]
2023-11-22 09:36:07.978 [info] > git status -z -uall [2ms]
2023-11-22 09:36:13.004 [info] > git config --get commit.template [11ms]
2023-11-22 09:36:13.005 [info] > git for-each-ref --format=%(refname)%00%(upstream:short)%00%(objectname)%00%(upstream:track)%00%(upstream:remotename)%00%(upstream:remoteref) refs/heads/master refs/remotes/master [2ms]
2023-11-22 09:36:13.014 [info] > git status -z -uall [3ms]
2023-11-22 09:36:24.705 [info] > git for-each-ref --format=%(refname)%00%(upstream:short)%00%(objectname)%00%(upstream:track)%00%(upstream:remotename)%00%(upstream:remoteref) refs/heads/master refs/remotes/master [2ms]
2023-11-22 09:36:24.705 [info] > git config --get commit.template [12ms]
2023-11-22 09:36:24.714 [info] > git status -z -uall [2ms]
2023-11-22 09:36:29.740 [info] > git config --get commit.template [6ms]
2023-11-22 09:36:29.740 [info] > git for-each-ref --format=%(refname)%00%(upstream:short)%00%(objectname)%00%(upstream:track)%00%(upstream:remotename)%00%(upstream:remoteref) refs/heads/master refs/remotes/master [1ms]
2023-11-22 09:36:29.746 [info] > git status -z -uall [2ms]
2023-11-22 09:36:35.807 [info] > git config --get commit.template [5ms]
2023-11-22 09:36:35.808 [info] > git for-each-ref --format=%(refname)%00%(upstream:short)%00%(objectname)%00%(upstream:track)%00%(upstream:remotename)%00%(upstream:remoteref) refs/heads/master refs/remotes/master [1ms]
2023-11-22 09:36:35.815 [info] > git status -z -uall [1ms]
2023-11-22 09:36:40.829 [info] > git config --get commit.template [5ms]
2023-11-22 09:36:40.829 [info] > git for-each-ref --format=%(refname)%00%(upstream:short)%00%(objectname)%00%(upstream:track)%00%(upstream:remotename)%00%(upstream:remoteref) refs/heads/master refs/remotes/master [1ms]
2023-11-22 09:36:40.835 [info] > git status -z -uall [2ms]
2023-11-22 09:37:02.772 [info] > git config --get commit.template [6ms]
2023-11-22 09:37:02.773 [info] > git for-each-ref --format=%(refname)%00%(upstream:short)%00%(objectname)%00%(upstream:track)%00%(upstream:remotename)%00%(upstream:remoteref) refs/heads/master refs/remotes/master [1ms]
2023-11-22 09:37:02.778 [info] > git status -z -uall [2ms]
2023-11-22 09:37:08.296 [info] > git config --get commit.template [14ms]
2023-11-22 09:37:08.298 [info] > git for-each-ref --format=%(refname)%00%(upstream:short)%00%(objectname)%00%(upstream:track)%00%(upstream:remotename)%00%(upstream:remoteref) refs/heads/master refs/remotes/master [2ms]
2023-11-22 09:37:08.308 [info] > git status -z -uall [3ms]
2023-11-22 09:37:28.548 [info] > git config --get commit.template [6ms]
2023-11-22 09:37:28.549 [info] > git for-each-ref --format=%(refname)%00%(upstream:short)%00%(objectname)%00%(upstream:track)%00%(upstream:remotename)%00%(upstream:remoteref) refs/heads/master refs/remotes/master [1ms]
2023-11-22 09:37:28.555 [info] > git status -z -uall [1ms]
2023-11-22 09:37:33.568 [info] > git config --get commit.template [4ms]
2023-11-22 09:37:33.568 [info] > git for-each-ref --format=%(refname)%00%(upstream:short)%00%(objectname)%00%(upstream:track)%00%(upstream:remotename)%00%(upstream:remoteref) refs/heads/master refs/remotes/master [1ms]
2023-11-22 09:37:33.574 [info] > git status -z -uall [2ms]
2023-11-22 09:37:57.040 [info] > git config --get commit.template [6ms]
2023-11-22 09:37:57.041 [info] > git for-each-ref --format=%(refname)%00%(upstream:short)%00%(objectname)%00%(upstream:track)%00%(upstream:remotename)%00%(upstream:remoteref) refs/heads/master refs/remotes/master [1ms]
2023-11-22 09:37:57.047 [info] > git status -z -uall [2ms]
2023-11-22 09:38:02.065 [info] > git config --get commit.template [5ms]
2023-11-22 09:38:02.065 [info] > git for-each-ref --format=%(refname)%00%(upstream:short)%00%(objectname)%00%(upstream:track)%00%(upstream:remotename)%00%(upstream:remoteref) refs/heads/master refs/remotes/master [1ms]
2023-11-22 09:38:02.071 [info] > git status -z -uall [2ms]
2023-11-22 09:38:23.326 [info] > git config --get commit.template [2ms]
2023-11-22 09:38:23.332 [info] > git for-each-ref --format=%(refname)%00%(upstream:short)%00%(objectname)%00%(upstream:track)%00%(upstream:remotename)%00%(upstream:remoteref) refs/heads/master refs/remotes/master [1ms]
2023-11-22 09:38:23.338 [info] > git status -z -uall [1ms]
2023-11-22 09:38:28.356 [info] > git config --get commit.template [7ms]
2023-11-22 09:38:28.357 [info] > git for-each-ref --format=%(refname)%00%(upstream:short)%00%(objectname)%00%(upstream:track)%00%(upstream:remotename)%00%(upstream:remoteref) refs/heads/master refs/remotes/master [2ms]
2023-11-22 09:38:28.363 [info] > git status -z -uall [2ms]
2023-11-22 09:38:48.028 [info] > git config --get commit.template [6ms]
2023-11-22 09:38:48.029 [info] > git for-each-ref --format=%(refname)%00%(upstream:short)%00%(objectname)%00%(upstream:track)%00%(upstream:remotename)%00%(upstream:remoteref) refs/heads/master refs/remotes/master [0ms]
2023-11-22 09:38:48.034 [info] > git status -z -uall [1ms]
2023-11-22 09:38:53.054 [info] > git config --get commit.template [9ms]
2023-11-22 09:38:53.054 [info] > git for-each-ref --format=%(refname)%00%(upstream:short)%00%(objectname)%00%(upstream:track)%00%(upstream:remotename)%00%(upstream:remoteref) refs/heads/master refs/remotes/master [1ms]
2023-11-22 09:38:53.063 [info] > git status -z -uall [2ms]
2023-11-22 09:39:05.257 [info] > git config --get commit.template [6ms]
2023-11-22 09:39:05.258 [info] > git for-each-ref --format=%(refname)%00%(upstream:short)%00%(objectname)%00%(upstream:track)%00%(upstream:remotename)%00%(upstream:remoteref) refs/heads/master refs/remotes/master [1ms]
2023-11-22 09:39:05.265 [info] > git status -z -uall [2ms]
2023-11-22 09:39:10.291 [info] > git config --get commit.template [8ms]
2023-11-22 09:39:10.291 [info] > git for-each-ref --format=%(refname)%00%(upstream:short)%00%(objectname)%00%(upstream:track)%00%(upstream:remotename)%00%(upstream:remoteref) refs/heads/master refs/remotes/master [1ms]
2023-11-22 09:39:10.299 [info] > git status -z -uall [2ms]
2023-11-22 09:40:05.123 [info] > git config --get commit.template [5ms]
2023-11-22 09:40:05.124 [info] > git for-each-ref --format=%(refname)%00%(upstream:short)%00%(objectname)%00%(upstream:track)%00%(upstream:remotename)%00%(upstream:remoteref) refs/heads/master refs/remotes/master [1ms]
2023-11-22 09:40:05.129 [info] > git status -z -uall [2ms]
2023-11-22 09:40:10.156 [info] > git config --get commit.template [5ms]
2023-11-22 09:40:10.156 [info] > git for-each-ref --format=%(refname)%00%(upstream:short)%00%(objectname)%00%(upstream:track)%00%(upstream:remotename)%00%(upstream:remoteref) refs/heads/master refs/remotes/master [1ms]
2023-11-22 09:40:10.162 [info] > git status -z -uall [2ms]
2023-11-22 09:40:54.390 [info] > git config --get commit.template [1ms]
2023-11-22 09:40:54.396 [info] > git for-each-ref --format=%(refname)%00%(upstream:short)%00%(objectname)%00%(upstream:track)%00%(upstream:remotename)%00%(upstream:remoteref) refs/heads/master refs/remotes/master [1ms]
2023-11-22 09:40:54.404 [info] > git status -z -uall [3ms]
2023-11-22 09:40:59.428 [info] > git config --get commit.template [6ms]
2023-11-22 09:40:59.428 [info] > git for-each-ref --format=%(refname)%00%(upstream:short)%00%(objectname)%00%(upstream:track)%00%(upstream:remotename)%00%(upstream:remoteref) refs/heads/master refs/remotes/master [1ms]
2023-11-22 09:40:59.434 [info] > git status -z -uall [2ms]
2023-11-22 09:41:45.642 [info] > git config --get commit.template [2ms]
2023-11-22 09:41:45.648 [info] > git for-each-ref --format=%(refname)%00%(upstream:short)%00%(objectname)%00%(upstream:track)%00%(upstream:remotename)%00%(upstream:remoteref) refs/heads/master refs/remotes/master [2ms]
2023-11-22 09:41:45.654 [info] > git status -z -uall [2ms]
2023-11-22 09:41:50.671 [info] > git config --get commit.template [7ms]
2023-11-22 09:41:50.672 [info] > git for-each-ref --format=%(refname)%00%(upstream:short)%00%(objectname)%00%(upstream:track)%00%(upstream:remotename)%00%(upstream:remoteref) refs/heads/master refs/remotes/master [2ms]
2023-11-22 09:41:50.680 [info] > git status -z -uall [2ms]
2023-11-22 09:41:58.473 [info] > git config --get commit.template [6ms]
2023-11-22 09:41:58.474 [info] > git for-each-ref --format=%(refname)%00%(upstream:short)%00%(objectname)%00%(upstream:track)%00%(upstream:remotename)%00%(upstream:remoteref) refs/heads/master refs/remotes/master [1ms]
2023-11-22 09:41:58.482 [info] > git status -z -uall [3ms]
2023-11-22 09:42:03.507 [info] > git config --get commit.template [6ms]
2023-11-22 09:42:03.508 [info] > git for-each-ref --format=%(refname)%00%(upstream:short)%00%(objectname)%00%(upstream:track)%00%(upstream:remotename)%00%(upstream:remoteref) refs/heads/master refs/remotes/master [1ms]
2023-11-22 09:42:03.513 [info] > git status -z -uall [1ms]
2023-11-22 09:42:47.822 [info] > git config --get commit.template [6ms]
2023-11-22 09:42:47.822 [info] > git for-each-ref --format=%(refname)%00%(upstream:short)%00%(objectname)%00%(upstream:track)%00%(upstream:remotename)%00%(upstream:remoteref) refs/heads/master refs/remotes/master [1ms]
2023-11-22 09:42:47.829 [info] > git status -z -uall [2ms]
2023-11-22 09:42:52.843 [info] > git config --get commit.template [6ms]
2023-11-22 09:42:52.843 [info] > git for-each-ref --format=%(refname)%00%(upstream:short)%00%(objectname)%00%(upstream:track)%00%(upstream:remotename)%00%(upstream:remoteref) refs/heads/master refs/remotes/master [1ms]
2023-11-22 09:42:52.849 [info] > git status -z -uall [2ms]
2023-11-22 09:44:07.302 [info] > git config --get commit.template [7ms]
2023-11-22 09:44:07.303 [info] > git for-each-ref --format=%(refname)%00%(upstream:short)%00%(objectname)%00%(upstream:track)%00%(upstream:remotename)%00%(upstream:remoteref) refs/heads/master refs/remotes/master [1ms]
2023-11-22 09:44:07.309 [info] > git status -z -uall [2ms]
2023-11-22 09:44:12.325 [info] > git config --get commit.template [4ms]
2023-11-22 09:44:12.325 [info] > git for-each-ref --format=%(refname)%00%(upstream:short)%00%(objectname)%00%(upstream:track)%00%(upstream:remotename)%00%(upstream:remoteref) refs/heads/master refs/remotes/master [1ms]
2023-11-22 09:44:12.331 [info] > git status -z -uall [2ms]
2023-11-22 09:45:50.136 [info] > git config --get commit.template [7ms]
2023-11-22 09:45:50.137 [info] > git for-each-ref --format=%(refname)%00%(upstream:short)%00%(objectname)%00%(upstream:track)%00%(upstream:remotename)%00%(upstream:remoteref) refs/heads/master refs/remotes/master [2ms]
2023-11-22 09:45:50.145 [info] > git status -z -uall [3ms]
2023-11-22 09:45:55.163 [info] > git config --get commit.template [7ms]
2023-11-22 09:45:55.164 [info] > git for-each-ref --format=%(refname)%00%(upstream:short)%00%(objectname)%00%(upstream:track)%00%(upstream:remotename)%00%(upstream:remoteref) refs/heads/master refs/remotes/master [2ms]
2023-11-22 09:45:55.171 [info] > git status -z -uall [2ms]
2023-11-22 09:46:05.553 [info] > git config --get commit.template [5ms]
2023-11-22 09:46:05.553 [info] > git for-each-ref --format=%(refname)%00%(upstream:short)%00%(objectname)%00%(upstream:track)%00%(upstream:remotename)%00%(upstream:remoteref) refs/heads/master refs/remotes/master [1ms]
2023-11-22 09:46:05.559 [info] > git status -z -uall [2ms]
2023-11-22 09:46:10.572 [info] > git config --get commit.template [6ms]
2023-11-22 09:46:10.572 [info] > git for-each-ref --format=%(refname)%00%(upstream:short)%00%(objectname)%00%(upstream:track)%00%(upstream:remotename)%00%(upstream:remoteref) refs/heads/master refs/remotes/master [1ms]
2023-11-22 09:46:10.578 [info] > git status -z -uall [2ms]
2023-11-22 09:47:48.652 [info] > git config --get commit.template [5ms]
2023-11-22 09:47:48.652 [info] > git for-each-ref --format=%(refname)%00%(upstream:short)%00%(objectname)%00%(upstream:track)%00%(upstream:remotename)%00%(upstream:remoteref) refs/heads/master refs/remotes/master [1ms]
2023-11-22 09:47:48.658 [info] > git status -z -uall [1ms]
2023-11-22 09:47:53.675 [info] > git config --get commit.template [6ms]
2023-11-22 09:47:53.675 [info] > git for-each-ref --format=%(refname)%00%(upstream:short)%00%(objectname)%00%(upstream:track)%00%(upstream:remotename)%00%(upstream:remoteref) refs/heads/master refs/remotes/master [1ms]
2023-11-22 09:47:53.681 [info] > git status -z -uall [2ms]
2023-11-22 09:48:03.660 [info] > git config --get commit.template [5ms]
2023-11-22 09:48:03.661 [info] > git for-each-ref --format=%(refname)%00%(upstream:short)%00%(objectname)%00%(upstream:track)%00%(upstream:remotename)%00%(upstream:remoteref) refs/heads/master refs/remotes/master [1ms]
2023-11-22 09:48:03.667 [info] > git status -z -uall [2ms]
2023-11-22 09:48:08.693 [info] > git config --get commit.template [8ms]
2023-11-22 09:48:08.694 [info] > git for-each-ref --format=%(refname)%00%(upstream:short)%00%(objectname)%00%(upstream:track)%00%(upstream:remotename)%00%(upstream:remoteref) refs/heads/master refs/remotes/master [1ms]
2023-11-22 09:48:08.701 [info] > git status -z -uall [2ms]
2023-11-22 09:49:08.316 [info] > git config --get commit.template [6ms]
2023-11-22 09:49:08.317 [info] > git for-each-ref --format=%(refname)%00%(upstream:short)%00%(objectname)%00%(upstream:track)%00%(upstream:remotename)%00%(upstream:remoteref) refs/heads/master refs/remotes/master [1ms]
2023-11-22 09:49:08.322 [info] > git status -z -uall [1ms]
2023-11-22 09:49:13.342 [info] > git config --get commit.template [7ms]
2023-11-22 09:49:13.343 [info] > git for-each-ref --format=%(refname)%00%(upstream:short)%00%(objectname)%00%(upstream:track)%00%(upstream:remotename)%00%(upstream:remoteref) refs/heads/master refs/remotes/master [1ms]
2023-11-22 09:49:13.351 [info] > git status -z -uall [2ms]
2023-11-22 09:49:22.856 [info] > git config --get commit.template [6ms]
2023-11-22 09:49:22.856 [info] > git for-each-ref --format=%(refname)%00%(upstream:short)%00%(objectname)%00%(upstream:track)%00%(upstream:remotename)%00%(upstream:remoteref) refs/heads/master refs/remotes/master [1ms]
2023-11-22 09:49:22.864 [info] > git status -z -uall [2ms]
2023-11-22 09:49:27.880 [info] > git config --get commit.template [5ms]
2023-11-22 09:49:27.881 [info] > git for-each-ref --format=%(refname)%00%(upstream:short)%00%(objectname)%00%(upstream:track)%00%(upstream:remotename)%00%(upstream:remoteref) refs/heads/master refs/remotes/master [1ms]
2023-11-22 09:49:27.886 [info] > git status -z -uall [1ms]
2023-11-22 09:50:03.648 [info] > git config --get commit.template [7ms]
2023-11-22 09:50:03.649 [info] > git for-each-ref --format=%(refname)%00%(upstream:short)%00%(objectname)%00%(upstream:track)%00%(upstream:remotename)%00%(upstream:remoteref) refs/heads/master refs/remotes/master [2ms]
2023-11-22 09:50:03.656 [info] > git status -z -uall [2ms]
2023-11-22 09:50:08.674 [info] > git config --get commit.template [4ms]
2023-11-22 09:50:08.674 [info] > git for-each-ref --format=%(refname)%00%(upstream:short)%00%(objectname)%00%(upstream:track)%00%(upstream:remotename)%00%(upstream:remoteref) refs/heads/master refs/remotes/master [1ms]
2023-11-22 09:50:08.680 [info] > git status -z -uall [2ms]
2023-11-22 09:50:19.250 [info] > git config --get commit.template [5ms]
2023-11-22 09:50:19.251 [info] > git for-each-ref --format=%(refname)%00%(upstream:short)%00%(objectname)%00%(upstream:track)%00%(upstream:remotename)%00%(upstream:remoteref) refs/heads/master refs/remotes/master [1ms]
2023-11-22 09:50:19.257 [info] > git status -z -uall [2ms]
2023-11-22 09:50:24.285 [info] > git config --get commit.template [9ms]
2023-11-22 09:50:24.286 [info] > git for-each-ref --format=%(refname)%00%(upstream:short)%00%(objectname)%00%(upstream:track)%00%(upstream:remotename)%00%(upstream:remoteref) refs/heads/master refs/remotes/master [2ms]
2023-11-22 09:50:24.294 [info] > git status -z -uall [2ms]
2023-11-22 09:50:56.806 [info] > git config --get commit.template [5ms]
2023-11-22 09:50:56.806 [info] > git for-each-ref --format=%(refname)%00%(upstream:short)%00%(objectname)%00%(upstream:track)%00%(upstream:remotename)%00%(upstream:remoteref) refs/heads/master refs/remotes/master [1ms]
2023-11-22 09:50:56.813 [info] > git status -z -uall [2ms]
2023-11-22 09:51:01.845 [info] > git config --get commit.template [10ms]
2023-11-22 09:51:01.845 [info] > git for-each-ref --format=%(refname)%00%(upstream:short)%00%(objectname)%00%(upstream:track)%00%(upstream:remotename)%00%(upstream:remoteref) refs/heads/master refs/remotes/master [2ms]
2023-11-22 09:51:01.851 [info] > git status -z -uall [2ms]
2023-11-22 09:51:18.114 [info] > git config --get commit.template [1ms]
2023-11-22 09:51:18.119 [info] > git for-each-ref --format=%(refname)%00%(upstream:short)%00%(objectname)%00%(upstream:track)%00%(upstream:remotename)%00%(upstream:remoteref) refs/heads/master refs/remotes/master [1ms]
2023-11-22 09:51:18.126 [info] > git status -z -uall [2ms]
2023-11-22 09:51:23.144 [info] > git for-each-ref --format=%(refname)%00%(upstream:short)%00%(objectname)%00%(upstream:track)%00%(upstream:remotename)%00%(upstream:remoteref) refs/heads/master refs/remotes/master [0ms]
2023-11-22 09:51:23.144 [info] > git config --get commit.template [6ms]
2023-11-22 09:51:23.149 [info] > git status -z -uall [1ms]
2023-11-22 09:51:50.418 [info] > git config --get commit.template [7ms]
2023-11-22 09:51:50.418 [info] > git for-each-ref --format=%(refname)%00%(upstream:short)%00%(objectname)%00%(upstream:track)%00%(upstream:remotename)%00%(upstream:remoteref) refs/heads/master refs/remotes/master [1ms]
2023-11-22 09:51:50.424 [info] > git status -z -uall [2ms]
2023-11-22 09:51:55.441 [info] > git config --get commit.template [5ms]
2023-11-22 09:51:55.442 [info] > git for-each-ref --format=%(refname)%00%(upstream:short)%00%(objectname)%00%(upstream:track)%00%(upstream:remotename)%00%(upstream:remoteref) refs/heads/master refs/remotes/master [1ms]
2023-11-22 09:51:55.448 [info] > git status -z -uall [2ms]
2023-11-22 09:52:04.189 [info] > git config --get commit.template [5ms]
2023-11-22 09:52:04.190 [info] > git for-each-ref --format=%(refname)%00%(upstream:short)%00%(objectname)%00%(upstream:track)%00%(upstream:remotename)%00%(upstream:remoteref) refs/heads/master refs/remotes/master [1ms]
2023-11-22 09:52:04.196 [info] > git status -z -uall [2ms]
2023-11-22 09:52:09.213 [info] > git config --get commit.template [5ms]
2023-11-22 09:52:09.214 [info] > git for-each-ref --format=%(refname)%00%(upstream:short)%00%(objectname)%00%(upstream:track)%00%(upstream:remotename)%00%(upstream:remoteref) refs/heads/master refs/remotes/master [1ms]
2023-11-22 09:52:09.219 [info] > git status -z -uall [1ms]
2023-11-22 09:52:32.732 [info] > git config --get commit.template [5ms]
2023-11-22 09:52:32.733 [info] > git for-each-ref --format=%(refname)%00%(upstream:short)%00%(objectname)%00%(upstream:track)%00%(upstream:remotename)%00%(upstream:remoteref) refs/heads/master refs/remotes/master [1ms]
2023-11-22 09:52:32.740 [info] > git status -z -uall [2ms]
2023-11-22 09:52:37.757 [info] > git config --get commit.template [5ms]
2023-11-22 09:52:37.758 [info] > git for-each-ref --format=%(refname)%00%(upstream:short)%00%(objectname)%00%(upstream:track)%00%(upstream:remotename)%00%(upstream:remoteref) refs/heads/master refs/remotes/master [1ms]
2023-11-22 09:52:37.763 [info] > git status -z -uall [2ms]
2023-11-22 09:53:11.483 [info] > git config --get commit.template [2ms]
2023-11-22 09:53:11.489 [info] > git for-each-ref --format=%(refname)%00%(upstream:short)%00%(objectname)%00%(upstream:track)%00%(upstream:remotename)%00%(upstream:remoteref) refs/heads/master refs/remotes/master [1ms]
2023-11-22 09:53:11.496 [info] > git status -z -uall [3ms]
2023-11-22 09:53:16.507 [info] > git config --get commit.template [1ms]
2023-11-22 09:53:16.514 [info] > git for-each-ref --format=%(refname)%00%(upstream:short)%00%(objectname)%00%(upstream:track)%00%(upstream:remotename)%00%(upstream:remoteref) refs/heads/master refs/remotes/master [1ms]
2023-11-22 09:53:16.521 [info] > git status -z -uall [1ms]
2023-11-22 09:53:29.972 [info] > git config --get commit.template [6ms]
2023-11-22 09:53:29.973 [info] > git for-each-ref --format=%(refname)%00%(upstream:short)%00%(objectname)%00%(upstream:track)%00%(upstream:remotename)%00%(upstream:remoteref) refs/heads/master refs/remotes/master [1ms]
2023-11-22 09:53:29.978 [info] > git status -z -uall [1ms]
2023-11-22 09:53:38.663 [info] > git config --get commit.template [11ms]
2023-11-22 09:53:38.664 [info] > git for-each-ref --format=%(refname)%00%(upstream:short)%00%(objectname)%00%(upstream:track)%00%(upstream:remotename)%00%(upstream:remoteref) refs/heads/master refs/remotes/master [2ms]
2023-11-22 09:53:38.673 [info] > git status -z -uall [2ms]
2023-11-22 09:54:10.729 [info] > git config --get commit.template [6ms]
2023-11-22 09:54:10.730 [info] > git for-each-ref --format=%(refname)%00%(upstream:short)%00%(objectname)%00%(upstream:track)%00%(upstream:remotename)%00%(upstream:remoteref) refs/heads/master refs/remotes/master [1ms]
2023-11-22 09:54:10.736 [info] > git status -z -uall [2ms]
2023-11-22 09:54:15.751 [info] > git config --get commit.template [6ms]
2023-11-22 09:54:15.752 [info] > git for-each-ref --format=%(refname)%00%(upstream:short)%00%(objectname)%00%(upstream:track)%00%(upstream:remotename)%00%(upstream:remoteref) refs/heads/master refs/remotes/master [2ms]
2023-11-22 09:54:15.759 [info] > git status -z -uall [2ms]
2023-11-22 09:54:42.986 [info] > git config --get commit.template [7ms]
2023-11-22 09:54:42.986 [info] > git for-each-ref --format=%(refname)%00%(upstream:short)%00%(objectname)%00%(upstream:track)%00%(upstream:remotename)%00%(upstream:remoteref) refs/heads/master refs/remotes/master [1ms]
2023-11-22 09:54:42.994 [info] > git status -z -uall [2ms]
2023-11-22 09:54:48.011 [info] > git config --get commit.template [5ms]
2023-11-22 09:54:48.012 [info] > git for-each-ref --format=%(refname)%00%(upstream:short)%00%(objectname)%00%(upstream:track)%00%(upstream:remotename)%00%(upstream:remoteref) refs/heads/master refs/remotes/master [1ms]
2023-11-22 09:54:48.017 [info] > git status -z -uall [1ms]
2023-11-22 09:55:11.750 [info] > git config --get commit.template [1ms]
2023-11-22 09:55:11.756 [info] > git for-each-ref --format=%(refname)%00%(upstream:short)%00%(objectname)%00%(upstream:track)%00%(upstream:remotename)%00%(upstream:remoteref) refs/heads/master refs/remotes/master [1ms]
2023-11-22 09:55:11.762 [info] > git status -z -uall [1ms]
2023-11-22 09:55:16.782 [info] > git config --get commit.template [5ms]
2023-11-22 09:55:16.782 [info] > git for-each-ref --format=%(refname)%00%(upstream:short)%00%(objectname)%00%(upstream:track)%00%(upstream:remotename)%00%(upstream:remoteref) refs/heads/master refs/remotes/master [1ms]
2023-11-22 09:55:16.788 [info] > git status -z -uall [2ms]
2023-11-22 09:55:31.828 [info] > git config --get commit.template [5ms]
2023-11-22 09:55:31.829 [info] > git for-each-ref --format=%(refname)%00%(upstream:short)%00%(objectname)%00%(upstream:track)%00%(upstream:remotename)%00%(upstream:remoteref) refs/heads/master refs/remotes/master [1ms]
2023-11-22 09:55:31.835 [info] > git status -z -uall [2ms]
2023-11-22 09:55:36.852 [info] > git config --get commit.template [5ms]
2023-11-22 09:55:36.853 [info] > git for-each-ref --format=%(refname)%00%(upstream:short)%00%(objectname)%00%(upstream:track)%00%(upstream:remotename)%00%(upstream:remoteref) refs/heads/master refs/remotes/master [1ms]
2023-11-22 09:55:36.859 [info] > git status -z -uall [2ms]
2023-11-22 09:55:54.517 [info] > git config --get commit.template [5ms]
2023-11-22 09:55:54.517 [info] > git for-each-ref --format=%(refname)%00%(upstream:short)%00%(objectname)%00%(upstream:track)%00%(upstream:remotename)%00%(upstream:remoteref) refs/heads/master refs/remotes/master [1ms]
2023-11-22 09:55:54.523 [info] > git status -z -uall [2ms]
2023-11-22 09:55:59.539 [info] > git config --get commit.template [6ms]
2023-11-22 09:55:59.539 [info] > git for-each-ref --format=%(refname)%00%(upstream:short)%00%(objectname)%00%(upstream:track)%00%(upstream:remotename)%00%(upstream:remoteref) refs/heads/master refs/remotes/master [1ms]
2023-11-22 09:55:59.546 [info] > git status -z -uall [2ms]
2023-11-22 09:56:06.502 [info] > git config --get commit.template [9ms]
2023-11-22 09:56:06.503 [info] > git for-each-ref --format=%(refname)%00%(upstream:short)%00%(objectname)%00%(upstream:track)%00%(upstream:remotename)%00%(upstream:remoteref) refs/heads/master refs/remotes/master [2ms]
2023-11-22 09:56:06.514 [info] > git status -z -uall [3ms]
2023-11-22 09:56:11.524 [info] > git config --get commit.template [1ms]
2023-11-22 09:56:11.530 [info] > git for-each-ref --format=%(refname)%00%(upstream:short)%00%(objectname)%00%(upstream:track)%00%(upstream:remotename)%00%(upstream:remoteref) refs/heads/master refs/remotes/master [1ms]
2023-11-22 09:56:11.535 [info] > git status -z -uall [2ms]
2023-11-22 09:56:42.439 [info] > git config --get commit.template [5ms]
2023-11-22 09:56:42.439 [info] > git for-each-ref --format=%(refname)%00%(upstream:short)%00%(objectname)%00%(upstream:track)%00%(upstream:remotename)%00%(upstream:remoteref) refs/heads/master refs/remotes/master [1ms]
2023-11-22 09:56:42.445 [info] > git status -z -uall [2ms]
2023-11-22 09:56:47.473 [info] > git config --get commit.template [8ms]
2023-11-22 09:56:47.474 [info] > git for-each-ref --format=%(refname)%00%(upstream:short)%00%(objectname)%00%(upstream:track)%00%(upstream:remotename)%00%(upstream:remoteref) refs/heads/master refs/remotes/master [1ms]
2023-11-22 09:56:47.482 [info] > git status -z -uall [2ms]
2023-11-22 09:58:02.247 [info] > git for-each-ref --format=%(refname)%00%(upstream:short)%00%(objectname)%00%(upstream:track)%00%(upstream:remotename)%00%(upstream:remoteref) refs/heads/master refs/remotes/master [1ms]
2023-11-22 09:58:02.247 [info] > git config --get commit.template [8ms]
2023-11-22 09:58:02.253 [info] > git status -z -uall [2ms]
2023-11-22 09:58:07.269 [info] > git config --get commit.template [5ms]
2023-11-22 09:58:07.269 [info] > git for-each-ref --format=%(refname)%00%(upstream:short)%00%(objectname)%00%(upstream:track)%00%(upstream:remotename)%00%(upstream:remoteref) refs/heads/master refs/remotes/master [1ms]
2023-11-22 09:58:07.276 [info] > git status -z -uall [1ms]
2023-11-22 09:58:36.099 [info] > git config --get commit.template [6ms]
2023-11-22 09:58:36.100 [info] > git for-each-ref --format=%(refname)%00%(upstream:short)%00%(objectname)%00%(upstream:track)%00%(upstream:remotename)%00%(upstream:remoteref) refs/heads/master refs/remotes/master [2ms]
2023-11-22 09:58:36.106 [info] > git status -z -uall [2ms]
2023-11-22 09:58:41.137 [info] > git config --get commit.template [9ms]
2023-11-22 09:58:41.137 [info] > git for-each-ref --format=%(refname)%00%(upstream:short)%00%(objectname)%00%(upstream:track)%00%(upstream:remotename)%00%(upstream:remoteref) refs/heads/master refs/remotes/master [1ms]
2023-11-22 09:58:41.145 [info] > git status -z -uall [2ms]
2023-11-22 09:58:51.399 [info] > git config --get commit.template [5ms]
2023-11-22 09:58:51.400 [info] > git for-each-ref --format=%(refname)%00%(upstream:short)%00%(objectname)%00%(upstream:track)%00%(upstream:remotename)%00%(upstream:remoteref) refs/heads/master refs/remotes/master [1ms]
2023-11-22 09:58:51.405 [info] > git status -z -uall [1ms]
2023-11-22 09:59:00.765 [info] > git config --get commit.template [6ms]
2023-11-22 09:59:00.766 [info] > git for-each-ref --format=%(refname)%00%(upstream:short)%00%(objectname)%00%(upstream:track)%00%(upstream:remotename)%00%(upstream:remoteref) refs/heads/master refs/remotes/master [1ms]
2023-11-22 09:59:00.772 [info] > git status -z -uall [2ms]
2023-11-22 09:59:40.585 [info] > git config --get commit.template [5ms]
2023-11-22 09:59:40.586 [info] > git for-each-ref --format=%(refname)%00%(upstream:short)%00%(objectname)%00%(upstream:track)%00%(upstream:remotename)%00%(upstream:remoteref) refs/heads/master refs/remotes/master [1ms]
2023-11-22 09:59:40.591 [info] > git status -z -uall [1ms]
2023-11-22 09:59:45.607 [info] > git config --get commit.template [4ms]
2023-11-22 09:59:45.607 [info] > git for-each-ref --format=%(refname)%00%(upstream:short)%00%(objectname)%00%(upstream:track)%00%(upstream:remotename)%00%(upstream:remoteref) refs/heads/master refs/remotes/master [1ms]
2023-11-22 09:59:45.613 [info] > git status -z -uall [1ms]
2023-11-22 10:00:05.695 [info] > git config --get commit.template [1ms]
2023-11-22 10:00:05.700 [info] > git for-each-ref --format=%(refname)%00%(upstream:short)%00%(objectname)%00%(upstream:track)%00%(upstream:remotename)%00%(upstream:remoteref) refs/heads/master refs/remotes/master [1ms]
2023-11-22 10:00:05.707 [info] > git status -z -uall [2ms]
2023-11-22 10:00:10.725 [info] > git config --get commit.template [5ms]
2023-11-22 10:00:10.725 [info] > git for-each-ref --format=%(refname)%00%(upstream:short)%00%(objectname)%00%(upstream:track)%00%(upstream:remotename)%00%(upstream:remoteref) refs/heads/master refs/remotes/master [1ms]
2023-11-22 10:00:10.731 [info] > git status -z -uall [2ms]
2023-11-22 10:00:53.840 [info] > git config --get commit.template [6ms]
2023-11-22 10:00:53.840 [info] > git for-each-ref --format=%(refname)%00%(upstream:short)%00%(objectname)%00%(upstream:track)%00%(upstream:remotename)%00%(upstream:remoteref) refs/heads/master refs/remotes/master [1ms]
2023-11-22 10:00:53.848 [info] > git status -z -uall [2ms]
2023-11-22 10:00:58.866 [info] > git config --get commit.template [6ms]
2023-11-22 10:00:58.866 [info] > git for-each-ref --format=%(refname)%00%(upstream:short)%00%(objectname)%00%(upstream:track)%00%(upstream:remotename)%00%(upstream:remoteref) refs/heads/master refs/remotes/master [1ms]
2023-11-22 10:00:58.873 [info] > git status -z -uall [2ms]
2023-11-22 10:01:27.598 [info] > git config --get commit.template [5ms]
2023-11-22 10:01:27.598 [info] > git for-each-ref --format=%(refname)%00%(upstream:short)%00%(objectname)%00%(upstream:track)%00%(upstream:remotename)%00%(upstream:remoteref) refs/heads/master refs/remotes/master [1ms]
2023-11-22 10:01:27.605 [info] > git status -z -uall [2ms]
2023-11-22 10:01:53.643 [info] > git config --get commit.template [4ms]
2023-11-22 10:01:53.643 [info] > git for-each-ref --format=%(refname)%00%(upstream:short)%00%(objectname)%00%(upstream:track)%00%(upstream:remotename)%00%(upstream:remoteref) refs/heads/master refs/remotes/master [1ms]
2023-11-22 10:01:53.649 [info] > git status -z -uall [1ms]
2023-11-22 10:02:11.717 [info] > git config --get commit.template [5ms]
2023-11-22 10:02:11.718 [info] > git for-each-ref --format=%(refname)%00%(upstream:short)%00%(objectname)%00%(upstream:track)%00%(upstream:remotename)%00%(upstream:remoteref) refs/heads/master refs/remotes/master [1ms]
2023-11-22 10:02:11.723 [info] > git status -z -uall [1ms]
